#
# A fatal error has been detected by the Java Runtime Environment:
#
#  EXCEPTION_ACCESS_VIOLATION (0xc0000005) at pc=0x00007ffba76e7cca, pid=13856, tid=6016
#
# JRE version: OpenJDK Runtime Environment Temurin-18.0.1+10 (18.0.1+10) (build 18.0.1+10)
# Java VM: OpenJDK 64-Bit Server VM Temurin-18.0.1+10 (18.0.1+10, mixed mode, tiered, compressed oops, compressed class ptrs, g1 gc, windows-amd64)
# Problematic frame:
# V  [jvm.dll+0x7b7cca]
#
# No core dump will be written. Minidumps are not enabled by default on client versions of Windows
#
# If you would like to submit a bug report, please visit:
#   https://github.com/adoptium/adoptium-support/issues
#

---------------  S U M M A R Y ------------

Command Line: -XX:+ShowCodeDetailsInExceptionMessages -agentlib:jdwp=transport=dt_socket,suspend=y,address=localhost:49785 -javaagent:C:\Users\33663\eclipse\java-2022-03\eclipse\configuration\org.eclipse.osgi\225\0\.cp\lib\javaagent-shaded.jar -Dfile.encoding=UTF-8 simulateur.Simulateur -s

Host: Intel(R) Core(TM) i5-1035G1 CPU @ 1.00GHz, 8 cores, 7G,  Windows 10 , 64 bit Build 19041 (10.0.19041.1889)
Time: Thu Sep 15 14:59:19 2022 Paris, Madrid (heure duild 19041 (10.0.19041.1889) elapsed time: 34.204139 seconds (0d 0h 0m 34s)

---------------  T H R E A D  ---------------

Current thread (0x0000019fb57ea1c0):  JavaThread "JDWP Transport Listener: dt_socket" daemon [_thread_in_vm, id=6016, stack(0x0000002998e00000,0x0000002998f00000)]

Stack: [0x0000002998e00000,0x0000002998f00000],  sp=0x0000002998eff430,  free space=1021k
Native frames: (J=compiled Java code, j=interpreted, Vv=VM code, C=native code)
V  [jvm.dll+0x7b7cca]
V  [jvm.dll+0x52ee8c]
V  [jvm.dll+0x4fc88b]
C  [jdwp.dll+0x22fe7]


siginfo: EXCEPTION_ACCESS_VIOLATION (0xc0000005), reading address 0x0000000000280005


Register to memory mapping:

RIP=0x00007ffba76e7cca jvm.dll
RAX=0x0000000000000027 is an unknown value
RBX=0x0000019fb55a3fbe points into unknown readable memory: 49 6e
RCX=0x0000000000280001 is an unknown value
RDX=0x0000019fb1351830 points into unknown readable memory: 0x75657474656d654c | 4c 65 6d 65 74 74 65 75
RSP=0x0000002998eff430 is pointing into the stack for thread: 0x0000019fb57ea1c0
RBP=0x0000019fb57c0430 points into unknown readable memory: 0x0000019f00000002 | 02 00 00 00 9f 01 00 00
RSI=0x0 is NULL
RDI=0xffffffffffffffff is an unknown value
R8 =0x0000000000000005 is an unknown value
R9 =0x0000000000000013 is an unknown value
R10=0x0 is NULL
R11=0x0000002998eff450 is pointing into the stack for thread: 0x0000019fb57ea1c0
R12=0x0000002998eff588 is pointing into the stack for thread: 0x0000019fb57ea1c0
R13=0x0 is NULL
R14=0x00000001000c8698 is a pointer to class: 
emetteur.EmetteurAnalogique {0x00000001000c86a0}
 - instance size:     5
 - klass size:        79
 - access:            public synchronized 
 - state:             fully_initialized
 - name:              'emetteur/EmetteurAnalogique'
 - super:             'transmetteurs/Transmetteur'
 - sub:               
 - arrays:            NULL
 - methods:           Array<T>(0x0000019fb200c710)
 - method ordering:   Array<T>(0x0000019fb200c930)
 - default_methods:   Array<T>(0x0000000000000000)
 - local interfaces:  Array<T>(0x0000019fb1400058)
 - trans. interfaces: Array<T>(0x0000019fb1d40ff0)
 - constants:         constant pool [122] {0x0000019fb200cfa0} for 'emetteur/EmetteurAnalogique' cache=0x0000019fb200d400
 - class loader data:  loader data: 0x0000019fb130e4c0 for instance a 'jdk/internal/loader/ClassLoaders$AppClassLoader'{0x000000008bb6a560}
 - source file:       'EmetteurAnalogique.java'
 - source debug extension:       SMAP
EmetteurAnalogique.java
Java
*S jdt
*F
1 EmetteurAnalogique.java
2 file:/C:/Users/33663/git/SIT213_Project/SIT213_Project/bin/
*L
*E

 - class annotations:       Array<T>(0x0000000000000000)
 - class type annotations:  Array<T>(0x0000000000000000)
 - field annotations:       Array<T>(0x0000000000000000)
 - field type annotations:  Array<T>(0x0000000000000000)
 - generic signature: '
[error occurred during error reporting (printing register info), id 0xc0000005, EXCEPTION_ACCESS_VIOLATION (0xc0000005) at pc=0x00007ffba76e88d6]

Registers:
RAX=0x0000000000000027, RBX=0x0000019fb55a3fbe, RCX=0x0000000000280001, RDX=0x0000019fb1351830
RSP=0x0000002998eff430, RBP=0x0000019fb57c0430, RSI=0x0000000000000000, RDI=0xffffffffffffffff
R8 =0x0000000000000005, R9 =0x0000000000000013, R10=0x0000000000000000, R11=0x0000002998eff450
R12=0x0000002998eff588, R13=0x0000000000000000, R14=0x00000001000c8698, R15=0x0000002998eff5d8
RIP=0x00007ffba76e7cca, EFLAGS=0x0000000000010206

Top of Stack: (sp=0x0000002998eff430)
0x0000002998eff430:   000000000000001b 00000001000c8698
0x0000002998eff440:   0000019fb57ea1c0 0000000000000000
0x0000002998eff450:   ffffffffffffffff 00007ffba745ee8c
0x0000002998eff460:   0000019fb55a3fbe 0000019fb57c0430
0x0000002998eff470:   0000000000000000 0000019fb57ea450
0x0000002998eff480:   0000019fb55a3f70 00000000000003d8
0x0000002998eff490:   0000019fb55a3f80 0000019fb55a4358
0x0000002998eff4a0:   0000000000000002 0000002998eff588
0x0000002998eff4b0:   0000000000000000 0000000000000000
0x0000002998eff4c0:   000000008b467308 00007ffba742c88b
0x0000002998eff4d0:   0000019fb57ea1c0 0000002998eff5d8
0x0000002998eff4e0:   0000019f9540b1e0 0000002998eff5d8
0x0000002998eff4f0:   0000019fb57ea1c0 0000000000000000
0x0000002998eff500:   0000019f00000000 0000000000000000
0x0000002998eff510:   000000000000000d 00007ffc0c3a2fe7
0x0000002998eff520:   0000002998eff5d0 00007ffc0c3b1640 

Instructions: (pc=0x00007ffba76e7cca)
0x00007ffba76e7bca:   48 8b f8 48 85 db 74 08 48 8b cb e8 b6 66 eb ff
0x00007ffba76e7bda:   48 8b 5c 24 30 48 8b c7 48 83 c4 20 5f c3 8d 42
0x00007ffba76e7bea:   06 83 ff 02 b9 08 00 00 00 0f 4e c1 45 33 c0 48
0x00007ffba76e7bfa:   63 c8 48 83 c1 07 83 e1 f8 48 63 c9 41 8d 50 0b
0x00007ffba76e7c0a:   48 83 c4 20 5f e9 3c ce 8f ff cc cc cc cc cc cc
0x00007ffba76e7c1a:   cc cc cc cc cc cc 83 fa 02 8d 42 06 b9 08 00 00
0x00007ffba76e7c2a:   00 4d 8b c8 0f 4e c1 48 63 c8 49 8b 40 18 48 83
0x00007ffba76e7c3a:   c1 07 83 e1 f8 48 63 d1 49 8b 48 20 48 2b c8 48
0x00007ffba76e7c4a:   3b ca 72 09 48 8d 0c 10 49 89 48 18 c3 45 33 c0
0x00007ffba76e7c5a:   49 8b c9 e9 1e 2c 90 ff cc cc cc cc cc cc cc cc
0x00007ffba76e7c6a:   cc cc cc cc cc cc 4c 8b d2 4c 8b d9 45 85 c0 7e
0x00007ffba76e7c7a:   3c 44 0f b7 49 04 41 8d 40 ff 41 3b c1 44 0f 4c
0x00007ffba76e7c8a:   c8 4d 63 c1 45 85 c9 7e 1f 48 8b c2 4c 2b da 49
0x00007ffba76e7c9a:   8b d0 0f 1f 40 00 41 0f b6 4c 03 06 88 08 48 8d
0x00007ffba76e7caa:   40 01 48 83 ea 01 75 ee 43 c6 04 10 00 49 8b c2
0x00007ffba76e7cba:   c3 cc cc cc cc cc 48 89 5c 24 08 57 48 83 ec 20
0x00007ffba76e7cca:   0f b7 59 04 48 8b f9 33 d2 48 8d 4b 01 e8 e4 9e
0x00007ffba76e7cda:   f3 ff 0f b7 57 04 4c 8b c0 3b da 0f 42 d3 44 8b
0x00007ffba76e7cea:   ca 85 d2 74 39 48 2b f8 0f 1f 40 00 66 66 0f 1f
0x00007ffba76e7cfa:   84 00 00 00 00 00 0f b6 4c 07 06 88 08 48 ff c0
0x00007ffba76e7d0a:   48 8b c8 49 2b c8 49 3b c9 7c eb 42 c6 04 02 00
0x00007ffba76e7d1a:   49 8b c0 48 8b 5c 24 30 48 83 c4 20 5f c3 48 8b
0x00007ffba76e7d2a:   5c 24 30 c6 04 02 00 48 83 c4 20 5f c3 cc cc cc
0x00007ffba76e7d3a:   cc cc cc cc cc cc 4c 8b d1 45 85 c0 7e 6c 44 0f
0x00007ffba76e7d4a:   b7 49 04 41 8d 40 ff 41 3b c1 44 0f 4c c8 4d 63
0x00007ffba76e7d5a:   d9 45 85 c9 7e 22 48 8b ca 4c 2b d2 4d 8b c3 0f
0x00007ffba76e7d6a:   1f 80 00 00 00 00 41 0f b6 44 0a 06 88 01 48 8d
0x00007ffba76e7d7a:   49 01 49 83 e8 01 75 ee 41 c6 04 13 00 48 c7 c0
0x00007ffba76e7d8a:   ff ff ff ff 66 90 48 ff c0 80 3c 02 00 75 f7 48
0x00007ffba76e7d9a:   63 c8 85 c0 48 8b c2 7e 14 80 38 2f 75 03 c6 00
0x00007ffba76e7daa:   2e 48 ff c0 48 83 e9 01 75 ef 48 8b c2 c3 cc cc
0x00007ffba76e7dba:   cc cc cc cc cc cc 48 83 ec 28 e8 f7 fe ff ff 4c 


Stack slot to memory mapping:
stack at sp + 0 slots: 0x000000000000001b is an unknown value
stack at sp + 1 slots: 0x00000001000c8698 is a pointer to class: 
emetteur.EmetteurAnalogique {0x00000001000c86a0}
 - instance size:     5
 - klass size:        79
 - access:            public synchronized 
 - state:             fully_initialized
 - name:              'emetteur/EmetteurAnalogique'
 - super:             'transmetteurs/Transmetteur'
 - sub:               
 - arrays:            NULL
 - methods:           Array<T>(0x0000019fb200c710)
 - method ordering:   Array<T>(0x0000019fb200c930)
 - default_methods:   Array<T>(0x0000000000000000)
 - local interfaces:  Array<T>(0x0000019fb1400058)
 - trans. interfaces: Array<T>(0x0000019fb1d40ff0)
 - constants:         constant pool [122] {0x0000019fb200cfa0} for 'emetteur/EmetteurAnalogique' cache=0x0000019fb200d400
 - class loader data:  loader data: 0x0000019fb130e4c0 for instance a 'jdk/internal/loader/ClassLoaders$AppClassLoader'{0x000000008bb6a560}
 - source file:       'EmetteurAnalogique.java'
 - source debug extension:       SMAP
EmetteurAnalogique.java
Java
*S jdt
*F
1 EmetteurAnalogique.java
2 file:/C:/Users/33663/git/SIT213_Project/SIT213_Project/bin/
*L
*E

 - class annotations:       Array<T>(0x0000000000000000)
 - class type annotations:  Array<T>(0x0000000000000000)
 - field annotations:       Array<T>(0x0000000000000000)
 - field type annotations:  Array<T>(0x0000000000000000)
 - generic signature: '
[error occurred during error reporting (inspecting top of stack), id 0xc0000005, EXCEPTION_ACCESS_VIOLATION (0xc0000005) at pc=0x00007ffba76e88d6]


---------------  P R O C E S S  ---------------

Threads class SMR info:
_java_thread_list=0x0000019fb6216e50, length=19, elements={
0x0000019f9752a310, 0x0000019fb1328290, 0x0000019fb1329560, 0x0000019fb1355330,
0x0000019fb1355be0, 0x0000019fb1356c30, 0x0000019fb13574e0, 0x0000019fb1358ad0,
0x0000019fb5552320, 0x0000019fb5554c20, 0x0000019fb128fce0, 0x0000019fb57ea1c0,
0x0000019fb58ac8f0, 0x0000019fb58aede0, 0x0000019fb5ebaef0, 0x0000019fb5f7a860,
0x0000019fb5f7ad20, 0x0000019fb5ff8170, 0x0000019fb604fb60
}

Java Threads: ( => current thread )
  0x0000019f9752a310 JavaThread "main" [_thread_blocked, id=9692, stack(0x0000002997d00000,0x0000002997e00000)]
  0x0000019fb1328290 JavaThread "Reference Handler" daemon [_thread_blocked, id=15580, stack(0x0000002998400000,0x0000002998500000)]
  0x0000019fb1329560 JavaThread "Finalizer" daemon [_thread_blocked, id=8744, stack(0x0000002998500000,0x0000002998600000)]
  0x0000019fb1355330 JavaThread "Signal Dispatcher" daemon [_thread_blocked, id=17700, stack(0x0000002998600000,0x0000002998700000)]
  0x0000019fb1355be0 JavaThread "Attach Listener" daemon [_thread_blocked, id=2084, stack(0x0000002998700000,0x0000002998800000)]
  0x0000019fb1356c30 JavaThread "Service Thread" daemon [_thread_blocked, id=12508, stack(0x0000002998800000,0x0000002998900000)]
  0x0000019fb13574e0 JavaThread "Monitor Deflation Thread" daemon [_thread_blocked, id=13280, stack(0x0000002998900000,0x0000002998a00000)]
  0x0000019fb1358ad0 JavaThread "C2 CompilerThread0" daemon [_thread_blocked, id=18564, stack(0x0000002998a00000,0x0000002998b00000)]
  0x0000019fb5552320 JavaThread "C1 CompilerThread0" daemon [_thread_blocked, id=5152, stack(0x0000002998b00000,0x0000002998c00000)]
  0x0000019fb5554c20 JavaThread "Sweeper thread" daemon [_thread_blocked, id=18988, stack(0x0000002998c00000,0x0000002998d00000)]
  0x0000019fb128fce0 JavaThread "Common-Cleaner" daemon [_thread_blocked, id=15656, stack(0x0000002998d00000,0x0000002998e00000)]
=>0x0000019fb57ea1c0 JavaThread "JDWP Transport Listener: dt_socket" daemon [_thread_in_vm, id=6016, stack(0x0000002998e00000,0x0000002998f00000)]
  0x0000019fb58ac8f0 JavaThread "JDWP Event Helper Thread" daemon [_thread_blocked, id=17640, stack(0x0000002998f00000,0x0000002999000000)]
  0x0000019fb58aede0 JavaThread "JDWP Command Reader" daemon [_thread_in_native, id=13420, stack(0x0000002999000000,0x0000002999100000)]
  0x0000019fb5ebaef0 JavaThread "Notification Thread" daemon [_thread_blocked, id=15776, stack(0x0000002999100000,0x0000002999200000)]
  0x0000019fb5f7a860 JavaThread "Java2D Disposer" daemon [_thread_blocked, id=9796, stack(0x0000002999300000,0x0000002999400000)]
  0x0000019fb5f7ad20 JavaThread "AWT-Shutdown" [_thread_blocked, id=9368, stack(0x0000002999400000,0x0000002999500000)]
  0x0000019fb5ff8170 JavaThread "AWT-Windows" daemon [_thread_in_native, id=12976, stack(0x0000002999500000,0x0000002999600000)]
  0x0000019fb604fb60 JavaThread "AWT-EventQueue-0" [_thread_blocked, id=14008, stack(0x0000002999600000,0x0000002999700000)]

Other Threads:
  0x0000019fb1316950 VMThread "VM Thread" [stack: 0x0000002998300000,0x0000002998400000] [id=9544]
  0x0000019f9752b2b0 WatcherThread "VM Periodic Task Thread" [stack: 0x0000002999200000,0x0000002999300000] [id=4876]
  0x0000019f97587190 WorkerThread "GC Thread#0" [stack: 0x0000002997e00000,0x0000002997f00000] [id=19172]
  0x0000019f975991b0 ConcurrentGCThread "G1 Main Marker" [stack: 0x0000002997f00000,0x0000002998000000] [id=10200]
  0x0000019f9759a340 WorkerThread "G1 Conc#0" [stack: 0x0000002998000000,0x0000002998100000] [id=13264]
  0x0000019f975ea810 ConcurrentGCThread "G1 Refine#0" [stack: 0x0000002998100000,0x0000002998200000] [id=12516]
  0x0000019f975eb030 ConcurrentGCThread "G1 Service" [stack: 0x0000002998200000,0x0000002998300000] [id=19268]

Threads with active compile tasks:

VM state: not at safepoint (normal execution)

VM Mutex/Monitor currently owned by a thread: None

Heap address: 0x0000000084000000, size: 1984 MB, Compressed Oops mode: 32-bit

CDS archive(s) not mapped
Compressed class space mapped at: 0x0000000100000000-0x0000000140000000, reserved size: 1073741824
Narrow klass base: 0x0000000000000000, Narrow klass shift: 3, Narrow klass range: 0x140000000

GC Precious Log:
 CardTable entry size: 512
 Card Set container configuration: InlinePtr #cards 5 size 8 Array Of Cards #cards 12 size 40 Howl #buckets 4 coarsen threshold 1843 Howl Bitmap #cards 512 size 80 coarsen threshold 460 Card regions per heap region 1 cards per card region 2048
 CPUs: 8 total, 8 available
 Memory: 7934M
 Large Page Support: Disabled
 NUMA Support: Disabled
 Compressed Oops: Enabled (32-bit)
 Heap Region Size: 1M
 Heap Min Capacity: 8M
 Heap Initial Capacity: 124M
 Heap Max Capacity: 1984M
 Pre-touch: Disabled
 Parallel Workers: 8
 Concurrent Workers: 2
 Concurrent Refinement Workers: 8
 Periodic GC: Disabled

Heap:
 garbage-first heap   total 126976K, used 15360K [0x0000000084000000, 0x0000000100000000)
  region size 1024K, 17 young (17408K), 0 survivors (0K)
 Metaspace       used 16091K, committed 16256K, reserved 1114112K
  class space    used 1491K, committed 1600K, reserved 1048576K

Heap Regions: E=young(eden), S=young(survivor), O=old, HS=humongous(starts), HC=humongous(continues), CS=collection set, F=free, OA=open archive, CA=closed archive, TAMS=top-at-mark-start (previous, next)
|   0|0x0000000084000000, 0x0000000084000000, 0x0000000084100000|  0%| F|  |TAMS 0x0000000084000000, 0x0000000084000000| Untracked 
|   1|0x0000000084100000, 0x0000000084100000, 0x0000000084200000|  0%| F|  |TAMS 0x0000000084100000, 0x0000000084100000| Untracked 
|   2|0x0000000084200000, 0x0000000084200000, 0x0000000084300000|  0%| F|  |TAMS 0x0000000084200000, 0x0000000084200000| Untracked 
|   3|0x0000000084300000, 0x0000000084300000, 0x0000000084400000|  0%| F|  |TAMS 0x0000000084300000, 0x0000000084300000| Untracked 
|   4|0x0000000084400000, 0x0000000084400000, 0x0000000084500000|  0%| F|  |TAMS 0x0000000084400000, 0x0000000084400000| Untracked 
|   5|0x0000000084500000, 0x0000000084500000, 0x0000000084600000|  0%| F|  |TAMS 0x0000000084500000, 0x0000000084500000| Untracked 
|   6|0x0000000084600000, 0x0000000084600000, 0x0000000084700000|  0%| F|  |TAMS 0x0000000084600000, 0x0000000084600000| Untracked 
|   7|0x0000000084700000, 0x0000000084700000, 0x0000000084800000|  0%| F|  |TAMS 0x0000000084700000, 0x0000000084700000| Untracked 
|   8|0x0000000084800000, 0x0000000084800000, 0x0000000084900000|  0%| F|  |TAMS 0x0000000084800000, 0x0000000084800000| Untracked 
|   9|0x0000000084900000, 0x0000000084900000, 0x0000000084a00000|  0%| F|  |TAMS 0x0000000084900000, 0x0000000084900000| Untracked 
|  10|0x0000000084a00000, 0x0000000084a00000, 0x0000000084b00000|  0%| F|  |TAMS 0x0000000084a00000, 0x0000000084a00000| Untracked 
|  11|0x0000000084b00000, 0x0000000084b00000, 0x0000000084c00000|  0%| F|  |TAMS 0x0000000084b00000, 0x0000000084b00000| Untracked 
|  12|0x0000000084c00000, 0x0000000084c00000, 0x0000000084d00000|  0%| F|  |TAMS 0x0000000084c00000, 0x0000000084c00000| Untracked 
|  13|0x0000000084d00000, 0x0000000084d00000, 0x0000000084e00000|  0%| F|  |TAMS 0x0000000084d00000, 0x0000000084d00000| Untracked 
|  14|0x0000000084e00000, 0x0000000084e00000, 0x0000000084f00000|  0%| F|  |TAMS 0x0000000084e00000, 0x0000000084e00000| Untracked 
|  15|0x0000000084f00000, 0x0000000084f00000, 0x0000000085000000|  0%| F|  |TAMS 0x0000000084f00000, 0x0000000084f00000| Untracked 
|  16|0x0000000085000000, 0x0000000085000000, 0x0000000085100000|  0%| F|  |TAMS 0x0000000085000000, 0x0000000085000000| Untracked 
|  17|0x0000000085100000, 0x0000000085100000, 0x0000000085200000|  0%| F|  |TAMS 0x0000000085100000, 0x0000000085100000| Untracked 
|  18|0x0000000085200000, 0x0000000085200000, 0x0000000085300000|  0%| F|  |TAMS 0x0000000085200000, 0x0000000085200000| Untracked 
|  19|0x0000000085300000, 0x0000000085300000, 0x0000000085400000|  0%| F|  |TAMS 0x0000000085300000, 0x0000000085300000| Untracked 
|  20|0x0000000085400000, 0x0000000085400000, 0x0000000085500000|  0%| F|  |TAMS 0x0000000085400000, 0x0000000085400000| Untracked 
|  21|0x0000000085500000, 0x0000000085500000, 0x0000000085600000|  0%| F|  |TAMS 0x0000000085500000, 0x0000000085500000| Untracked 
|  22|0x0000000085600000, 0x0000000085600000, 0x0000000085700000|  0%| F|  |TAMS 0x0000000085600000, 0x0000000085600000| Untracked 
|  23|0x0000000085700000, 0x0000000085700000, 0x0000000085800000|  0%| F|  |TAMS 0x0000000085700000, 0x0000000085700000| Untracked 
|  24|0x0000000085800000, 0x0000000085800000, 0x0000000085900000|  0%| F|  |TAMS 0x0000000085800000, 0x0000000085800000| Untracked 
|  25|0x0000000085900000, 0x0000000085900000, 0x0000000085a00000|  0%| F|  |TAMS 0x0000000085900000, 0x0000000085900000| Untracked 
|  26|0x0000000085a00000, 0x0000000085a00000, 0x0000000085b00000|  0%| F|  |TAMS 0x0000000085a00000, 0x0000000085a00000| Untracked 
|  27|0x0000000085b00000, 0x0000000085b00000, 0x0000000085c00000|  0%| F|  |TAMS 0x0000000085b00000, 0x0000000085b00000| Untracked 
|  28|0x0000000085c00000, 0x0000000085c00000, 0x0000000085d00000|  0%| F|  |TAMS 0x0000000085c00000, 0x0000000085c00000| Untracked 
|  29|0x0000000085d00000, 0x0000000085d00000, 0x0000000085e00000|  0%| F|  |TAMS 0x0000000085d00000, 0x0000000085d00000| Untracked 
|  30|0x0000000085e00000, 0x0000000085e00000, 0x0000000085f00000|  0%| F|  |TAMS 0x0000000085e00000, 0x0000000085e00000| Untracked 
|  31|0x0000000085f00000, 0x0000000085f00000, 0x0000000086000000|  0%| F|  |TAMS 0x0000000085f00000, 0x0000000085f00000| Untracked 
|  32|0x0000000086000000, 0x0000000086000000, 0x0000000086100000|  0%| F|  |TAMS 0x0000000086000000, 0x0000000086000000| Untracked 
|  33|0x0000000086100000, 0x0000000086100000, 0x0000000086200000|  0%| F|  |TAMS 0x0000000086100000, 0x0000000086100000| Untracked 
|  34|0x0000000086200000, 0x0000000086200000, 0x0000000086300000|  0%| F|  |TAMS 0x0000000086200000, 0x0000000086200000| Untracked 
|  35|0x0000000086300000, 0x0000000086300000, 0x0000000086400000|  0%| F|  |TAMS 0x0000000086300000, 0x0000000086300000| Untracked 
|  36|0x0000000086400000, 0x0000000086400000, 0x0000000086500000|  0%| F|  |TAMS 0x0000000086400000, 0x0000000086400000| Untracked 
|  37|0x0000000086500000, 0x0000000086500000, 0x0000000086600000|  0%| F|  |TAMS 0x0000000086500000, 0x0000000086500000| Untracked 
|  38|0x0000000086600000, 0x0000000086600000, 0x0000000086700000|  0%| F|  |TAMS 0x0000000086600000, 0x0000000086600000| Untracked 
|  39|0x0000000086700000, 0x0000000086700000, 0x0000000086800000|  0%| F|  |TAMS 0x0000000086700000, 0x0000000086700000| Untracked 
|  40|0x0000000086800000, 0x0000000086800000, 0x0000000086900000|  0%| F|  |TAMS 0x0000000086800000, 0x0000000086800000| Untracked 
|  41|0x0000000086900000, 0x0000000086900000, 0x0000000086a00000|  0%| F|  |TAMS 0x0000000086900000, 0x0000000086900000| Untracked 
|  42|0x0000000086a00000, 0x0000000086a00000, 0x0000000086b00000|  0%| F|  |TAMS 0x0000000086a00000, 0x0000000086a00000| Untracked 
|  43|0x0000000086b00000, 0x0000000086b00000, 0x0000000086c00000|  0%| F|  |TAMS 0x0000000086b00000, 0x0000000086b00000| Untracked 
|  44|0x0000000086c00000, 0x0000000086c00000, 0x0000000086d00000|  0%| F|  |TAMS 0x0000000086c00000, 0x0000000086c00000| Untracked 
|  45|0x0000000086d00000, 0x0000000086d00000, 0x0000000086e00000|  0%| F|  |TAMS 0x0000000086d00000, 0x0000000086d00000| Untracked 
|  46|0x0000000086e00000, 0x0000000086e00000, 0x0000000086f00000|  0%| F|  |TAMS 0x0000000086e00000, 0x0000000086e00000| Untracked 
|  47|0x0000000086f00000, 0x0000000086f00000, 0x0000000087000000|  0%| F|  |TAMS 0x0000000086f00000, 0x0000000086f00000| Untracked 
|  48|0x0000000087000000, 0x0000000087000000, 0x0000000087100000|  0%| F|  |TAMS 0x0000000087000000, 0x0000000087000000| Untracked 
|  49|0x0000000087100000, 0x0000000087100000, 0x0000000087200000|  0%| F|  |TAMS 0x0000000087100000, 0x0000000087100000| Untracked 
|  50|0x0000000087200000, 0x0000000087200000, 0x0000000087300000|  0%| F|  |TAMS 0x0000000087200000, 0x0000000087200000| Untracked 
|  51|0x0000000087300000, 0x0000000087300000, 0x0000000087400000|  0%| F|  |TAMS 0x0000000087300000, 0x0000000087300000| Untracked 
|  52|0x0000000087400000, 0x0000000087400000, 0x0000000087500000|  0%| F|  |TAMS 0x0000000087400000, 0x0000000087400000| Untracked 
|  53|0x0000000087500000, 0x0000000087500000, 0x0000000087600000|  0%| F|  |TAMS 0x0000000087500000, 0x0000000087500000| Untracked 
|  54|0x0000000087600000, 0x0000000087600000, 0x0000000087700000|  0%| F|  |TAMS 0x0000000087600000, 0x0000000087600000| Untracked 
|  55|0x0000000087700000, 0x0000000087700000, 0x0000000087800000|  0%| F|  |TAMS 0x0000000087700000, 0x0000000087700000| Untracked 
|  56|0x0000000087800000, 0x0000000087800000, 0x0000000087900000|  0%| F|  |TAMS 0x0000000087800000, 0x0000000087800000| Untracked 
|  57|0x0000000087900000, 0x0000000087900000, 0x0000000087a00000|  0%| F|  |TAMS 0x0000000087900000, 0x0000000087900000| Untracked 
|  58|0x0000000087a00000, 0x0000000087a00000, 0x0000000087b00000|  0%| F|  |TAMS 0x0000000087a00000, 0x0000000087a00000| Untracked 
|  59|0x0000000087b00000, 0x0000000087b00000, 0x0000000087c00000|  0%| F|  |TAMS 0x0000000087b00000, 0x0000000087b00000| Untracked 
|  60|0x0000000087c00000, 0x0000000087c00000, 0x0000000087d00000|  0%| F|  |TAMS 0x0000000087c00000, 0x0000000087c00000| Untracked 
|  61|0x0000000087d00000, 0x0000000087d00000, 0x0000000087e00000|  0%| F|  |TAMS 0x0000000087d00000, 0x0000000087d00000| Untracked 
|  62|0x0000000087e00000, 0x0000000087e00000, 0x0000000087f00000|  0%| F|  |TAMS 0x0000000087e00000, 0x0000000087e00000| Untracked 
|  63|0x0000000087f00000, 0x0000000087f00000, 0x0000000088000000|  0%| F|  |TAMS 0x0000000087f00000, 0x0000000087f00000| Untracked 
|  64|0x0000000088000000, 0x0000000088000000, 0x0000000088100000|  0%| F|  |TAMS 0x0000000088000000, 0x0000000088000000| Untracked 
|  65|0x0000000088100000, 0x0000000088100000, 0x0000000088200000|  0%| F|  |TAMS 0x0000000088100000, 0x0000000088100000| Untracked 
|  66|0x0000000088200000, 0x0000000088200000, 0x0000000088300000|  0%| F|  |TAMS 0x0000000088200000, 0x0000000088200000| Untracked 
|  67|0x0000000088300000, 0x0000000088300000, 0x0000000088400000|  0%| F|  |TAMS 0x0000000088300000, 0x0000000088300000| Untracked 
|  68|0x0000000088400000, 0x0000000088400000, 0x0000000088500000|  0%| F|  |TAMS 0x0000000088400000, 0x0000000088400000| Untracked 
|  69|0x0000000088500000, 0x0000000088500000, 0x0000000088600000|  0%| F|  |TAMS 0x0000000088500000, 0x0000000088500000| Untracked 
|  70|0x0000000088600000, 0x0000000088600000, 0x0000000088700000|  0%| F|  |TAMS 0x0000000088600000, 0x0000000088600000| Untracked 
|  71|0x0000000088700000, 0x0000000088700000, 0x0000000088800000|  0%| F|  |TAMS 0x0000000088700000, 0x0000000088700000| Untracked 
|  72|0x0000000088800000, 0x0000000088800000, 0x0000000088900000|  0%| F|  |TAMS 0x0000000088800000, 0x0000000088800000| Untracked 
|  73|0x0000000088900000, 0x0000000088900000, 0x0000000088a00000|  0%| F|  |TAMS 0x0000000088900000, 0x0000000088900000| Untracked 
|  74|0x0000000088a00000, 0x0000000088a00000, 0x0000000088b00000|  0%| F|  |TAMS 0x0000000088a00000, 0x0000000088a00000| Untracked 
|  75|0x0000000088b00000, 0x0000000088b00000, 0x0000000088c00000|  0%| F|  |TAMS 0x0000000088b00000, 0x0000000088b00000| Untracked 
|  76|0x0000000088c00000, 0x0000000088c00000, 0x0000000088d00000|  0%| F|  |TAMS 0x0000000088c00000, 0x0000000088c00000| Untracked 
|  77|0x0000000088d00000, 0x0000000088d00000, 0x0000000088e00000|  0%| F|  |TAMS 0x0000000088d00000, 0x0000000088d00000| Untracked 
|  78|0x0000000088e00000, 0x0000000088e00000, 0x0000000088f00000|  0%| F|  |TAMS 0x0000000088e00000, 0x0000000088e00000| Untracked 
|  79|0x0000000088f00000, 0x0000000088f00000, 0x0000000089000000|  0%| F|  |TAMS 0x0000000088f00000, 0x0000000088f00000| Untracked 
|  80|0x0000000089000000, 0x0000000089000000, 0x0000000089100000|  0%| F|  |TAMS 0x0000000089000000, 0x0000000089000000| Untracked 
|  81|0x0000000089100000, 0x0000000089100000, 0x0000000089200000|  0%| F|  |TAMS 0x0000000089100000, 0x0000000089100000| Untracked 
|  82|0x0000000089200000, 0x0000000089200000, 0x0000000089300000|  0%| F|  |TAMS 0x0000000089200000, 0x0000000089200000| Untracked 
|  83|0x0000000089300000, 0x0000000089300000, 0x0000000089400000|  0%| F|  |TAMS 0x0000000089300000, 0x0000000089300000| Untracked 
|  84|0x0000000089400000, 0x0000000089400000, 0x0000000089500000|  0%| F|  |TAMS 0x0000000089400000, 0x0000000089400000| Untracked 
|  85|0x0000000089500000, 0x0000000089500000, 0x0000000089600000|  0%| F|  |TAMS 0x0000000089500000, 0x0000000089500000| Untracked 
|  86|0x0000000089600000, 0x0000000089600000, 0x0000000089700000|  0%| F|  |TAMS 0x0000000089600000, 0x0000000089600000| Untracked 
|  87|0x0000000089700000, 0x0000000089700000, 0x0000000089800000|  0%| F|  |TAMS 0x0000000089700000, 0x0000000089700000| Untracked 
|  88|0x0000000089800000, 0x0000000089800000, 0x0000000089900000|  0%| F|  |TAMS 0x0000000089800000, 0x0000000089800000| Untracked 
|  89|0x0000000089900000, 0x0000000089900000, 0x0000000089a00000|  0%| F|  |TAMS 0x0000000089900000, 0x0000000089900000| Untracked 
|  90|0x0000000089a00000, 0x0000000089a00000, 0x0000000089b00000|  0%| F|  |TAMS 0x0000000089a00000, 0x0000000089a00000| Untracked 
|  91|0x0000000089b00000, 0x0000000089b00000, 0x0000000089c00000|  0%| F|  |TAMS 0x0000000089b00000, 0x0000000089b00000| Untracked 
|  92|0x0000000089c00000, 0x0000000089c00000, 0x0000000089d00000|  0%| F|  |TAMS 0x0000000089c00000, 0x0000000089c00000| Untracked 
|  93|0x0000000089d00000, 0x0000000089d00000, 0x0000000089e00000|  0%| F|  |TAMS 0x0000000089d00000, 0x0000000089d00000| Untracked 
|  94|0x0000000089e00000, 0x0000000089e00000, 0x0000000089f00000|  0%| F|  |TAMS 0x0000000089e00000, 0x0000000089e00000| Untracked 
|  95|0x0000000089f00000, 0x0000000089f00000, 0x000000008a000000|  0%| F|  |TAMS 0x0000000089f00000, 0x0000000089f00000| Untracked 
|  96|0x000000008a000000, 0x000000008a000000, 0x000000008a100000|  0%| F|  |TAMS 0x000000008a000000, 0x000000008a000000| Untracked 
|  97|0x000000008a100000, 0x000000008a100000, 0x000000008a200000|  0%| F|  |TAMS 0x000000008a100000, 0x000000008a100000| Untracked 
|  98|0x000000008a200000, 0x000000008a200000, 0x000000008a300000|  0%| F|  |TAMS 0x000000008a200000, 0x000000008a200000| Untracked 
|  99|0x000000008a300000, 0x000000008a300000, 0x000000008a400000|  0%| F|  |TAMS 0x000000008a300000, 0x000000008a300000| Untracked 
| 100|0x000000008a400000, 0x000000008a400000, 0x000000008a500000|  0%| F|  |TAMS 0x000000008a400000, 0x000000008a400000| Untracked 
| 101|0x000000008a500000, 0x000000008a500000, 0x000000008a600000|  0%| F|  |TAMS 0x000000008a500000, 0x000000008a500000| Untracked 
| 102|0x000000008a600000, 0x000000008a600000, 0x000000008a700000|  0%| F|  |TAMS 0x000000008a600000, 0x000000008a600000| Untracked 
| 103|0x000000008a700000, 0x000000008a700000, 0x000000008a800000|  0%| F|  |TAMS 0x000000008a700000, 0x000000008a700000| Untracked 
| 104|0x000000008a800000, 0x000000008a800000, 0x000000008a900000|  0%| F|  |TAMS 0x000000008a800000, 0x000000008a800000| Untracked 
| 105|0x000000008a900000, 0x000000008a900000, 0x000000008aa00000|  0%| F|  |TAMS 0x000000008a900000, 0x000000008a900000| Untracked 
| 106|0x000000008aa00000, 0x000000008aa00000, 0x000000008ab00000|  0%| F|  |TAMS 0x000000008aa00000, 0x000000008aa00000| Untracked 
| 107|0x000000008ab00000, 0x000000008abec1f0, 0x000000008ac00000| 92%| E|  |TAMS 0x000000008ab00000, 0x000000008ab00000| Complete 
| 108|0x000000008ac00000, 0x000000008ad00000, 0x000000008ad00000|100%| E|CS|TAMS 0x000000008ac00000, 0x000000008ac00000| Complete 
| 109|0x000000008ad00000, 0x000000008ae00000, 0x000000008ae00000|100%| E|CS|TAMS 0x000000008ad00000, 0x000000008ad00000| Complete 
| 110|0x000000008ae00000, 0x000000008af00000, 0x000000008af00000|100%| E|  |TAMS 0x000000008ae00000, 0x000000008ae00000| Complete 
| 111|0x000000008af00000, 0x000000008b000000, 0x000000008b000000|100%| E|CS|TAMS 0x000000008af00000, 0x000000008af00000| Complete 
| 112|0x000000008b000000, 0x000000008b100000, 0x000000008b100000|100%| E|CS|TAMS 0x000000008b000000, 0x000000008b000000| Complete 
| 113|0x000000008b100000, 0x000000008b200000, 0x000000008b200000|100%| E|CS|TAMS 0x000000008b100000, 0x000000008b100000| Complete 
| 114|0x000000008b200000, 0x000000008b300000, 0x000000008b300000|100%| E|CS|TAMS 0x000000008b200000, 0x000000008b200000| Complete 
| 115|0x000000008b300000, 0x000000008b400000, 0x000000008b400000|100%| E|CS|TAMS 0x000000008b300000, 0x000000008b300000| Complete 
| 116|0x000000008b400000, 0x000000008b500000, 0x000000008b500000|100%| E|CS|TAMS 0x000000008b400000, 0x000000008b400000| Complete 
| 117|0x000000008b500000, 0x000000008b600000, 0x000000008b600000|100%| E|CS|TAMS 0x000000008b500000, 0x000000008b500000| Complete 
| 118|0x000000008b600000, 0x000000008b700000, 0x000000008b700000|100%| E|CS|TAMS 0x000000008b600000, 0x000000008b600000| Complete 
| 119|0x000000008b700000, 0x000000008b800000, 0x000000008b800000|100%| E|CS|TAMS 0x000000008b700000, 0x000000008b700000| Complete 
| 120|0x000000008b800000, 0x000000008b900000, 0x000000008b900000|100%| E|CS|TAMS 0x000000008b800000, 0x000000008b800000| Complete 
| 121|0x000000008b900000, 0x000000008ba00000, 0x000000008ba00000|100%| E|CS|TAMS 0x000000008b900000, 0x000000008b900000| Complete 
| 122|0x000000008ba00000, 0x000000008bb00000, 0x000000008bb00000|100%| E|CS|TAMS 0x000000008ba00000, 0x000000008ba00000| Complete 
| 123|0x000000008bb00000, 0x000000008bc00000, 0x000000008bc00000|100%| E|CS|TAMS 0x000000008bb00000, 0x000000008bb00000| Complete 

Card table byte_map: [0x0000019faa310000,0x0000019faa6f0000] _byte_map_base: 0x0000019fa9ef0000

Marking Bits (Prev, Next): (CMBitMap*) 0x0000019f975887a0, (CMBitMap*) 0x0000019f975887e0
 Prev Bits: [0x0000019faaad0000, 0x0000019fac9d0000)
 Next Bits: [0x0000019fac9d0000, 0x0000019fae8d0000)

Polling page: 0x0000019f954a0000

Metaspace:

Usage:
  Non-class:     14.26 MB used.
      Class:      1.46 MB used.
       Both:     15.71 MB used.

Virtual space:
  Non-class space:       64.00 MB reserved,      14.31 MB ( 22%) committed,  1 nodes.
      Class space:        1.00 GB reserved,       1.56 MB ( <1%) committed,  1 nodes.
             Both:        1.06 GB reserved,      15.88 MB (  1%) committed. 

Chunk freelists:
   Non-Class:  1.00 MB
       Class:  2.25 MB
        Both:  3.25 MB

MaxMetaspaceSize: unlimited
CompressedClassSpaceSize: 1.00 GB
Initial GC threshold: 21.00 MB
Current GC threshold: 21.00 MB
CDS: off
MetaspaceReclaimPolicy: balanced
 - commit_granule_bytes: 65536.
 - commit_granule_words: 8192.
 - virtual_space_node_default_size: 8388608.
 - enlarge_chunks_in_place: 1.
 - new_chunks_are_fully_committed: 0.
 - uncommit_free_chunks: 1.
 - use_allocation_guard: 0.


Internal statistics:

num_allocs_failed_limit: 0.
num_arena_births: 136.
num_arena_deaths: 0.
num_vsnodes_births: 2.
num_vsnodes_deaths: 0.
num_space_committed: 254.
num_space_uncommitted: 0.
num_chunks_returned_to_freelist: 0.
num_chunks_taken_from_freelist: 219.
num_chunk_merges: 0.
num_chunk_splits: 122.
num_chunks_enlarged: 67.
num_inconsistent_stats: 0.

CodeHeap 'non-profiled nmethods': size=120000Kb used=382Kb max_used=382Kb free=119617Kb
 bounds [0x0000019fa26d0000, 0x0000019fa2940000, 0x0000019fa9c00000]
CodeHeap 'profiled nmethods': size=120000Kb used=1935Kb max_used=1935Kb free=118064Kb
 bounds [0x0000019f9b1a0000, 0x0000019f9b410000, 0x0000019fa26d0000]
CodeHeap 'non-nmethods': size=5760Kb used=1350Kb max_used=1378Kb free=4409Kb
 bounds [0x0000019f9ac00000, 0x0000019f9ae70000, 0x0000019f9b1a0000]
 total_blobs=1782 nmethods=1200 adapters=495
 compilation: enabled
              stopped_count=0, restarted_count=0
 full_count=0

Compilation events (20 events):
Event: 1.421 Thread 0x0000019fb71c0080 nmethod 1191 0x0000019fa272d690 code [0x0000019fa272d800, 0x0000019fa272d8f8]
Event: 1.422 Thread 0x0000019fb1358ad0 nmethod 1187 0x0000019fa272d990 code [0x0000019fa272db20, 0x0000019fa272e138]
Event: 1.428 Thread 0x0000019fb1358ad0 1192   !   4       sun.java2d.windows.GDIRenderer::doFillSpans (99 bytes)
Event: 1.430 Thread 0x0000019fb5552320 1193       1       java.util.LinkedList::size (5 bytes)
Event: 1.430 Thread 0x0000019fb5552320 nmethod 1193 0x0000019fa272e410 code [0x0000019fa272e5a0, 0x0000019fa272e678]
Event: 1.430 Thread 0x0000019fb5552320 1194       1       java.beans.PropertyChangeEvent::getNewValue (5 bytes)
Event: 1.430 Thread 0x0000019fb5552320 nmethod 1194 0x0000019fa272e710 code [0x0000019fa272e8a0, 0x0000019fa272e978]
Event: 1.431 Thread 0x0000019fb5552320 1195       1       java.beans.PropertyChangeEvent::getOldValue (5 bytes)
Event: 1.431 Thread 0x0000019fb5552320 nmethod 1195 0x0000019fa272ea10 code [0x0000019fa272eba0, 0x0000019fa272ec78]
Event: 1.431 Thread 0x0000019fb5552320 1196       1       java.util.concurrent.locks.AbstractQueuedSynchronizer::getState (5 bytes)
Event: 1.431 Thread 0x0000019fb5552320 nmethod 1196 0x0000019fa272ed10 code [0x0000019fa272eea0, 0x0000019fa272ef78]
Event: 1.431 Thread 0x0000019fb5552320 1197       3       java.lang.Class::reflectionData (43 bytes)
Event: 1.431 Thread 0x0000019fb5552320 nmethod 1197 0x0000019f9b382610 code [0x0000019f9b3827e0, 0x0000019f9b382bd8]
Event: 1.431 Thread 0x0000019fb5552320 1198       3       sun.awt.SunToolkit::isInstanceOf (71 bytes)
Event: 1.432 Thread 0x0000019fb5552320 nmethod 1198 0x0000019f9b382d10 code [0x0000019f9b382f60, 0x0000019f9b3835e8]
Event: 1.432 Thread 0x0000019fb5552320 1199       1       java.util.concurrent.locks.AbstractQueuedSynchronizer::setState (6 bytes)
Event: 1.432 Thread 0x0000019fb1358ad0 nmethod 1192 0x0000019fa272f010 code [0x0000019fa272f1c0, 0x0000019fa272f4c8]
Event: 1.432 Thread 0x0000019fb5552320 nmethod 1199 0x0000019fa272f790 code [0x0000019fa272f920, 0x0000019fa272f9f8]
Event: 1.432 Thread 0x0000019fb5552320 1200       3       sun.util.locale.LocaleUtils::isEmpty (19 bytes)
Event: 1.432 Thread 0x0000019fb5552320 nmethod 1200 0x0000019f9b383890 code [0x0000019f9b383a40, 0x0000019f9b383c88]

GC Heap History (0 events):
No events

Deoptimization events (20 events):
Event: 0.922 Thread 0x0000019f9752a310 Uncommon trap: trap_request=0xffffffc6 fr.pc=0x0000019fa270951c relative=0x0000000000000f3c
Event: 0.922 Thread 0x0000019f9752a310 Uncommon trap: reason=bimorphic_or_optimized_type_check action=maybe_recompile pc=0x0000019fa270951c method=java.util.HashMap.putVal(ILjava/lang/Object;Ljava/lang/Object;ZZ)Ljava/lang/Object; @ 56 c2
Event: 0.922 Thread 0x0000019f9752a310 DEOPT PACKING pc=0x0000019fa270951c sp=0x0000002997dfeb10
Event: 0.922 Thread 0x0000019f9752a310 DEOPT UNPACKING pc=0x0000019f9ac55c23 sp=0x0000002997dfea90 mode 2
Event: 0.922 Thread 0x0000019f9752a310 Uncommon trap: trap_request=0xffffffc6 fr.pc=0x0000019fa270951c relative=0x0000000000000f3c
Event: 0.922 Thread 0x0000019f9752a310 Uncommon trap: reason=bimorphic_or_optimized_type_check action=maybe_recompile pc=0x0000019fa270951c method=java.util.HashMap.putVal(ILjava/lang/Object;Ljava/lang/Object;ZZ)Ljava/lang/Object; @ 56 c2
Event: 0.922 Thread 0x0000019f9752a310 DEOPT PACKING pc=0x0000019fa270951c sp=0x0000002997dfeb10
Event: 0.922 Thread 0x0000019f9752a310 DEOPT UNPACKING pc=0x0000019f9ac55c23 sp=0x0000002997dfea90 mode 2
Event: 0.936 Thread 0x0000019f9752a310 Uncommon trap: trap_request=0xffffff45 fr.pc=0x0000019fa270bcc4 relative=0x0000000000000384
Event: 0.936 Thread 0x0000019f9752a310 Uncommon trap: reason=unstable_if action=reinterpret pc=0x0000019fa270bcc4 method=java.util.HashMap.hash(Ljava/lang/Object;)I @ 1 c2
Event: 0.936 Thread 0x0000019f9752a310 DEOPT PACKING pc=0x0000019fa270bcc4 sp=0x0000002997dfed50
Event: 0.936 Thread 0x0000019f9752a310 DEOPT UNPACKING pc=0x0000019f9ac55c23 sp=0x0000002997dfec78 mode 2
Event: 0.991 Thread 0x0000019f9752a310 Uncommon trap: trap_request=0xffffff45 fr.pc=0x0000019fa26e06e0 relative=0x0000000000000060
Event: 0.991 Thread 0x0000019f9752a310 Uncommon trap: reason=unstable_if action=reinterpret pc=0x0000019fa26e06e0 method=java.lang.String.isLatin1()Z @ 10 c2
Event: 0.991 Thread 0x0000019f9752a310 DEOPT PACKING pc=0x0000019fa26e06e0 sp=0x0000002997dfdc60
Event: 0.991 Thread 0x0000019f9752a310 DEOPT UNPACKING pc=0x0000019f9ac55c23 sp=0x0000002997dfdc00 mode 2
Event: 1.078 Thread 0x0000019f9752a310 Uncommon trap: trap_request=0xffffff45 fr.pc=0x0000019fa2714a40 relative=0x0000000000000fa0
Event: 1.078 Thread 0x0000019f9752a310 Uncommon trap: reason=unstable_if action=reinterpret pc=0x0000019fa2714a40 method=java.util.HashMap.hash(Ljava/lang/Object;)I @ 1 c2
Event: 1.078 Thread 0x0000019f9752a310 DEOPT PACKING pc=0x0000019fa2714a40 sp=0x0000002997dfeb70
Event: 1.078 Thread 0x0000019f9752a310 DEOPT UNPACKING pc=0x0000019f9ac55c23 sp=0x0000002997dfeb30 mode 2

Classes loaded (20 events):
Event: 1.224 Loading class sun/awt/im/CompositionAreaHandler
Event: 1.224 Loading class java/awt/event/InputMethodListener
Event: 1.224 Loading class java/awt/event/InputMethodListener done
Event: 1.224 Loading class sun/awt/im/CompositionAreaHandler done
Event: 1.225 Loading class java/text/AttributedString
Event: 1.225 Loading class java/text/AttributedString done
Event: 1.225 Loading class java/text/AttributedString$AttributedStringIterator
Event: 1.225 Loading class java/text/AttributedCharacterIterator
Event: 1.225 Loading class java/text/CharacterIterator
Event: 1.225 Loading class java/text/CharacterIterator done
Event: 1.225 Loading class java/text/AttributedCharacterIterator done
Event: 1.225 Loading class java/text/AttributedString$AttributedStringIterator done
Event: 1.225 Loading class java/awt/TextComponent
Event: 1.226 Loading class java/awt/TextComponent done
Event: 1.226 Loading class javax/swing/text/JTextComponent
Event: 1.226 Loading class javax/swing/Scrollable
Event: 1.226 Loading class javax/swing/Scrollable done
Event: 1.226 Loading class javax/swing/text/JTextComponent done
Event: 1.434 Loading class java/awt/event/MouseWheelEvent
Event: 1.434 Loading class java/awt/event/MouseWheelEvent done

Classes unloaded (0 events):
No events

Classes redefined (1 events):
Event: 34.125 Thread 0x0000019fb1316950 redefined class name=emetteur.EmetteurAnalogique, count=1

Internal exceptions (16 events):
Event: 0.588 Thread 0x0000019f9752a310 Exception <a 'java/lang/NoSuchMethodError'{0x000000008b54c670}: 'void java.lang.invoke.DirectMethodHandle$Holder.invokeStatic(java.lang.Object, java.lang.Object, java.lang.Object)'> (0x000000008b54c670) 
thrown [s\src\hotspot\share\interpreter\linkResolver.cpp, line 766]
Event: 0.593 Thread 0x0000019f9752a310 Exception <a 'java/lang/NoSuchMethodError'{0x000000008b560370}: 'java.lang.Object java.lang.invoke.Invokers$Holder.invokeExact_MT(java.lang.Object, java.lang.Object, java.lang.Object, java.lang.Object, java.lang.Object)'> (0x000000008b560370) 
thrown [s\src\hotspot\share\interpreter\linkResolver.cpp, line 766]
Event: 0.692 Thread 0x0000019f9752a310 Exception <a 'java/lang/ClassNotFoundException'{0x000000008b31b468}: sun/awt/resources/spi/awtProvider> (0x000000008b31b468) 
thrown [s\src\hotspot\share\classfile\systemDictionary.cpp, line 255]
Event: 0.717 Thread 0x0000019f9752a310 Exception <a 'java/io/FileNotFoundException'{0x000000008b36fc88}> (0x000000008b36fc88) 
thrown [s\src\hotspot\share\prims\jni.cpp, line 516]
Event: 0.725 Thread 0x0000019f9752a310 Exception <a 'java/io/FileNotFoundException'{0x000000008b39ee00}> (0x000000008b39ee00) 
thrown [s\src\hotspot\share\prims\jni.cpp, line 516]
Event: 0.803 Thread 0x0000019f9752a310 Exception <a 'java/lang/NoSuchMethodError'{0x000000008b2cac10}: 'java.lang.Object java.lang.invoke.DirectMethodHandle$Holder.invokeStaticInit(java.lang.Object)'> (0x000000008b2cac10) 
thrown [s\src\hotspot\share\interpreter\linkResolver.cpp, line 766]
Event: 0.860 Thread 0x0000019f9752a310 Exception <a 'java/lang/NoSuchMethodError'{0x000000008b00c8f8}: 'void java.lang.invoke.DirectMethodHandle$Holder.invokeSpecial(java.lang.Object, java.lang.Object, java.lang.Object)'> (0x000000008b00c8f8) 
thrown [s\src\hotspot\share\interpreter\linkResolver.cpp, line 766]
Event: 0.873 Thread 0x0000019f9752a310 Exception <a 'java/lang/NoSuchMethodError'{0x000000008b05e478}: 'java.lang.Object java.lang.invoke.DirectMethodHandle$Holder.newInvokeSpecial(java.lang.Object, java.lang.Object, java.lang.Object, java.lang.Object, java.lang.Object)'> (0x000000008b05e478) 
thrown [s\src\hotspot\share\interpreter\linkResolver.cpp, line 766]
Event: 0.883 Thread 0x0000019f9752a310 Exception <a 'java/lang/NoSuchMethodError'{0x000000008b0905e0}: 'java.lang.Object java.lang.invoke.DirectMethodHandle$Holder.invokeStatic(java.lang.Object, int, java.lang.Object)'> (0x000000008b0905e0) 
thrown [s\src\hotspot\share\interpreter\linkResolver.cpp, line 766]
Event: 0.921 Thread 0x0000019f9752a310 Exception <a 'java/lang/ClassNotFoundException'{0x000000008af5b870}: com/sun/swing/internal/plaf/metal/resources/spi/metalProvider> (0x000000008af5b870) 
thrown [s\src\hotspot\share\classfile\systemDictionary.cpp, line 255]
Event: 0.923 Thread 0x0000019f9752a310 Exception <a 'java/lang/ClassNotFoundException'{0x000000008af63c50}: com/sun/swing/internal/plaf/basic/resources/spi/basicProvider> (0x000000008af63c50) 
thrown [s\src\hotspot\share\classfile\systemDictionary.cpp, line 255]
Event: 0.935 Thread 0x0000019f9752a310 Exception <a 'java/lang/NoSuchMethodError'{0x000000008afa56f0}: 'int java.lang.invoke.Invokers$Holder.invokeExact_MT(java.lang.Object, java.lang.Object)'> (0x000000008afa56f0) 
thrown [s\src\hotspot\share\interpreter\linkResolver.cpp, line 766]
Event: 0.936 Thread 0x0000019f9752a310 Implicit null exception at 0x0000019fa270b992 to 0x0000019fa270bc9c
Event: 0.950 Thread 0x0000019fb5ff8170 Exception <a 'java/lang/NoSuchMethodError'{0x000000008b1185d8}: 'void java.lang.invoke.DirectMethodHandle$Holder.invokeVirtual(java.lang.Object, java.lang.Object)'> (0x000000008b1185d8) 
thrown [s\src\hotspot\share\interpreter\linkResolver.cpp, line 766]
Event: 0.970 Thread 0x0000019f9752a310 Exception <a 'java/lang/NoSuchMethodError'{0x000000008ae30170}: 'void java.lang.invoke.DirectMethodHandle$Holder.invokeStaticInit(java.lang.Object)'> (0x000000008ae30170) 
thrown [s\src\hotspot\share\interpreter\linkResolver.cpp, line 766]
Event: 1.078 Thread 0x0000019f9752a310 Implicit null exception at 0x0000019fa2713ae1 to 0x0000019fa2714a24

VM Operations (20 events):
Event: 25.366 Executing VM operation: ChangeSingleStep
Event: 25.366 Executing VM operation: ChangeSingleStep done
Event: 25.367 Executing VM operation: get/set locals
Event: 25.367 Executing VM operation: get/set locals done
Event: 25.372 Executing VM operation: ChangeSingleStep
Event: 25.372 Executing VM operation: ChangeSingleStep done
Event: 25.419 Executing VM operation: get/set locals
Event: 25.419 Executing VM operation: get/set locals done
Event: 34.119 Executing VM operation: ChangeSingleStep
Event: 34.119 Executing VM operation: ChangeSingleStep done
Event: 34.119 Executing VM operation: ChangeSingleStep
Event: 34.119 Executing VM operation: ChangeSingleStep done
Event: 34.124 Executing VM operation: RedefineClasses
Event: 34.129 Executing VM operation: RedefineClasses done
Event: 34.130 Executing VM operation: ChangeSingleStep
Event: 34.130 Executing VM operation: ChangeSingleStep done
Event: 34.131 Executing VM operation: get/set locals
Event: 34.131 Executing VM operation: get/set locals done
Event: 34.132 Executing VM operation: ChangeSingleStep
Event: 34.132 Executing VM operation: ChangeSingleStep done

Events (20 events):
Event: 0.194 Thread 0x0000019fb57ea1c0 Thread added: 0x0000019fb57ea1c0
Event: 0.194 Thread 0x0000019fb58ac8f0 Thread added: 0x0000019fb58ac8f0
Event: 0.194 Thread 0x0000019fb58aede0 Thread added: 0x0000019fb58aede0
Event: 0.301 Loaded shared library C:\Users\33663\.p2\pool\plugins\org.eclipse.justj.openjdk.hotspot.jre.full.win32.x86_64_18.0.1.v20220515-1614\jre\bin\zip.dll
Event: 0.305 Loaded shared library C:\Users\33663\.p2\pool\plugins\org.eclipse.justj.openjdk.hotspot.jre.full.win32.x86_64_18.0.1.v20220515-1614\jre\bin\instrument.dll
Event: 0.317 Loaded shared library C:\Users\33663\.p2\pool\plugins\org.eclipse.justj.openjdk.hotspot.jre.full.win32.x86_64_18.0.1.v20220515-1614\jre\bin\net.dll
Event: 0.318 Loaded shared library C:\Users\33663\.p2\pool\plugins\org.eclipse.justj.openjdk.hotspot.jre.full.win32.x86_64_18.0.1.v20220515-1614\jre\bin\nio.dll
Event: 0.327 Loaded shared library C:\Users\33663\.p2\pool\plugins\org.eclipse.justj.openjdk.hotspot.jre.full.win32.x86_64_18.0.1.v20220515-1614\jre\bin\zip.dll
Event: 0.464 Loaded shared library C:\Users\33663\.p2\pool\plugins\org.eclipse.justj.openjdk.hotspot.jre.full.win32.x86_64_18.0.1.v20220515-1614\jre\bin\jimage.dll
Event: 0.599 Thread 0x0000019fb5ebaef0 Thread added: 0x0000019fb5ebaef0
Event: 0.607 Loaded shared library C:\Users\33663\.p2\pool\plugins\org.eclipse.justj.openjdk.hotspot.jre.full.win32.x86_64_18.0.1.v20220515-1614\jre\bin\verify.dll
Event: 0.699 Loaded shared library C:\Users\33663\.p2\pool\plugins\org.eclipse.justj.openjdk.hotspot.jre.full.win32.x86_64_18.0.1.v20220515-1614\jre\bin\awt.dll
Event: 0.804 Thread 0x0000019fb5f7a860 Thread added: 0x0000019fb5f7a860
Event: 0.806 Thread 0x0000019fb5f7ad20 Thread added: 0x0000019fb5f7ad20
Event: 0.807 Thread 0x0000019fb5ff8170 Thread added: 0x0000019fb5ff8170
Event: 0.949 Thread 0x0000019fb604fb60 Thread added: 0x0000019fb604fb60
Event: 0.976 Loaded shared library C:\Users\33663\.p2\pool\plugins\org.eclipse.justj.openjdk.hotspot.jre.full.win32.x86_64_18.0.1.v20220515-1614\jre\bin\freetype.dll
Event: 0.977 Loaded shared library C:\Users\33663\.p2\pool\plugins\org.eclipse.justj.openjdk.hotspot.jre.full.win32.x86_64_18.0.1.v20220515-1614\jre\bin\fontmanager.dll
Event: 1.390 Thread 0x0000019fb71c0080 Thread added: 0x0000019fb71c0080
Event: 6.436 Thread 0x0000019fb71c0080 Thread exited: 0x0000019fb71c0080


Dynamic libraries:
0x00007ff7a3760000 - 0x00007ff7a376e000 	C:\Users\33663\.p2\pool\plugins\org.eclipse.justj.openjdk.hotspot.jre.full.win32.x86_64_18.0.1.v20220515-1614\jre\bin\javaw.exe
0x00007ffc144d0000 - 0x00007ffc146c8000 	C:\Windows\SYSTEM32\ntdll.dll
0x00007ffc0bb60000 - 0x00007ffc0bb77000 	C:\Program Files\Avast Software\Avast\aswhook.dll
0x00007ffc12970000 - 0x00007ffc12a2d000 	C:\Windows\System32\KERNEL32.DLL
0x00007ffc12100000 - 0x00007ffc123ce000 	C:\Windows\System32\KERNELBASE.dll
0x00007ffc11c20000 - 0x00007ffc11d20000 	C:\Windows\System32\ucrtbase.dll
0x00007ffc0d390000 - 0x00007ffc0d3a7000 	C:\Users\33663\.p2\pool\plugins\org.eclipse.justj.openjdk.hotspot.jre.full.win32.x86_64_18.0.1.v20220515-1614\jre\bin\jli.dll
0x00007ffc13b10000 - 0x00007ffc13cb0000 	C:\Windows\System32\USER32.dll
0x00007ffc11ed0000 - 0x00007ffc11ef2000 	C:\Windows\System32\win32u.dll
0x00007ffc0d370000 - 0x00007ffc0d389000 	C:\Users\33663\.p2\pool\plugins\org.eclipse.justj.openjdk.hotspot.jre.full.win32.x86_64_18.0.1.v20220515-1614\jre\bin\VCRUNTIME140.dll
0x00007ffbff6f0000 - 0x00007ffbff98a000 	C:\Windows\WinSxS\amd64_microsoft.windows.common-controls_6595b64144ccf1df_6.0.19041.1110_none_60b5254171f9507e\COMCTL32.dll
0x00007ffc139b0000 - 0x00007ffc139da000 	C:\Windows\System32\GDI32.dll
0x00007ffc11dc0000 - 0x00007ffc11ecb000 	C:\Windows\System32\gdi32full.dll
0x00007ffc13550000 - 0x00007ffc135ee000 	C:\Windows\System32\msvcrt.dll
0x00007ffc11d20000 - 0x00007ffc11dbd000 	C:\Windows\System32\msvcp_win.dll
0x00007ffc136a0000 - 0x00007ffc136d0000 	C:\Windows\System32\IMM32.DLL
0x00007ffc0d430000 - 0x00007ffc0d43c000 	C:\Users\33663\.p2\pool\plugins\org.eclipse.justj.openjdk.hotspot.jre.full.win32.x86_64_18.0.1.v20220515-1614\jre\bin\vcruntime140_1.dll
0x00007ffc07460000 - 0x00007ffc074f1000 	C:\Users\33663\.p2\pool\plugins\org.eclipse.justj.openjdk.hotspot.jre.full.win32.x86_64_18.0.1.v20220515-1614\jre\bin\msvcp140.dll
0x00007ffba6f30000 - 0x00007ffba7bb9000 	C:\Users\33663\.p2\pool\plugins\org.eclipse.justj.openjdk.hotspot.jre.full.win32.x86_64_18.0.1.v20220515-1614\jre\bin\server\jvm.dll
0x00007ffc135f0000 - 0x00007ffc1369e000 	C:\Windows\System32\ADVAPI32.dll
0x00007ffc134b0000 - 0x00007ffc1354c000 	C:\Windows\System32\sechost.dll
0x00007ffc139e0000 - 0x00007ffc13b05000 	C:\Windows\System32\RPCRT4.dll
0x00007ffc13030000 - 0x00007ffc13038000 	C:\Windows\System32\PSAPI.DLL
0x00007ffbf6920000 - 0x00007ffbf6947000 	C:\Windows\SYSTEM32\WINMM.dll
0x00007ffc0a780000 - 0x00007ffc0a78a000 	C:\Windows\SYSTEM32\VERSION.dll
0x00007ffbfed50000 - 0x00007ffbfed59000 	C:\Windows\SYSTEM32\WSOCK32.dll
0x00007ffc12dc0000 - 0x00007ffc12e2b000 	C:\Windows\System32\WS2_32.dll
0x00007ffc10470000 - 0x00007ffc10482000 	C:\Windows\SYSTEM32\kernel.appcore.dll
0x00007ffc0d420000 - 0x00007ffc0d42a000 	C:\Users\33663\.p2\pool\plugins\org.eclipse.justj.openjdk.hotspot.jre.full.win32.x86_64_18.0.1.v20220515-1614\jre\bin\jimage.dll
0x00007ffc0f9e0000 - 0x00007ffc0fbc4000 	C:\Windows\SYSTEM32\DBGHELP.DLL
0x00007ffc07010000 - 0x00007ffc0703c000 	C:\Windows\SYSTEM32\dbgcore.DLL
0x00007ffc11f00000 - 0x00007ffc11f82000 	C:\Windows\System32\bcryptPrimitives.dll
0x00007ffc0c380000 - 0x00007ffc0c3bb000 	C:\Users\33663\.p2\pool\plugins\org.eclipse.justj.openjdk.hotspot.jre.full.win32.x86_64_18.0.1.v20220515-1614\jre\bin\jdwp.dll
0x00007ffc0d360000 - 0x00007ffc0d36e000 	C:\Users\33663\.p2\pool\plugins\org.eclipse.justj.openjdk.hotspot.jre.full.win32.x86_64_18.0.1.v20220515-1614\jre\bin\instrument.dll
0x00007ffc0c620000 - 0x00007ffc0c645000 	C:\Users\33663\.p2\pool\plugins\org.eclipse.justj.openjdk.hotspot.jre.full.win32.x86_64_18.0.1.v20220515-1614\jre\bin\java.dll
0x00007ffc0d3e0000 - 0x00007ffc0d3f8000 	C:\Users\33663\.p2\pool\plugins\org.eclipse.justj.openjdk.hotspot.jre.full.win32.x86_64_18.0.1.v20220515-1614\jre\bin\zip.dll
0x00007ffc13d40000 - 0x00007ffc14483000 	C:\Windows\System32\SHELL32.dll
0x00007ffc0fbd0000 - 0x00007ffc10365000 	C:\Windows\SYSTEM32\windows.storage.dll
0x00007ffc12a50000 - 0x00007ffc12da4000 	C:\Windows\System32\combase.dll
0x00007ffc11580000 - 0x00007ffc115b0000 	C:\Windows\SYSTEM32\Wldp.dll
0x00007ffc12e30000 - 0x00007ffc12edd000 	C:\Windows\System32\SHCORE.dll
0x00007ffc12910000 - 0x00007ffc12965000 	C:\Windows\System32\shlwapi.dll
0x00007ffc11b30000 - 0x00007ffc11b4f000 	C:\Windows\SYSTEM32\profapi.dll
0x00007ffc0c370000 - 0x00007ffc0c37c000 	C:\Users\33663\.p2\pool\plugins\org.eclipse.justj.openjdk.hotspot.jre.full.win32.x86_64_18.0.1.v20220515-1614\jre\bin\dt_socket.dll
0x00007ffc10fd0000 - 0x00007ffc1100b000 	C:\Windows\SYSTEM32\IPHLPAPI.DLL
0x00007ffc112e0000 - 0x00007ffc1134a000 	C:\Windows\system32\mswsock.dll
0x00007ffc11010000 - 0x00007ffc110da000 	C:\Windows\SYSTEM32\DNSAPI.dll
0x00007ffc12fa0000 - 0x00007ffc12fa8000 	C:\Windows\System32\NSI.dll
0x00007ffbff9e0000 - 0x00007ffbff9ea000 	C:\Windows\System32\rasadhlp.dll
0x00007ffbffad0000 - 0x00007ffbffb50000 	C:\Windows\System32\fwpuclnt.dll
0x00007ffc11bf0000 - 0x00007ffc11c17000 	C:\Windows\System32\bcrypt.dll
0x00007ffc0d340000 - 0x00007ffc0d353000 	C:\Users\33663\.p2\pool\plugins\org.eclipse.justj.openjdk.hotspot.jre.full.win32.x86_64_18.0.1.v20220515-1614\jre\bin\net.dll
0x00007ffbffb50000 - 0x00007ffbffc5a000 	C:\Windows\SYSTEM32\WINHTTP.dll
0x00007ffc0c330000 - 0x00007ffc0c346000 	C:\Users\33663\.p2\pool\plugins\org.eclipse.justj.openjdk.hotspot.jre.full.win32.x86_64_18.0.1.v20220515-1614\jre\bin\nio.dll
0x00007ffc0d300000 - 0x00007ffc0d310000 	C:\Users\33663\.p2\pool\plugins\org.eclipse.justj.openjdk.hotspot.jre.full.win32.x86_64_18.0.1.v20220515-1614\jre\bin\verify.dll
0x00007ffbec450000 - 0x00007ffbec5de000 	C:\Users\33663\.p2\pool\plugins\org.eclipse.justj.openjdk.hotspot.jre.full.win32.x86_64_18.0.1.v20220515-1614\jre\bin\awt.dll
0x00007ffc138e0000 - 0x00007ffc139ad000 	C:\Windows\System32\OLEAUT32.dll
0x00007ffc0efe0000 - 0x00007ffc0f070000 	C:\Windows\SYSTEM32\apphelp.dll
0x00007ffc0f450000 - 0x00007ffc0f47f000 	C:\Windows\system32\DWMAPI.DLL
0x00007ffc0f260000 - 0x00007ffc0f2fe000 	C:\Windows\system32\uxtheme.dll
0x00007ffbe2e80000 - 0x00007ffbe2fa7000 	C:\Windows\system32\opengl32.dll
0x00007ffbe7600000 - 0x00007ffbe762c000 	C:\Windows\SYSTEM32\GLU32.dll
0x00007ffc126c0000 - 0x00007ffc127d5000 	C:\Windows\System32\MSCTF.dll
0x00007ffc127e0000 - 0x00007ffc1290a000 	C:\Windows\System32\ole32.dll
0x00007ffbf8ab0000 - 0x00007ffbf8b39000 	C:\Users\33663\.p2\pool\plugins\org.eclipse.justj.openjdk.hotspot.jre.full.win32.x86_64_18.0.1.v20220515-1614\jre\bin\freetype.dll
0x00007ffbf81f0000 - 0x00007ffbf8298000 	C:\Users\33663\.p2\pool\plugins\org.eclipse.justj.openjdk.hotspot.jre.full.win32.x86_64_18.0.1.v20220515-1614\jre\bin\fontmanager.dll
0x00007ffc06dc0000 - 0x00007ffc06eb9000 	C:\Windows\SYSTEM32\textinputframework.dll
0x00007ffc0e970000 - 0x00007ffc0ecce000 	C:\Windows\System32\CoreUIComponents.dll
0x00007ffc0ecd0000 - 0x00007ffc0edc2000 	C:\Windows\System32\CoreMessaging.dll
0x00007ffc0d610000 - 0x00007ffc0d764000 	C:\Windows\SYSTEM32\wintypes.dll
0x00007ffc108f0000 - 0x00007ffc10923000 	C:\Windows\SYSTEM32\ntmarta.dll
0x00007ffbd9890000 - 0x00007ffbd9b85000 	C:\Windows\System32\uiautomationcore.dll
0x00007ffc0d200000 - 0x00007ffc0d2f6000 	C:\Windows\System32\PROPSYS.dll
0x00007ffc114f0000 - 0x00007ffc114fc000 	C:\Windows\SYSTEM32\CRYPTBASE.DLL
0x00007ffbde050000 - 0x00007ffbde0b6000 	C:\Windows\System32\OLEACC.dll
0x00007ffc12530000 - 0x00007ffc125d9000 	C:\Windows\System32\clbcatq.dll

dbghelp: loaded successfully - version: 4.0.5 - missing functions: none
symbol engine: initialized successfully - sym options: 0x614 - pdb path: .;C:\Users\33663\.p2\pool\plugins\org.eclipse.justj.openjdk.hotspot.jre.full.win32.x86_64_18.0.1.v20220515-1614\jre\bin;C:\Windows\SYSTEM32;C:\Program Files\Avast Software\Avast;C:\Windows\WinSxS\amd64_microsoft.windows.common-controls_6595b64144ccf1df_6.0.19041.1110_none_60b5254171f9507e;C:\Users\33663\.p2\pool\plugins\org.eclipse.justj.openjdk.hotspot.jre.full.win32.x86_64_18.0.1.v20220515-1614\jre\bin\server

VM Arguments:
jvm_args: -XX:+ShowCodeDetailsInExceptionMessages -agentlib:jdwp=transport=dt_socket,suspend=y,address=localhost:49785 -javaagent:C:\Users\33663\eclipse\java-2022-03\eclipse\configuration\org.eclipse.osgi\225\0\.cp\lib\javaagent-shaded.jar -Dfile.encoding=UTF-8 
java_command: simulateur.Simulateur -s
java_class_path (initial): C:\Users\33663\git\SIT213_Project\SIT213_Project\bin;C:\Users\33663\.p2\pool\plugins\org.junit.jupiter.api_5.8.1.v20211018-1956.jar;C:\Users\33663\.p2\pool\plugins\org.junit.jupiter.engine_5.8.1.v20211018-1956.jar;C:\Users\33663\.p2\pool\plugins\org.junit.jupiter.migrationsupport_5.8.1.v20211018-1956.jar;C:\Users\33663\.p2\pool\plugins\org.junit.jupiter.params_5.8.1.v20211018-1956.jar;C:\Users\33663\.p2\pool\plugins\org.junit.platform.commons_1.8.1.v20211018-1956.jar;C:\Users\33663\.p2\pool\plugins\org.junit.platform.engine_1.8.1.v20211018-1956.jar;C:\Users\33663\.p2\pool\plugins\org.junit.platform.launcher_1.8.1.v20211018-1956.jar;C:\Users\33663\.p2\pool\plugins\org.junit.platform.runner_1.8.1.v20211018-1956.jar;C:\Users\33663\.p2\pool\plugins\org.junit.platform.suite.api_1.8.1.v20211018-1956.jar;C:\Users\33663\.p2\pool\plugins\org.junit.platform.suite.engine_1.8.1.v20211028-1957.jar;C:\Users\33663\.p2\pool\plugins\org.junit.platform.suite.commons_1.8.1.v20211018-1956.jar;C:\Users\33663\.p2\pool\plugins\org.junit.vintage.engine_5.8.1.v20211018-1956.jar;C:\Users\33663\.p2\pool\plugins\org.opentest4j_1.2.0.v20211018-1956.jar;C:\Users\33663\.p2\pool\plugins\org.apiguardian_1.1.2.v20211018-1956.jar;C:\Users\33663\.p2\pool\plugins\org.junit_4.13.2.v20211018-1956.jar;C:\Users\33663\.p2\pool\plugins\org.hamcrest.core_1.3.0.v20180420-1519.jar
Launcher Type: SUN_STANDARD

[Global flags]
     intx CICompilerCount                          = 4                                         {product} {ergonomic}
     uint ConcGCThreads                            = 2                                         {product} {ergonomic}
     uint G1ConcRefinementThreads                  = 8                                         {product} {ergonomic}
   size_t G1HeapRegionSize                         = 1048576                                   {product} {ergonomic}
    uintx GCDrainStackTargetSize                   = 64                                        {product} {ergonomic}
   size_t InitialHeapSize                          = 130023424                                 {product} {ergonomic}
   size_t MarkStackSize                            = 4194304                                   {product} {ergonomic}
   size_t MaxHeapSize                              = 2080374784                                {product} {ergonomic}
   size_t MaxNewSize                               = 1247805440                                {product} {ergonomic}
   size_t MinHeapDeltaBytes                        = 1048576                                   {product} {ergonomic}
   size_t MinHeapSize                              = 8388608                                   {product} {ergonomic}
    uintx NonNMethodCodeHeapSize                   = 5839372                                {pd product} {ergonomic}
    uintx NonProfiledCodeHeapSize                  = 122909434                              {pd product} {ergonomic}
    uintx ProfiledCodeHeapSize                     = 122909434                              {pd product} {ergonomic}
    uintx ReservedCodeCacheSize                    = 251658240                              {pd product} {ergonomic}
     bool SegmentedCodeCache                       = true                                      {product} {ergonomic}
     bool ShowCodeDetailsInExceptionMessages       = true                                   {manageable} {command line}
   size_t SoftMaxHeapSize                          = 2080374784                             {manageable} {ergonomic}
     bool UseCompressedClassPointers               = true                           {product lp64_product} {ergonomic}
     bool UseCompressedOops                        = true                           {product lp64_product} {ergonomic}
     bool UseG1GC                                  = true                                      {product} {ergonomic}
     bool UseLargePagesIndividualAllocation        = false                                  {pd product} {ergonomic}

Logging:
Log output configuration:
 #0: stdout all=warning uptime,level,tags foldmultilines=false
 #1: stderr all=off uptime,level,tags foldmultilines=false

Environment Variables:
PATH=C:\Users\33663\.p2\pool\plugins\org.eclipse.justj.openjdk.hotspot.jre.full.win32.x86_64_18.0.1.v20220515-1614\jre\bin;C:/Users/33663/.p2/pool/plugins/org.eclipse.justj.openjdk.hotspot.jre.full.win32.x86_64_18.0.1.v20220515-1614/jre/bin/server;C:/Users/33663/.p2/pool/plugins/org.eclipse.justj.openjdk.hotspot.jre.full.win32.x86_64_18.0.1.v20220515-1614/jre/bin;C:\Windows\system32;C:\Windows;C:\Windows\System32\Wbem;C:\Windows\System32\WindowsPowerShell\v1.0\;C:\Windows\System32\OpenSSH\;C:\Program Files\Git\cmd;C:\Users\33663\AppData\Local\Microsoft\WindowsApps;;C:\Windows\system32;
USERNAME=33663
OS=Windows_NT
PROCESSOR_IDENTIFIER=Intel64 Family 6 Model 126 Stepping 5, GenuineIntel



---------------  S Y S T E M  ---------------

OS:
 Windows 10 , 64 bit Build 19041 (10.0.19041.1889)
OS uptime: 0 days 5:27 hours

CPU: total 8 (initial active 8) (4 cores per cpu, 2 threads per core) family 6 model 126 stepping 5 microcode 0xa6, cx8, cmov, fxsr, ht, mmx, 3dnowpref, sse, sse2, sse3, ssse3, sse4.1, sse4.2, popcnt, lzcnt, tsc, tscinvbit, avx, avx2, aes, erms, clmul, bmi1, bmi2, adx, avx512f, avx512dq, avx512cd, avx512bw, avx512vl, sha, fma, vzeroupper, avx512_vpopcntdq, avx512_vpclmulqdq, avx512_vaes, avx512_vnni, clflush, clflushopt, avx512_vbmi2, avx512_vbmi

Memory: 4k page, system-wide physical 7934M (2111M free)
TotalPageFile size 27390M (AvailPageFile size 19534M)
current process WorkingSet (physical memory assigned to process): 77M, peak: 80M
current process commit charge ("private bytes"): 218M, peak: 222M

vm_info: OpenJDK 64-Bit Server VM (18.0.1+10) for windows-amd64 JRE (18.0.1+10), built on Apr 20 2022 05:04:48 by "" with MS VC++ 16.7 (VS2019)

END.
