#
# A fatal error has been detected by the Java Runtime Environment:
#
#  EXCEPTION_ACCESS_VIOLATION (0xc0000005) at pc=0x00007ff8cdbdd69a, pid=11960, tid=11180
#
# JRE version: OpenJDK Runtime Environment Temurin-17.0.2+8 (17.0.2+8) (build 17.0.2+8)
# Java VM: OpenJDK 64-Bit Server VM Temurin-17.0.2+8 (17.0.2+8, mixed mode, tiered, compressed oops, compressed class ptrs, g1 gc, windows-amd64)
# Problematic frame:
# V  [jvm.dll+0x79d69a]
#
# No core dump will be written. Minidumps are not enabled by default on client versions of Windows
#
# If you would like to submit a bug report, please visit:
#   https://github.com/adoptium/adoptium-support/issues
#

---------------  S U M M A R Y ------------

Command Line: -XX:+ShowCodeDetailsInExceptionMessages -agentlib:jdwp=transport=dt_socket,suspend=y,address=localhost:61732 -javaagent:C:\Users\jerom\eclipse\java-2022-03\eclipse\configuration\org.eclipse.osgi\225\0\.cp\lib\javaagent-shaded.jar -Dfile.encoding=Cp1252 simulateur.Simulateur -s -mess 01 -form NRZT -nbEch 6

Host: 11th Gen Intel(R) Core(TM) i7-11800H @ 2.30GHz, 16 cores, 15G,  Windows 11 , 64 bit Build 22000 (10.0.22000.708)
Time: Fri Sep 16 02:57:50 2022 Paris, Madrid (heure duild 22000 (10.0.22000.708) elapsed time: 131.854676 seconds (0d 0h 2m 11s)

---------------  T H R E A D  ---------------

Current thread (0x000001887fdd8500):  JavaThread "JDWP Transport Listener: dt_socket" daemon [_thread_in_vm, id=11180, stack(0x0000001b22a00000,0x0000001b22b00000)]

Stack: [0x0000001b22a00000,0x0000001b22b00000],  sp=0x0000001b22aff300,  free space=1020k
Native frames: (J=compiled Java code, j=interpreted, Vv=VM code, C=native code)
V  [jvm.dll+0x79d69a]
V  [jvm.dll+0x50842c]
V  [jvm.dll+0x4cfa94]
C  [jdwp.dll+0x22dff]


siginfo: EXCEPTION_ACCESS_VIOLATION (0xc0000005), reading address 0x00000000004d004f


Register to memory mapping:

RIP=0x00007ff8cdbdd69a jvm.dll
RAX=0x000000000000004a is an unknown value
RBX=0x000001887fadb205 points into unknown readable memory: 3b 00 3b
RCX=0x00000000004d004b is an unknown value
RDX=0x0000018802fa74b0 points into unknown readable memory: 0x7875616e6769734c | 4c 73 69 67 6e 61 75 78
RSP=0x0000001b22aff300 is pointing into the stack for thread: 0x000001887fdd8500
RBP=0x000001887fd77110 points into unknown readable memory: 0x0043005000000002 | 02 00 00 00 50 00 43 00
RSI=0x0 is NULL
RDI=0xffffffffffffffff is an unknown value
R8 =0x0000000000000011 is an unknown value
R9 =0x000000000000001d is an unknown value
R10=0x0 is NULL
R11=0x0000001b22aff320 is pointing into the stack for thread: 0x000001887fdd8500
R12=0x0000001b22aff458 is pointing into the stack for thread: 0x000001887fdd8500
R13=0x0 is NULL
R14=0x0000000800107c48 is a pointer to class: 
signaux.SignalNRZT {0x0000000800107c50}
 - instance size:     4
 - klass size:        67
 - access:            public synchronized 
 - state:             fully_initialized
 - name:              'signaux/SignalNRZT'
 - super:             'signaux/Signal'
 - sub:               
 - arrays:            NULL
 - methods:           Array<T>(0x0000018803700a08)
 - method ordering:   Array<T>(0x00000188037018b0)
 - default_methods:   Array<T>(0x0000000000000000)
 - local interfaces:  Array<T>(0x0000018802000058)
 - trans. interfaces: Array<T>(0x0000018802000058)
 - constants:         constant pool [87] {0x00000188037036a0} for 'signaux/SignalNRZT' cache=0x00000188037019c0
 - class loader data:  loader data: 0x000001887fc45d60 for instance a 'jdk/internal/loader/ClassLoaders$AppClassLoader'{0x0000000713a68548}
 - source file:       'SignalNRZT.java'
 - source debug extension:       SMAP
SignalNRZT.java
Java
*S jdt
*F
1 SignalNRZT.java
2 file:/C:/Users/jerom/git/SIT213_Project/SIT213_Project/bin/
*L
*E

 - class annotations:       Array<T>(0x0000000000000000)
 - class type annotations:  Array<T>(0x0000000000000000)
 - field annotations:       Array<T>(0x0000000000000000)
 - field type annotations:  Array<T>(0x0000000000000000)
 - generic signature: '
[error occurred during error reporting (printing register info), id 0xc0000005, EXCEPTION_ACCESS_VIOLATION (0xc0000005) at pc=0x00007ff8cdbde2a6]

Registers:
RAX=0x000000000000004a, RBX=0x000001887fadb205, RCX=0x00000000004d004b, RDX=0x0000018802fa74b0
RSP=0x0000001b22aff300, RBP=0x000001887fd77110, RSI=0x0000000000000000, RDI=0xffffffffffffffff
R8 =0x0000000000000011, R9 =0x000000000000001d, R10=0x0000000000000000, R11=0x0000001b22aff320
R12=0x0000001b22aff458, R13=0x0000000000000000, R14=0x0000000800107c48, R15=0x0000001b22aff4a8
RIP=0x00007ff8cdbdd69a, EFLAGS=0x0000000000010206

Top of Stack: (sp=0x0000001b22aff300)
0x0000001b22aff300:   0000000000000012 0000000800107c48
0x0000001b22aff310:   000001887fdd8500 0000000000000000
0x0000001b22aff320:   ffffffffffffffff 00007ff8cd94842c
0x0000001b22aff330:   000001887fadb205 000001887fadb1f0
0x0000001b22aff340:   000001887fd77110 000001887fb3c320
0x0000001b22aff350:   000001887fadb1c0 00000000000003d8
0x0000001b22aff360:   000001887fadb1d0 000001887fadb5a8
0x0000001b22aff370:   0000000000000002 0000001b22aff458
0x0000001b22aff380:   0000000000000000 0000000000000000
0x0000001b22aff390:   0000000712c7b270 00007ff8cd90fa94
0x0000001b22aff3a0:   000001887fdd8500 0000001b22aff4a8
0x0000001b22aff3b0:   0000018860578230 0000001b22aff4a8
0x0000001b22aff3c0:   000001887fdd8500 0000000000000000
0x0000001b22aff3d0:   0000018800000000 0000000000000000
0x0000001b22aff3e0:   000000000000000d 00007ff90fc42dff
0x0000001b22aff3f0:   0000001b22aff4a0 00007ff90fc51aa0 

Instructions: (pc=0x00007ff8cdbdd69a)
0x00007ff8cdbdd59a:   48 83 c4 20 5f e9 4c 8d 90 ff cc cc cc cc cc cc
0x00007ff8cdbdd5aa:   cc cc cc cc cc cc 48 89 5c 24 08 57 48 83 ec 20
0x00007ff8cdbdd5ba:   83 fa 02 8d 42 06 b9 08 00 00 00 49 8b d8 0f 4e
0x00007ff8cdbdd5ca:   c1 48 63 c8 48 83 c1 07 83 e1 f8 48 63 f9 49 8b
0x00007ff8cdbdd5da:   48 18 48 8b c7 48 f7 d0 48 3b c1 73 16 4c 8d 05
0x00007ff8cdbdd5ea:   da 4c 17 00 48 8b d7 48 8b cb e8 57 f0 90 ff 48
0x00007ff8cdbdd5fa:   8b 4b 18 48 8d 04 39 48 3b 43 20 76 18 45 33 c0
0x00007ff8cdbdd60a:   48 8b d7 48 8b cb 48 8b 5c 24 30 48 83 c4 20 5f
0x00007ff8cdbdd61a:   e9 b1 ec 90 ff 48 89 43 18 48 8b c1 48 8b 5c 24
0x00007ff8cdbdd62a:   30 48 83 c4 20 5f c3 cc cc cc cc cc cc cc cc cc
0x00007ff8cdbdd63a:   cc cc cc cc cc cc 4c 8b d2 4c 8b d9 45 85 c0 7e
0x00007ff8cdbdd64a:   3c 44 0f b7 49 04 41 8d 40 ff 41 3b c1 44 0f 4c
0x00007ff8cdbdd65a:   c8 4d 63 c1 45 85 c9 7e 1f 48 8b c2 4c 2b da 49
0x00007ff8cdbdd66a:   8b d0 0f 1f 40 00 41 0f b6 4c 03 06 88 08 48 8d
0x00007ff8cdbdd67a:   40 01 48 83 ea 01 75 ee 43 c6 04 10 00 49 8b c2
0x00007ff8cdbdd68a:   c3 cc cc cc cc cc 48 89 5c 24 08 57 48 83 ec 20
0x00007ff8cdbdd69a:   0f b7 59 04 48 8b f9 33 d2 48 8d 4b 01 e8 84 df
0x00007ff8cdbdd6aa:   f2 ff 0f b7 57 04 4c 8b c0 3b da 0f 42 d3 44 8b
0x00007ff8cdbdd6ba:   ca 85 d2 74 39 48 2b f8 0f 1f 40 00 66 66 0f 1f
0x00007ff8cdbdd6ca:   84 00 00 00 00 00 0f b6 4c 07 06 88 08 48 ff c0
0x00007ff8cdbdd6da:   48 8b c8 49 2b c8 49 3b c9 7c eb 42 c6 04 02 00
0x00007ff8cdbdd6ea:   49 8b c0 48 8b 5c 24 30 48 83 c4 20 5f c3 48 8b
0x00007ff8cdbdd6fa:   5c 24 30 c6 04 02 00 48 83 c4 20 5f c3 cc cc cc
0x00007ff8cdbdd70a:   cc cc cc cc cc cc 4c 8b d1 45 85 c0 7e 6c 44 0f
0x00007ff8cdbdd71a:   b7 49 04 41 8d 40 ff 41 3b c1 44 0f 4c c8 4d 63
0x00007ff8cdbdd72a:   d9 45 85 c9 7e 22 48 8b ca 4c 2b d2 4d 8b c3 0f
0x00007ff8cdbdd73a:   1f 80 00 00 00 00 41 0f b6 44 0a 06 88 01 48 8d
0x00007ff8cdbdd74a:   49 01 49 83 e8 01 75 ee 41 c6 04 13 00 48 c7 c0
0x00007ff8cdbdd75a:   ff ff ff ff 66 90 48 ff c0 80 3c 02 00 75 f7 48
0x00007ff8cdbdd76a:   63 c8 85 c0 48 8b c2 7e 14 80 38 2f 75 03 c6 00
0x00007ff8cdbdd77a:   2e 48 ff c0 48 83 e9 01 75 ef 48 8b c2 c3 cc cc
0x00007ff8cdbdd78a:   cc cc cc cc cc cc 48 83 ec 28 e8 f7 fe ff ff 4c 


Stack slot to memory mapping:
stack at sp + 0 slots: 0x0000000000000012 is an unknown value
stack at sp + 1 slots: 0x0000000800107c48 is a pointer to class: 
signaux.SignalNRZT {0x0000000800107c50}
 - instance size:     4
 - klass size:        67
 - access:            public synchronized 
 - state:             fully_initialized
 - name:              'signaux/SignalNRZT'
 - super:             'signaux/Signal'
 - sub:               
 - arrays:            NULL
 - methods:           Array<T>(0x0000018803700a08)
 - method ordering:   Array<T>(0x00000188037018b0)
 - default_methods:   Array<T>(0x0000000000000000)
 - local interfaces:  Array<T>(0x0000018802000058)
 - trans. interfaces: Array<T>(0x0000018802000058)
 - constants:         constant pool [87] {0x00000188037036a0} for 'signaux/SignalNRZT' cache=0x00000188037019c0
 - class loader data:  loader data: 0x000001887fc45d60 for instance a 'jdk/internal/loader/ClassLoaders$AppClassLoader'{0x0000000713a68548}
 - source file:       'SignalNRZT.java'
 - source debug extension:       SMAP
SignalNRZT.java
Java
*S jdt
*F
1 SignalNRZT.java
2 file:/C:/Users/jerom/git/SIT213_Project/SIT213_Project/bin/
*L
*E

 - class annotations:       Array<T>(0x0000000000000000)
 - class type annotations:  Array<T>(0x0000000000000000)
 - field annotations:       Array<T>(0x0000000000000000)
 - field type annotations:  Array<T>(0x0000000000000000)
 - generic signature: '
[error occurred during error reporting (inspecting top of stack), id 0xc0000005, EXCEPTION_ACCESS_VIOLATION (0xc0000005) at pc=0x00007ff8cdbde2a6]


---------------  P R O C E S S  ---------------

Threads class SMR info:
_java_thread_list=0x00000188030ed770, length=19, elements={
0x0000018860589210, 0x000001887fa5ffd0, 0x000001887fa60b80, 0x000001887fab05a0,
0x000001887fab2f60, 0x000001887fab3910, 0x000001887fab4ce0, 0x000001887fab5a70,
0x000001887fab83a0, 0x000001887fad63a0, 0x000001887faf0180, 0x000001887fdd8500,
0x000001887fddaa10, 0x000001887fddaf00, 0x0000018802d8ea10, 0x0000018802faaf50,
0x0000018803050440, 0x0000018803051920, 0x00000188030a0380
}

Java Threads: ( => current thread )
  0x0000018860589210 JavaThread "main" [_thread_blocked, id=26340, stack(0x0000001b21500000,0x0000001b21600000)]
  0x000001887fa5ffd0 JavaThread "Reference Handler" daemon [_thread_blocked, id=15740, stack(0x0000001b21c00000,0x0000001b21d00000)]
  0x000001887fa60b80 JavaThread "Finalizer" daemon [_thread_blocked, id=24728, stack(0x0000001b21d00000,0x0000001b21e00000)]
  0x000001887fab05a0 JavaThread "Signal Dispatcher" daemon [_thread_blocked, id=6832, stack(0x0000001b21e00000,0x0000001b21f00000)]
  0x000001887fab2f60 JavaThread "Attach Listener" daemon [_thread_blocked, id=12452, stack(0x0000001b21f00000,0x0000001b22000000)]
  0x000001887fab3910 JavaThread "Service Thread" daemon [_thread_blocked, id=22928, stack(0x0000001b22000000,0x0000001b22100000)]
  0x000001887fab4ce0 JavaThread "Monitor Deflation Thread" daemon [_thread_blocked, id=15768, stack(0x0000001b22100000,0x0000001b22200000)]
  0x000001887fab5a70 JavaThread "C2 CompilerThread0" daemon [_thread_blocked, id=16440, stack(0x0000001b22200000,0x0000001b22300000)]
  0x000001887fab83a0 JavaThread "C1 CompilerThread0" daemon [_thread_blocked, id=15624, stack(0x0000001b22300000,0x0000001b22400000)]
  0x000001887fad63a0 JavaThread "Sweeper thread" daemon [_thread_blocked, id=25864, stack(0x0000001b22400000,0x0000001b22500000)]
  0x000001887faf0180 JavaThread "Common-Cleaner" daemon [_thread_blocked, id=12880, stack(0x0000001b22500000,0x0000001b22600000)]
=>0x000001887fdd8500 JavaThread "JDWP Transport Listener: dt_socket" daemon [_thread_in_vm, id=11180, stack(0x0000001b22a00000,0x0000001b22b00000)]
  0x000001887fddaa10 JavaThread "JDWP Event Helper Thread" daemon [_thread_blocked, id=24556, stack(0x0000001b22b00000,0x0000001b22c00000)]
  0x000001887fddaf00 JavaThread "JDWP Command Reader" daemon [_thread_in_native, id=19412, stack(0x0000001b22c00000,0x0000001b22d00000)]
  0x0000018802d8ea10 JavaThread "Notification Thread" daemon [_thread_blocked, id=13564, stack(0x0000001b22d00000,0x0000001b22e00000)]
  0x0000018802faaf50 JavaThread "Java2D Disposer" daemon [_thread_blocked, id=15072, stack(0x0000001b22f00000,0x0000001b23000000)]
  0x0000018803050440 JavaThread "AWT-Shutdown" [_thread_blocked, id=24184, stack(0x0000001b23000000,0x0000001b23100000)]
  0x0000018803051920 JavaThread "AWT-Windows" daemon [_thread_in_native, id=18068, stack(0x0000001b23100000,0x0000001b23200000)]
  0x00000188030a0380 JavaThread "AWT-EventQueue-0" [_thread_blocked, id=19452, stack(0x0000001b23200000,0x0000001b23300000)]

Other Threads:
  0x000001887fa2eb40 VMThread "VM Thread" [stack: 0x0000001b21b00000,0x0000001b21c00000] [id=24956]
  0x000001887fc48730 WatcherThread [stack: 0x0000001b22e00000,0x0000001b22f00000] [id=26180]
  0x00000188605d9160 GCTaskThread "GC Thread#0" [stack: 0x0000001b21600000,0x0000001b21700000] [id=19348]
  0x00000188605ea5a0 ConcurrentGCThread "G1 Main Marker" [stack: 0x0000001b21700000,0x0000001b21800000] [id=23648]
  0x00000188605ebfc0 ConcurrentGCThread "G1 Conc#0" [stack: 0x0000001b21800000,0x0000001b21900000] [id=24808]
  0x000001887f8b40e0 ConcurrentGCThread "G1 Refine#0" [stack: 0x0000001b21900000,0x0000001b21a00000] [id=17512]
  0x000001887f8b49a0 ConcurrentGCThread "G1 Service" [stack: 0x0000001b21a00000,0x0000001b21b00000] [id=21984]

Threads with active compile tasks:

VM state: not at safepoint (normal execution)

VM Mutex/Monitor currently owned by a thread: None

Heap address: 0x0000000704000000, size: 4032 MB, Compressed Oops mode: Zero based, Oop shift amount: 3

CDS archive(s) not mapped
Compressed class space mapped at: 0x0000000800000000-0x0000000840000000, reserved size: 1073741824
Narrow klass base: 0x0000000800000000, Narrow klass shift: 0, Narrow klass range: 0x40000000

GC Precious Log:
 CPUs: 16 total, 16 available
 Memory: 16122M
 Large Page Support: Disabled
 NUMA Support: Disabled
 Compressed Oops: Enabled (Zero based)
 Heap Region Size: 2M
 Heap Min Capacity: 8M
 Heap Initial Capacity: 252M
 Heap Max Capacity: 4032M
 Pre-touch: Disabled
 Parallel Workers: 13
 Concurrent Workers: 3
 Concurrent Refinement Workers: 13
 Periodic GC: Disabled

Heap:
 garbage-first heap   total 258048K, used 14336K [0x0000000704000000, 0x0000000800000000)
  region size 2048K, 8 young (16384K), 0 survivors (0K)
 Metaspace       used 15486K, committed 15616K, reserved 1064960K
  class space    used 1490K, committed 1536K, reserved 1048576K

Heap Regions: E=young(eden), S=young(survivor), O=old, HS=humongous(starts), HC=humongous(continues), CS=collection set, F=free, OA=open archive, CA=closed archive, TAMS=top-at-mark-start (previous, next)
|   0|0x0000000704000000, 0x0000000704000000, 0x0000000704200000|  0%| F|  |TAMS 0x0000000704000000, 0x0000000704000000| Untracked 
|   1|0x0000000704200000, 0x0000000704200000, 0x0000000704400000|  0%| F|  |TAMS 0x0000000704200000, 0x0000000704200000| Untracked 
|   2|0x0000000704400000, 0x0000000704400000, 0x0000000704600000|  0%| F|  |TAMS 0x0000000704400000, 0x0000000704400000| Untracked 
|   3|0x0000000704600000, 0x0000000704600000, 0x0000000704800000|  0%| F|  |TAMS 0x0000000704600000, 0x0000000704600000| Untracked 
|   4|0x0000000704800000, 0x0000000704800000, 0x0000000704a00000|  0%| F|  |TAMS 0x0000000704800000, 0x0000000704800000| Untracked 
|   5|0x0000000704a00000, 0x0000000704a00000, 0x0000000704c00000|  0%| F|  |TAMS 0x0000000704a00000, 0x0000000704a00000| Untracked 
|   6|0x0000000704c00000, 0x0000000704c00000, 0x0000000704e00000|  0%| F|  |TAMS 0x0000000704c00000, 0x0000000704c00000| Untracked 
|   7|0x0000000704e00000, 0x0000000704e00000, 0x0000000705000000|  0%| F|  |TAMS 0x0000000704e00000, 0x0000000704e00000| Untracked 
|   8|0x0000000705000000, 0x0000000705000000, 0x0000000705200000|  0%| F|  |TAMS 0x0000000705000000, 0x0000000705000000| Untracked 
|   9|0x0000000705200000, 0x0000000705200000, 0x0000000705400000|  0%| F|  |TAMS 0x0000000705200000, 0x0000000705200000| Untracked 
|  10|0x0000000705400000, 0x0000000705400000, 0x0000000705600000|  0%| F|  |TAMS 0x0000000705400000, 0x0000000705400000| Untracked 
|  11|0x0000000705600000, 0x0000000705600000, 0x0000000705800000|  0%| F|  |TAMS 0x0000000705600000, 0x0000000705600000| Untracked 
|  12|0x0000000705800000, 0x0000000705800000, 0x0000000705a00000|  0%| F|  |TAMS 0x0000000705800000, 0x0000000705800000| Untracked 
|  13|0x0000000705a00000, 0x0000000705a00000, 0x0000000705c00000|  0%| F|  |TAMS 0x0000000705a00000, 0x0000000705a00000| Untracked 
|  14|0x0000000705c00000, 0x0000000705c00000, 0x0000000705e00000|  0%| F|  |TAMS 0x0000000705c00000, 0x0000000705c00000| Untracked 
|  15|0x0000000705e00000, 0x0000000705e00000, 0x0000000706000000|  0%| F|  |TAMS 0x0000000705e00000, 0x0000000705e00000| Untracked 
|  16|0x0000000706000000, 0x0000000706000000, 0x0000000706200000|  0%| F|  |TAMS 0x0000000706000000, 0x0000000706000000| Untracked 
|  17|0x0000000706200000, 0x0000000706200000, 0x0000000706400000|  0%| F|  |TAMS 0x0000000706200000, 0x0000000706200000| Untracked 
|  18|0x0000000706400000, 0x0000000706400000, 0x0000000706600000|  0%| F|  |TAMS 0x0000000706400000, 0x0000000706400000| Untracked 
|  19|0x0000000706600000, 0x0000000706600000, 0x0000000706800000|  0%| F|  |TAMS 0x0000000706600000, 0x0000000706600000| Untracked 
|  20|0x0000000706800000, 0x0000000706800000, 0x0000000706a00000|  0%| F|  |TAMS 0x0000000706800000, 0x0000000706800000| Untracked 
|  21|0x0000000706a00000, 0x0000000706a00000, 0x0000000706c00000|  0%| F|  |TAMS 0x0000000706a00000, 0x0000000706a00000| Untracked 
|  22|0x0000000706c00000, 0x0000000706c00000, 0x0000000706e00000|  0%| F|  |TAMS 0x0000000706c00000, 0x0000000706c00000| Untracked 
|  23|0x0000000706e00000, 0x0000000706e00000, 0x0000000707000000|  0%| F|  |TAMS 0x0000000706e00000, 0x0000000706e00000| Untracked 
|  24|0x0000000707000000, 0x0000000707000000, 0x0000000707200000|  0%| F|  |TAMS 0x0000000707000000, 0x0000000707000000| Untracked 
|  25|0x0000000707200000, 0x0000000707200000, 0x0000000707400000|  0%| F|  |TAMS 0x0000000707200000, 0x0000000707200000| Untracked 
|  26|0x0000000707400000, 0x0000000707400000, 0x0000000707600000|  0%| F|  |TAMS 0x0000000707400000, 0x0000000707400000| Untracked 
|  27|0x0000000707600000, 0x0000000707600000, 0x0000000707800000|  0%| F|  |TAMS 0x0000000707600000, 0x0000000707600000| Untracked 
|  28|0x0000000707800000, 0x0000000707800000, 0x0000000707a00000|  0%| F|  |TAMS 0x0000000707800000, 0x0000000707800000| Untracked 
|  29|0x0000000707a00000, 0x0000000707a00000, 0x0000000707c00000|  0%| F|  |TAMS 0x0000000707a00000, 0x0000000707a00000| Untracked 
|  30|0x0000000707c00000, 0x0000000707c00000, 0x0000000707e00000|  0%| F|  |TAMS 0x0000000707c00000, 0x0000000707c00000| Untracked 
|  31|0x0000000707e00000, 0x0000000707e00000, 0x0000000708000000|  0%| F|  |TAMS 0x0000000707e00000, 0x0000000707e00000| Untracked 
|  32|0x0000000708000000, 0x0000000708000000, 0x0000000708200000|  0%| F|  |TAMS 0x0000000708000000, 0x0000000708000000| Untracked 
|  33|0x0000000708200000, 0x0000000708200000, 0x0000000708400000|  0%| F|  |TAMS 0x0000000708200000, 0x0000000708200000| Untracked 
|  34|0x0000000708400000, 0x0000000708400000, 0x0000000708600000|  0%| F|  |TAMS 0x0000000708400000, 0x0000000708400000| Untracked 
|  35|0x0000000708600000, 0x0000000708600000, 0x0000000708800000|  0%| F|  |TAMS 0x0000000708600000, 0x0000000708600000| Untracked 
|  36|0x0000000708800000, 0x0000000708800000, 0x0000000708a00000|  0%| F|  |TAMS 0x0000000708800000, 0x0000000708800000| Untracked 
|  37|0x0000000708a00000, 0x0000000708a00000, 0x0000000708c00000|  0%| F|  |TAMS 0x0000000708a00000, 0x0000000708a00000| Untracked 
|  38|0x0000000708c00000, 0x0000000708c00000, 0x0000000708e00000|  0%| F|  |TAMS 0x0000000708c00000, 0x0000000708c00000| Untracked 
|  39|0x0000000708e00000, 0x0000000708e00000, 0x0000000709000000|  0%| F|  |TAMS 0x0000000708e00000, 0x0000000708e00000| Untracked 
|  40|0x0000000709000000, 0x0000000709000000, 0x0000000709200000|  0%| F|  |TAMS 0x0000000709000000, 0x0000000709000000| Untracked 
|  41|0x0000000709200000, 0x0000000709200000, 0x0000000709400000|  0%| F|  |TAMS 0x0000000709200000, 0x0000000709200000| Untracked 
|  42|0x0000000709400000, 0x0000000709400000, 0x0000000709600000|  0%| F|  |TAMS 0x0000000709400000, 0x0000000709400000| Untracked 
|  43|0x0000000709600000, 0x0000000709600000, 0x0000000709800000|  0%| F|  |TAMS 0x0000000709600000, 0x0000000709600000| Untracked 
|  44|0x0000000709800000, 0x0000000709800000, 0x0000000709a00000|  0%| F|  |TAMS 0x0000000709800000, 0x0000000709800000| Untracked 
|  45|0x0000000709a00000, 0x0000000709a00000, 0x0000000709c00000|  0%| F|  |TAMS 0x0000000709a00000, 0x0000000709a00000| Untracked 
|  46|0x0000000709c00000, 0x0000000709c00000, 0x0000000709e00000|  0%| F|  |TAMS 0x0000000709c00000, 0x0000000709c00000| Untracked 
|  47|0x0000000709e00000, 0x0000000709e00000, 0x000000070a000000|  0%| F|  |TAMS 0x0000000709e00000, 0x0000000709e00000| Untracked 
|  48|0x000000070a000000, 0x000000070a000000, 0x000000070a200000|  0%| F|  |TAMS 0x000000070a000000, 0x000000070a000000| Untracked 
|  49|0x000000070a200000, 0x000000070a200000, 0x000000070a400000|  0%| F|  |TAMS 0x000000070a200000, 0x000000070a200000| Untracked 
|  50|0x000000070a400000, 0x000000070a400000, 0x000000070a600000|  0%| F|  |TAMS 0x000000070a400000, 0x000000070a400000| Untracked 
|  51|0x000000070a600000, 0x000000070a600000, 0x000000070a800000|  0%| F|  |TAMS 0x000000070a600000, 0x000000070a600000| Untracked 
|  52|0x000000070a800000, 0x000000070a800000, 0x000000070aa00000|  0%| F|  |TAMS 0x000000070a800000, 0x000000070a800000| Untracked 
|  53|0x000000070aa00000, 0x000000070aa00000, 0x000000070ac00000|  0%| F|  |TAMS 0x000000070aa00000, 0x000000070aa00000| Untracked 
|  54|0x000000070ac00000, 0x000000070ac00000, 0x000000070ae00000|  0%| F|  |TAMS 0x000000070ac00000, 0x000000070ac00000| Untracked 
|  55|0x000000070ae00000, 0x000000070ae00000, 0x000000070b000000|  0%| F|  |TAMS 0x000000070ae00000, 0x000000070ae00000| Untracked 
|  56|0x000000070b000000, 0x000000070b000000, 0x000000070b200000|  0%| F|  |TAMS 0x000000070b000000, 0x000000070b000000| Untracked 
|  57|0x000000070b200000, 0x000000070b200000, 0x000000070b400000|  0%| F|  |TAMS 0x000000070b200000, 0x000000070b200000| Untracked 
|  58|0x000000070b400000, 0x000000070b400000, 0x000000070b600000|  0%| F|  |TAMS 0x000000070b400000, 0x000000070b400000| Untracked 
|  59|0x000000070b600000, 0x000000070b600000, 0x000000070b800000|  0%| F|  |TAMS 0x000000070b600000, 0x000000070b600000| Untracked 
|  60|0x000000070b800000, 0x000000070b800000, 0x000000070ba00000|  0%| F|  |TAMS 0x000000070b800000, 0x000000070b800000| Untracked 
|  61|0x000000070ba00000, 0x000000070ba00000, 0x000000070bc00000|  0%| F|  |TAMS 0x000000070ba00000, 0x000000070ba00000| Untracked 
|  62|0x000000070bc00000, 0x000000070bc00000, 0x000000070be00000|  0%| F|  |TAMS 0x000000070bc00000, 0x000000070bc00000| Untracked 
|  63|0x000000070be00000, 0x000000070be00000, 0x000000070c000000|  0%| F|  |TAMS 0x000000070be00000, 0x000000070be00000| Untracked 
|  64|0x000000070c000000, 0x000000070c000000, 0x000000070c200000|  0%| F|  |TAMS 0x000000070c000000, 0x000000070c000000| Untracked 
|  65|0x000000070c200000, 0x000000070c200000, 0x000000070c400000|  0%| F|  |TAMS 0x000000070c200000, 0x000000070c200000| Untracked 
|  66|0x000000070c400000, 0x000000070c400000, 0x000000070c600000|  0%| F|  |TAMS 0x000000070c400000, 0x000000070c400000| Untracked 
|  67|0x000000070c600000, 0x000000070c600000, 0x000000070c800000|  0%| F|  |TAMS 0x000000070c600000, 0x000000070c600000| Untracked 
|  68|0x000000070c800000, 0x000000070c800000, 0x000000070ca00000|  0%| F|  |TAMS 0x000000070c800000, 0x000000070c800000| Untracked 
|  69|0x000000070ca00000, 0x000000070ca00000, 0x000000070cc00000|  0%| F|  |TAMS 0x000000070ca00000, 0x000000070ca00000| Untracked 
|  70|0x000000070cc00000, 0x000000070cc00000, 0x000000070ce00000|  0%| F|  |TAMS 0x000000070cc00000, 0x000000070cc00000| Untracked 
|  71|0x000000070ce00000, 0x000000070ce00000, 0x000000070d000000|  0%| F|  |TAMS 0x000000070ce00000, 0x000000070ce00000| Untracked 
|  72|0x000000070d000000, 0x000000070d000000, 0x000000070d200000|  0%| F|  |TAMS 0x000000070d000000, 0x000000070d000000| Untracked 
|  73|0x000000070d200000, 0x000000070d200000, 0x000000070d400000|  0%| F|  |TAMS 0x000000070d200000, 0x000000070d200000| Untracked 
|  74|0x000000070d400000, 0x000000070d400000, 0x000000070d600000|  0%| F|  |TAMS 0x000000070d400000, 0x000000070d400000| Untracked 
|  75|0x000000070d600000, 0x000000070d600000, 0x000000070d800000|  0%| F|  |TAMS 0x000000070d600000, 0x000000070d600000| Untracked 
|  76|0x000000070d800000, 0x000000070d800000, 0x000000070da00000|  0%| F|  |TAMS 0x000000070d800000, 0x000000070d800000| Untracked 
|  77|0x000000070da00000, 0x000000070da00000, 0x000000070dc00000|  0%| F|  |TAMS 0x000000070da00000, 0x000000070da00000| Untracked 
|  78|0x000000070dc00000, 0x000000070dc00000, 0x000000070de00000|  0%| F|  |TAMS 0x000000070dc00000, 0x000000070dc00000| Untracked 
|  79|0x000000070de00000, 0x000000070de00000, 0x000000070e000000|  0%| F|  |TAMS 0x000000070de00000, 0x000000070de00000| Untracked 
|  80|0x000000070e000000, 0x000000070e000000, 0x000000070e200000|  0%| F|  |TAMS 0x000000070e000000, 0x000000070e000000| Untracked 
|  81|0x000000070e200000, 0x000000070e200000, 0x000000070e400000|  0%| F|  |TAMS 0x000000070e200000, 0x000000070e200000| Untracked 
|  82|0x000000070e400000, 0x000000070e400000, 0x000000070e600000|  0%| F|  |TAMS 0x000000070e400000, 0x000000070e400000| Untracked 
|  83|0x000000070e600000, 0x000000070e600000, 0x000000070e800000|  0%| F|  |TAMS 0x000000070e600000, 0x000000070e600000| Untracked 
|  84|0x000000070e800000, 0x000000070e800000, 0x000000070ea00000|  0%| F|  |TAMS 0x000000070e800000, 0x000000070e800000| Untracked 
|  85|0x000000070ea00000, 0x000000070ea00000, 0x000000070ec00000|  0%| F|  |TAMS 0x000000070ea00000, 0x000000070ea00000| Untracked 
|  86|0x000000070ec00000, 0x000000070ec00000, 0x000000070ee00000|  0%| F|  |TAMS 0x000000070ec00000, 0x000000070ec00000| Untracked 
|  87|0x000000070ee00000, 0x000000070ee00000, 0x000000070f000000|  0%| F|  |TAMS 0x000000070ee00000, 0x000000070ee00000| Untracked 
|  88|0x000000070f000000, 0x000000070f000000, 0x000000070f200000|  0%| F|  |TAMS 0x000000070f000000, 0x000000070f000000| Untracked 
|  89|0x000000070f200000, 0x000000070f200000, 0x000000070f400000|  0%| F|  |TAMS 0x000000070f200000, 0x000000070f200000| Untracked 
|  90|0x000000070f400000, 0x000000070f400000, 0x000000070f600000|  0%| F|  |TAMS 0x000000070f400000, 0x000000070f400000| Untracked 
|  91|0x000000070f600000, 0x000000070f600000, 0x000000070f800000|  0%| F|  |TAMS 0x000000070f600000, 0x000000070f600000| Untracked 
|  92|0x000000070f800000, 0x000000070f800000, 0x000000070fa00000|  0%| F|  |TAMS 0x000000070f800000, 0x000000070f800000| Untracked 
|  93|0x000000070fa00000, 0x000000070fa00000, 0x000000070fc00000|  0%| F|  |TAMS 0x000000070fa00000, 0x000000070fa00000| Untracked 
|  94|0x000000070fc00000, 0x000000070fc00000, 0x000000070fe00000|  0%| F|  |TAMS 0x000000070fc00000, 0x000000070fc00000| Untracked 
|  95|0x000000070fe00000, 0x000000070fe00000, 0x0000000710000000|  0%| F|  |TAMS 0x000000070fe00000, 0x000000070fe00000| Untracked 
|  96|0x0000000710000000, 0x0000000710000000, 0x0000000710200000|  0%| F|  |TAMS 0x0000000710000000, 0x0000000710000000| Untracked 
|  97|0x0000000710200000, 0x0000000710200000, 0x0000000710400000|  0%| F|  |TAMS 0x0000000710200000, 0x0000000710200000| Untracked 
|  98|0x0000000710400000, 0x0000000710400000, 0x0000000710600000|  0%| F|  |TAMS 0x0000000710400000, 0x0000000710400000| Untracked 
|  99|0x0000000710600000, 0x0000000710600000, 0x0000000710800000|  0%| F|  |TAMS 0x0000000710600000, 0x0000000710600000| Untracked 
| 100|0x0000000710800000, 0x0000000710800000, 0x0000000710a00000|  0%| F|  |TAMS 0x0000000710800000, 0x0000000710800000| Untracked 
| 101|0x0000000710a00000, 0x0000000710a00000, 0x0000000710c00000|  0%| F|  |TAMS 0x0000000710a00000, 0x0000000710a00000| Untracked 
| 102|0x0000000710c00000, 0x0000000710c00000, 0x0000000710e00000|  0%| F|  |TAMS 0x0000000710c00000, 0x0000000710c00000| Untracked 
| 103|0x0000000710e00000, 0x0000000710e00000, 0x0000000711000000|  0%| F|  |TAMS 0x0000000710e00000, 0x0000000710e00000| Untracked 
| 104|0x0000000711000000, 0x0000000711000000, 0x0000000711200000|  0%| F|  |TAMS 0x0000000711000000, 0x0000000711000000| Untracked 
| 105|0x0000000711200000, 0x0000000711200000, 0x0000000711400000|  0%| F|  |TAMS 0x0000000711200000, 0x0000000711200000| Untracked 
| 106|0x0000000711400000, 0x0000000711400000, 0x0000000711600000|  0%| F|  |TAMS 0x0000000711400000, 0x0000000711400000| Untracked 
| 107|0x0000000711600000, 0x0000000711600000, 0x0000000711800000|  0%| F|  |TAMS 0x0000000711600000, 0x0000000711600000| Untracked 
| 108|0x0000000711800000, 0x0000000711800000, 0x0000000711a00000|  0%| F|  |TAMS 0x0000000711800000, 0x0000000711800000| Untracked 
| 109|0x0000000711a00000, 0x0000000711a00000, 0x0000000711c00000|  0%| F|  |TAMS 0x0000000711a00000, 0x0000000711a00000| Untracked 
| 110|0x0000000711c00000, 0x0000000711c00000, 0x0000000711e00000|  0%| F|  |TAMS 0x0000000711c00000, 0x0000000711c00000| Untracked 
| 111|0x0000000711e00000, 0x0000000711e00000, 0x0000000712000000|  0%| F|  |TAMS 0x0000000711e00000, 0x0000000711e00000| Untracked 
| 112|0x0000000712000000, 0x0000000712000000, 0x0000000712200000|  0%| F|  |TAMS 0x0000000712000000, 0x0000000712000000| Untracked 
| 113|0x0000000712200000, 0x0000000712200000, 0x0000000712400000|  0%| F|  |TAMS 0x0000000712200000, 0x0000000712200000| Untracked 
| 114|0x0000000712400000, 0x0000000712400000, 0x0000000712600000|  0%| F|  |TAMS 0x0000000712400000, 0x0000000712400000| Untracked 
| 115|0x0000000712600000, 0x0000000712600000, 0x0000000712800000|  0%| F|  |TAMS 0x0000000712600000, 0x0000000712600000| Untracked 
| 116|0x0000000712800000, 0x0000000712800000, 0x0000000712a00000|  0%| F|  |TAMS 0x0000000712800000, 0x0000000712800000| Untracked 
| 117|0x0000000712a00000, 0x0000000712a00000, 0x0000000712c00000|  0%| F|  |TAMS 0x0000000712a00000, 0x0000000712a00000| Untracked 
| 118|0x0000000712c00000, 0x0000000712ddb120, 0x0000000712e00000| 92%| E|  |TAMS 0x0000000712c00000, 0x0000000712c00000| Complete 
| 119|0x0000000712e00000, 0x0000000713000000, 0x0000000713000000|100%| E|CS|TAMS 0x0000000712e00000, 0x0000000712e00000| Complete 
| 120|0x0000000713000000, 0x0000000713200000, 0x0000000713200000|100%| E|CS|TAMS 0x0000000713000000, 0x0000000713000000| Complete 
| 121|0x0000000713200000, 0x0000000713400000, 0x0000000713400000|100%| E|CS|TAMS 0x0000000713200000, 0x0000000713200000| Complete 
| 122|0x0000000713400000, 0x0000000713600000, 0x0000000713600000|100%| E|CS|TAMS 0x0000000713400000, 0x0000000713400000| Complete 
| 123|0x0000000713600000, 0x0000000713800000, 0x0000000713800000|100%| E|CS|TAMS 0x0000000713600000, 0x0000000713600000| Complete 
| 124|0x0000000713800000, 0x0000000713a00000, 0x0000000713a00000|100%| E|CS|TAMS 0x0000000713800000, 0x0000000713800000| Complete 
| 125|0x0000000713a00000, 0x0000000713c00000, 0x0000000713c00000|100%| E|CS|TAMS 0x0000000713a00000, 0x0000000713a00000| Complete 

Card table byte_map: [0x0000018875bd0000,0x00000188763b0000] _byte_map_base: 0x00000188723b0000

Marking Bits (Prev, Next): (CMBitMap*) 0x00000188605d9770, (CMBitMap*) 0x00000188605d97b0
 Prev Bits: [0x0000018876b90000, 0x000001887aa90000)
 Next Bits: [0x000001887aa90000, 0x000001887e990000)

Polling page: 0x0000018860300000

Metaspace:

Usage:
  Non-class:     13.67 MB used.
      Class:      1.46 MB used.
       Both:     15.12 MB used.

Virtual space:
  Non-class space:       16.00 MB reserved,      13.75 MB ( 86%) committed,  2 nodes.
      Class space:        1.00 GB reserved,       1.50 MB ( <1%) committed,  1 nodes.
             Both:        1.02 GB reserved,      15.25 MB (  1%) committed. 

Chunk freelists:
   Non-Class:  2.23 MB
       Class:  2.51 MB
        Both:  4.74 MB

MaxMetaspaceSize: unlimited
CompressedClassSpaceSize: 1.00 GB
Initial GC threshold: 21.00 MB
Current GC threshold: 21.00 MB
CDS: off
MetaspaceReclaimPolicy: balanced
 - commit_granule_bytes: 65536.
 - commit_granule_words: 8192.
 - virtual_space_node_default_size: 1048576.
 - enlarge_chunks_in_place: 1.
 - new_chunks_are_fully_committed: 0.
 - uncommit_free_chunks: 1.
 - use_allocation_guard: 0.
 - handle_deallocations: 1.


Internal statistics:

num_allocs_failed_limit: 0.
num_arena_births: 108.
num_arena_deaths: 0.
num_vsnodes_births: 3.
num_vsnodes_deaths: 0.
num_space_committed: 244.
num_space_uncommitted: 0.
num_chunks_returned_to_freelist: 0.
num_chunks_taken_from_freelist: 178.
num_chunk_merges: 0.
num_chunk_splits: 101.
num_chunks_enlarged: 58.
num_purges: 0.
num_inconsistent_stats: 0.

CodeHeap 'non-profiled nmethods': size=119168Kb used=292Kb max_used=292Kb free=118875Kb
 bounds [0x000001886cfd0000, 0x000001886d240000, 0x0000018874430000]
CodeHeap 'profiled nmethods': size=119104Kb used=1518Kb max_used=1518Kb free=117585Kb
 bounds [0x0000018865b80000, 0x0000018865df0000, 0x000001886cfd0000]
CodeHeap 'non-nmethods': size=7488Kb used=1333Kb max_used=3023Kb free=6154Kb
 bounds [0x0000018865430000, 0x0000018865730000, 0x0000018865b80000]
 total_blobs=1513 nmethods=941 adapters=485
 compilation: enabled
              stopped_count=0, restarted_count=0
 full_count=0

Compilation events (20 events):
Event: 0.385 Thread 0x000001887fab83a0  934       3       sun.util.locale.LocaleUtils::isUpper (18 bytes)
Event: 0.386 Thread 0x000001887fab83a0 nmethod 934 0x0000018865cfac10 code [0x0000018865cfada0, 0x0000018865cfaf18]
Event: 0.386 Thread 0x000001887fab83a0  935       1       java.awt.AWTEvent::getID (5 bytes)
Event: 0.386 Thread 0x000001887fab83a0 nmethod 935 0x000001886d018110 code [0x000001886d0182a0, 0x000001886d018378]
Event: 0.387 Thread 0x000001887fab83a0  936       1       java.util.concurrent.locks.AbstractOwnableSynchronizer::setExclusiveOwnerThread (6 bytes)
Event: 0.387 Thread 0x000001887fab83a0 nmethod 936 0x000001886d018410 code [0x000001886d0185a0, 0x000001886d0186b8]
Event: 0.387 Thread 0x000001887fab83a0  937       1       java.beans.PropertyChangeEvent::getPropertyName (5 bytes)
Event: 0.387 Thread 0x000001887fab83a0 nmethod 937 0x000001886d018710 code [0x000001886d0188a0, 0x000001886d018978]
Event: 0.387 Thread 0x000001887f9e6540  938       1       java.beans.PropertyChangeEvent::getNewValue (5 bytes)
Event: 0.388 Thread 0x000001887f9e6540 nmethod 938 0x000001886d018a10 code [0x000001886d018ba0, 0x000001886d018c78]
Event: 0.557 Thread 0x000001887fc4beb0  939       1       java.util.EventObject::getSource (5 bytes)
Event: 0.557 Thread 0x000001887fc4beb0 nmethod 939 0x000001886d018d10 code [0x000001886d018ea0, 0x000001886d018f78]
Event: 0.557 Thread 0x000001887fc4beb0  940       1       java.util.concurrent.locks.AbstractOwnableSynchronizer::getExclusiveOwnerThread (5 bytes)
Event: 0.557 Thread 0x000001887fc4beb0 nmethod 940 0x000001886d019010 code [0x000001886d0191a0, 0x000001886d019278]
Event: 42.922 Thread 0x000001887fab83a0  941       3       org.eclipse.jdt.launching.internal.org.objectweb.asm.SymbolTable::addConstantMemberReference (29 bytes)
Event: 42.924 Thread 0x000001887fab83a0 

Event: 42.924 Thread 0x000001887fab83a0  942       3       org.eclipse.jdt.launching.internal.org.objectweb.asm.SymbolTable::hash (20 bytes)
Event: 42.924 Thread 0x000001887fab83a0 nmethod 942 0x0000018865cfaf90 code [0x0000018865cfb140, 0x0000018865cfb328]
Event: 42.924 Thread 0x000001887fab83a0  943       3       org.eclipse.jdt.launching.internal.org.objectweb.asm.SymbolTable$Entry::<init> (20 bytes)
Event: 42.924 Thread 0x000001887fab83a0 nmethod 943 0x0000018865cfb490 code [0x0000018865cfb620, 0x0000018865cfb7c8]

GC Heap History (0 events):
No events

Deoptimization events (20 events):
Event: 0.200 Thread 0x0000018860589210 DEOPT PACKING pc=0x0000018865c05c54 sp=0x0000001b215f8150
Event: 0.200 Thread 0x0000018860589210 DEOPT UNPACKING pc=0x0000018865486763 sp=0x0000001b215f75b8 mode 0
Event: 0.201 Thread 0x0000018860589210 DEOPT PACKING pc=0x0000018865c05c54 sp=0x0000001b215fbba0
Event: 0.201 Thread 0x0000018860589210 DEOPT UNPACKING pc=0x0000018865486763 sp=0x0000001b215fb008 mode 0
Event: 0.202 Thread 0x0000018860589210 DEOPT PACKING pc=0x0000018865c05c54 sp=0x0000001b215f80d0
Event: 0.202 Thread 0x0000018860589210 DEOPT UNPACKING pc=0x0000018865486763 sp=0x0000001b215f7538 mode 0
Event: 0.203 Thread 0x0000018860589210 DEOPT PACKING pc=0x0000018865c05c54 sp=0x0000001b215fbad0
Event: 0.203 Thread 0x0000018860589210 DEOPT UNPACKING pc=0x0000018865486763 sp=0x0000001b215faf38 mode 0
Event: 0.204 Thread 0x0000018860589210 DEOPT PACKING pc=0x0000018865c05c54 sp=0x0000001b215fbba0
Event: 0.204 Thread 0x0000018860589210 DEOPT UNPACKING pc=0x0000018865486763 sp=0x0000001b215fb008 mode 0
Event: 0.213 Thread 0x0000018860589210 DEOPT PACKING pc=0x0000018865be7a9f sp=0x0000001b215fcf60
Event: 0.213 Thread 0x0000018860589210 DEOPT UNPACKING pc=0x0000018865486763 sp=0x0000001b215fc3f8 mode 0
Event: 0.333 Thread 0x0000018860589210 Uncommon trap: trap_request=0xffffff45 fr.pc=0x000001886cfd5de0 relative=0x0000000000000060
Event: 0.333 Thread 0x0000018860589210 Uncommon trap: reason=unstable_if action=reinterpret pc=0x000001886cfd5de0 method=java.lang.String.isLatin1()Z @ 10 c2
Event: 0.333 Thread 0x0000018860589210 DEOPT PACKING pc=0x000001886cfd5de0 sp=0x0000001b215fd150
Event: 0.333 Thread 0x0000018860589210 DEOPT UNPACKING pc=0x0000018865485c23 sp=0x0000001b215fd0f0 mode 2
Event: 0.342 Thread 0x0000018860589210 Uncommon trap: trap_request=0xffffff45 fr.pc=0x000001886cfee75c relative=0x000000000000019c
Event: 0.342 Thread 0x0000018860589210 Uncommon trap: reason=unstable_if action=reinterpret pc=0x000001886cfee75c method=java.lang.invoke.VarHandle.checkExactAccessMode(Ljava/lang/invoke/VarHandle$AccessDescriptor;)V @ 4 c2
Event: 0.342 Thread 0x0000018860589210 DEOPT PACKING pc=0x000001886cfee75c sp=0x0000001b215ff050
Event: 0.342 Thread 0x0000018860589210 DEOPT UNPACKING pc=0x0000018865485c23 sp=0x0000001b215fef90 mode 2

Classes unloaded (0 events):
No events

Classes redefined (2 events):
Event: 42.923 Thread 0x000001887fa2eb40 redefined class name=signaux.SignalNRZT, count=1
Event: 131.761 Thread 0x000001887fa2eb40 redefined class name=signaux.SignalNRZT, count=2

Internal exceptions (12 events):
Event: 0.225 Thread 0x0000018860589210 Exception <a 'java/lang/ClassNotFoundException'{0x00000007132521f8}: sun/awt/resources/spi/awtProvider> (0x00000007132521f8) 
thrown [e:\jenkins\tmp\workspace\build\src\src\hotspot\share\classfile\systemDictionary.cpp, line 256]
Event: 0.235 Thread 0x0000018860589210 Exception <a 'java/io/FileNotFoundException'{0x00000007132b1188}> (0x00000007132b1188) 
thrown [e:\jenkins\tmp\workspace\build\src\src\hotspot\share\prims\jni.cpp, line 516]
Event: 0.239 Thread 0x0000018860589210 Exception <a 'java/io/FileNotFoundException'{0x00000007132e01f8}> (0x00000007132e01f8) 
thrown [e:\jenkins\tmp\workspace\build\src\src\hotspot\share\prims\jni.cpp, line 516]
Event: 0.264 Thread 0x0000018860589210 Exception <a 'java/lang/NoSuchMethodError'{0x000000071300e330}: 'java.lang.Object java.lang.invoke.DirectMethodHandle$Holder.invokeStaticInit(java.lang.Object)'> (0x000000071300e330) 
thrown [e:\jenkins\tmp\workspace\build\src\src\hotspot\share\interpreter\linkResolver.cpp, line 766]
Event: 0.284 Thread 0x0000018860589210 Exception <a 'java/lang/NoSuchMethodError'{0x0000000713144cb8}: 'void java.lang.invoke.DirectMethodHandle$Holder.invokeSpecial(java.lang.Object, java.lang.Object, java.lang.Object)'> (0x0000000713144cb8) 
thrown [e:\jenkins\tmp\workspace\build\src\src\hotspot\share\interpreter\linkResolver.cpp, line 766]
Event: 0.289 Thread 0x0000018860589210 Exception <a 'java/lang/NoSuchMethodError'{0x00000007131969f8}: 'java.lang.Object java.lang.invoke.DirectMethodHandle$Holder.newInvokeSpecial(java.lang.Object, java.lang.Object, java.lang.Object, java.lang.Object, java.lang.Object)'> (0x00000007131969f8) 
thrown [e:\jenkins\tmp\workspace\build\src\src\hotspot\share\interpreter\linkResolver.cpp, line 766]
Event: 0.290 Thread 0x0000018860589210 Exception <a 'java/lang/NoSuchMethodError'{0x00000007131a23c0}: 'java.lang.Object java.lang.invoke.DirectMethodHandle$Holder.invokeStatic(java.lang.Object, int, java.lang.Object, java.lang.Object, java.lang.Object, java.lang.Object)'> (0x00000007131a23c0) 
thrown [e:\jenkins\tmp\workspace\build\src\src\hotspot\share\interpreter\linkResolver.cpp, line 766]
Event: 0.292 Thread 0x0000018860589210 Exception <a 'java/lang/NoSuchMethodError'{0x00000007131c81b0}: 'java.lang.Object java.lang.invoke.DirectMethodHandle$Holder.invokeStatic(java.lang.Object, int, java.lang.Object)'> (0x00000007131c81b0) 
thrown [e:\jenkins\tmp\workspace\build\src\src\hotspot\share\interpreter\linkResolver.cpp, line 766]
Event: 0.305 Thread 0x0000018860589210 Exception <a 'java/lang/ClassNotFoundException'{0x0000000712e8f378}: com/sun/swing/internal/plaf/metal/resources/spi/metalProvider> (0x0000000712e8f378) 
thrown [e:\jenkins\tmp\workspace\build\src\src\hotspot\share\classfile\systemDictionary.cpp, line 256]
Event: 0.306 Thread 0x0000018860589210 Exception <a 'java/lang/ClassNotFoundException'{0x0000000712e97378}: com/sun/swing/internal/plaf/basic/resources/spi/basicProvider> (0x0000000712e97378) 
thrown [e:\jenkins\tmp\workspace\build\src\src\hotspot\share\classfile\systemDictionary.cpp, line 256]
Event: 0.315 Thread 0x0000018803051920 Exception <a 'java/lang/NoSuchMethodError'{0x0000000713090a28}: 'void java.lang.invoke.DirectMethodHandle$Holder.invokeVirtual(java.lang.Object, java.lang.Object)'> (0x0000000713090a28) 
thrown [e:\jenkins\tmp\workspace\build\src\src\hotspot\share\interpreter\linkResolver.cpp, line 766]
Event: 0.324 Thread 0x0000018860589210 Exception <a 'java/lang/NoSuchMethodError'{0x0000000712f45020}: 'void java.lang.invoke.DirectMethodHandle$Holder.invokeStaticInit(java.lang.Object)'> (0x0000000712f45020) 
thrown [e:\jenkins\tmp\workspace\build\src\src\hotspot\share\interpreter\linkResolver.cpp, line 766]

VM Operations (20 events):
Event: 43.105 Executing VM operation: get/set locals
Event: 43.105 Executing VM operation: get/set locals done
Event: 43.105 Executing VM operation: get/set locals
Event: 43.105 Executing VM operation: get/set locals done
Event: 131.757 Executing VM operation: ChangeSingleStep
Event: 131.758 Executing VM operation: ChangeSingleStep done
Event: 131.758 Executing VM operation: ChangeSingleStep
Event: 131.758 Executing VM operation: ChangeSingleStep done
Event: 131.760 Executing VM operation: RedefineClasses
Event: 131.763 Executing VM operation: RedefineClasses done
Event: 131.765 Executing VM operation: ChangeBreakpoints
Event: 131.765 Executing VM operation: ChangeBreakpoints done
Event: 131.767 Executing VM operation: ChangeBreakpoints
Event: 131.767 Executing VM operation: ChangeBreakpoints done
Event: 131.768 Executing VM operation: ChangeSingleStep
Event: 131.768 Executing VM operation: ChangeSingleStep done
Event: 131.768 Executing VM operation: get/set locals
Event: 131.768 Executing VM operation: get/set locals done
Event: 131.768 Executing VM operation: ChangeSingleStep
Event: 131.768 Executing VM operation: ChangeSingleStep done

Events (20 events):
Event: 0.390 loading class java/lang/invoke/VarHandleInts$FieldStaticReadWrite
Event: 0.390 loading class java/lang/invoke/VarHandleInts$FieldStaticReadOnly
Event: 0.390 loading class java/lang/invoke/VarHandleInts$FieldStaticReadOnly done
Event: 0.390 loading class java/lang/invoke/VarHandleInts$FieldStaticReadWrite done
Event: 0.390 loading class java/util/concurrent/ForkJoinPool$DefaultForkJoinWorkerThreadFactory
Event: 0.390 loading class java/util/concurrent/ForkJoinPool$ForkJoinWorkerThreadFactory
Event: 0.390 loading class java/util/concurrent/ForkJoinPool$ForkJoinWorkerThreadFactory done
Event: 0.390 loading class java/util/concurrent/ForkJoinPool$DefaultForkJoinWorkerThreadFactory done
Event: 0.390 loading class java/util/concurrent/ForkJoinPool$1
Event: 0.390 loading class java/util/concurrent/ForkJoinPool$1 done
Event: 0.390 loading class java/util/concurrent/ForkJoinPool$DefaultCommonPoolForkJoinWorkerThreadFactory
Event: 0.390 loading class java/util/concurrent/ForkJoinPool$DefaultCommonPoolForkJoinWorkerThreadFactory done
Event: 0.390 loading class java/util/concurrent/ForkJoinPool$WorkQueue
Event: 0.391 loading class java/util/concurrent/ForkJoinPool$WorkQueue done
Event: 0.391 loading class java/util/concurrent/ForkJoinWorkerThread
Event: 0.391 loading class java/util/concurrent/ForkJoinWorkerThread done
Event: 0.557 Thread 0x000001887fd38d10 Thread exited: 0x000001887fd38d10
Event: 5.568 Thread 0x000001887fc8da50 Thread exited: 0x000001887fc8da50
Event: 5.568 Thread 0x000001887fc4beb0 Thread exited: 0x000001887fc4beb0
Event: 10.580 Thread 0x000001887f9e6540 Thread exited: 0x000001887f9e6540


Dynamic libraries:
0x00007ff6a7c70000 - 0x00007ff6a7c7e000 	C:\Users\jerom\.p2\pool\plugins\org.eclipse.justj.openjdk.hotspot.jre.full.win32.x86_64_17.0.2.v20220201-1208\jre\bin\javaw.exe
0x00007ff92c060000 - 0x00007ff92c269000 	C:\Windows\SYSTEM32\ntdll.dll
0x00007ff8f5d60000 - 0x00007ff8f5d77000 	C:\Program Files\Avast Software\Avast\aswhook.dll
0x00007ff92a090000 - 0x00007ff92a14d000 	C:\Windows\System32\KERNEL32.DLL
0x00007ff929a00000 - 0x00007ff929d7c000 	C:\Windows\System32\KERNELBASE.dll
0x00007ff9298e0000 - 0x00007ff9299f1000 	C:\Windows\System32\ucrtbase.dll
0x00007ff90fab0000 - 0x00007ff90fac8000 	C:\Users\jerom\.p2\pool\plugins\org.eclipse.justj.openjdk.hotspot.jre.full.win32.x86_64_17.0.2.v20220201-1208\jre\bin\jli.dll
0x00007ff90ffc0000 - 0x00007ff90ffd9000 	C:\Users\jerom\.p2\pool\plugins\org.eclipse.justj.openjdk.hotspot.jre.full.win32.x86_64_17.0.2.v20220201-1208\jre\bin\VCRUNTIME140.dll
0x00007ff92b4e0000 - 0x00007ff92b68d000 	C:\Windows\System32\USER32.dll
0x00007ff8fc670000 - 0x00007ff8fc915000 	C:\Windows\WinSxS\amd64_microsoft.windows.common-controls_6595b64144ccf1df_6.0.22000.120_none_9d947278b86cc467\COMCTL32.dll
0x00007ff929e40000 - 0x00007ff929e66000 	C:\Windows\System32\win32u.dll
0x00007ff92bf70000 - 0x00007ff92c013000 	C:\Windows\System32\msvcrt.dll
0x00007ff92a860000 - 0x00007ff92a889000 	C:\Windows\System32\GDI32.dll
0x00007ff929540000 - 0x00007ff929659000 	C:\Windows\System32\gdi32full.dll
0x00007ff929660000 - 0x00007ff9296fd000 	C:\Windows\System32\msvcp_win.dll
0x00007ff92a4a0000 - 0x00007ff92a4d1000 	C:\Windows\System32\IMM32.DLL
0x00007ff91f590000 - 0x00007ff91f59c000 	C:\Users\jerom\.p2\pool\plugins\org.eclipse.justj.openjdk.hotspot.jre.full.win32.x86_64_17.0.2.v20220201-1208\jre\bin\vcruntime140_1.dll
0x00007ff90f450000 - 0x00007ff90f4e1000 	C:\Users\jerom\.p2\pool\plugins\org.eclipse.justj.openjdk.hotspot.jre.full.win32.x86_64_17.0.2.v20220201-1208\jre\bin\msvcp140.dll
0x00007ff8cd440000 - 0x00007ff8ce087000 	C:\Users\jerom\.p2\pool\plugins\org.eclipse.justj.openjdk.hotspot.jre.full.win32.x86_64_17.0.2.v20220201-1208\jre\bin\server\jvm.dll
0x00007ff92adf0000 - 0x00007ff92ae9e000 	C:\Windows\System32\ADVAPI32.dll
0x00007ff92b3b0000 - 0x00007ff92b44e000 	C:\Windows\System32\sechost.dll
0x00007ff929ef0000 - 0x00007ff92a010000 	C:\Windows\System32\RPCRT4.dll
0x00007ff92afb0000 - 0x00007ff92afb8000 	C:\Windows\System32\PSAPI.DLL
0x00007ff924060000 - 0x00007ff924093000 	C:\Windows\SYSTEM32\WINMM.dll
0x00007ff921a60000 - 0x00007ff921a6a000 	C:\Windows\SYSTEM32\VERSION.dll
0x00007ff917220000 - 0x00007ff917229000 	C:\Windows\SYSTEM32\WSOCK32.dll
0x00007ff92ad80000 - 0x00007ff92adef000 	C:\Windows\System32\WS2_32.dll
0x00007ff928720000 - 0x00007ff928738000 	C:\Windows\SYSTEM32\kernel.appcore.dll
0x00007ff921fd0000 - 0x00007ff921fda000 	C:\Users\jerom\.p2\pool\plugins\org.eclipse.justj.openjdk.hotspot.jre.full.win32.x86_64_17.0.2.v20220201-1208\jre\bin\jimage.dll
0x00007ff927010000 - 0x00007ff927231000 	C:\Windows\SYSTEM32\DBGHELP.DLL
0x00007ff923ff0000 - 0x00007ff924021000 	C:\Windows\SYSTEM32\dbgcore.DLL
0x00007ff929e70000 - 0x00007ff929eef000 	C:\Windows\System32\bcryptPrimitives.dll
0x00007ff90fc20000 - 0x00007ff90fc5b000 	C:\Users\jerom\.p2\pool\plugins\org.eclipse.justj.openjdk.hotspot.jre.full.win32.x86_64_17.0.2.v20220201-1208\jre\bin\jdwp.dll
0x00007ff91ff20000 - 0x00007ff91ff2e000 	C:\Users\jerom\.p2\pool\plugins\org.eclipse.justj.openjdk.hotspot.jre.full.win32.x86_64_17.0.2.v20220201-1208\jre\bin\instrument.dll
0x00007ff920000000 - 0x00007ff920025000 	C:\Users\jerom\.p2\pool\plugins\org.eclipse.justj.openjdk.hotspot.jre.full.win32.x86_64_17.0.2.v20220201-1208\jre\bin\java.dll
0x00007ff91ffe0000 - 0x00007ff91fff8000 	C:\Users\jerom\.p2\pool\plugins\org.eclipse.justj.openjdk.hotspot.jre.full.win32.x86_64_17.0.2.v20220201-1208\jre\bin\zip.dll
0x00007ff92b690000 - 0x00007ff92be48000 	C:\Windows\System32\SHELL32.dll
0x00007ff927510000 - 0x00007ff927d78000 	C:\Windows\SYSTEM32\windows.storage.dll
0x00007ff92a4e0000 - 0x00007ff92a859000 	C:\Windows\System32\combase.dll
0x00007ff9273a0000 - 0x00007ff927506000 	C:\Windows\SYSTEM32\wintypes.dll
0x00007ff92aea0000 - 0x00007ff92af8a000 	C:\Windows\System32\SHCORE.dll
0x00007ff92a360000 - 0x00007ff92a3bd000 	C:\Windows\System32\shlwapi.dll
0x00007ff929470000 - 0x00007ff929491000 	C:\Windows\SYSTEM32\profapi.dll
0x00007ff91ff00000 - 0x00007ff91ff0c000 	C:\Users\jerom\.p2\pool\plugins\org.eclipse.justj.openjdk.hotspot.jre.full.win32.x86_64_17.0.2.v20220201-1208\jre\bin\dt_socket.dll
0x00007ff928210000 - 0x00007ff92823d000 	C:\Windows\SYSTEM32\IPHLPAPI.DLL
0x00007ff928b50000 - 0x00007ff928bb7000 	C:\Windows\system32\mswsock.dll
0x00007ff928240000 - 0x00007ff928328000 	C:\Windows\SYSTEM32\DNSAPI.dll
0x00007ff92af90000 - 0x00007ff92af99000 	C:\Windows\System32\NSI.dll
0x00007ff921a70000 - 0x00007ff921a7a000 	C:\Windows\System32\rasadhlp.dll
0x00007ff9219d0000 - 0x00007ff921a51000 	C:\Windows\System32\fwpuclnt.dll
0x00007ff91ffc0000 - 0x00007ff91ffd9000 	C:\Users\jerom\.p2\pool\plugins\org.eclipse.justj.openjdk.hotspot.jre.full.win32.x86_64_17.0.2.v20220201-1208\jre\bin\net.dll
0x00007ff922530000 - 0x00007ff92263c000 	C:\Windows\SYSTEM32\WINHTTP.dll
0x00007ff91ffa0000 - 0x00007ff91ffb5000 	C:\Users\jerom\.p2\pool\plugins\org.eclipse.justj.openjdk.hotspot.jre.full.win32.x86_64_17.0.2.v20220201-1208\jre\bin\nio.dll
0x00007ff921b50000 - 0x00007ff921b60000 	C:\Users\jerom\.p2\pool\plugins\org.eclipse.justj.openjdk.hotspot.jre.full.win32.x86_64_17.0.2.v20220201-1208\jre\bin\verify.dll
0x00007ff8ce1b0000 - 0x00007ff8ce33e000 	C:\Users\jerom\.p2\pool\plugins\org.eclipse.justj.openjdk.hotspot.jre.full.win32.x86_64_17.0.2.v20220201-1208\jre\bin\awt.dll
0x00007ff92a3c0000 - 0x00007ff92a496000 	C:\Windows\System32\OLEAUT32.dll
0x00007ff923920000 - 0x00007ff9239b1000 	C:\Windows\SYSTEM32\apphelp.dll
0x00007ff9269e0000 - 0x00007ff926a0f000 	C:\Windows\system32\DWMAPI.DLL
0x00007ff923a00000 - 0x00007ff923aac000 	C:\Windows\system32\uxtheme.dll
0x00007ff8eba00000 - 0x00007ff8ebb01000 	C:\Windows\system32\opengl32.dll
0x00007ff8f2380000 - 0x00007ff8f23ad000 	C:\Windows\SYSTEM32\GLU32.dll
0x00007ff926880000 - 0x00007ff9268b8000 	C:\Windows\SYSTEM32\dxcore.dll
0x00007ff92be50000 - 0x00007ff92bf6e000 	C:\Windows\System32\MSCTF.dll
0x00007ff92b210000 - 0x00007ff92b3aa000 	C:\Windows\System32\ole32.dll
0x00007ff910080000 - 0x00007ff910109000 	C:\Users\jerom\.p2\pool\plugins\org.eclipse.justj.openjdk.hotspot.jre.full.win32.x86_64_17.0.2.v20220201-1208\jre\bin\freetype.dll
0x00007ff8f8de0000 - 0x00007ff8f8e88000 	C:\Users\jerom\.p2\pool\plugins\org.eclipse.justj.openjdk.hotspot.jre.full.win32.x86_64_17.0.2.v20220201-1208\jre\bin\fontmanager.dll
0x00007ff909d40000 - 0x00007ff909e6d000 	C:\Windows\SYSTEM32\textinputframework.dll
0x00007ff8e35d0000 - 0x00007ff8e3a0d000 	C:\Windows\SYSTEM32\uiautomationcore.dll
0x00007ff928c40000 - 0x00007ff928c69000 	C:\Windows\SYSTEM32\USERENV.dll
0x00007ff8e90c0000 - 0x00007ff8e9129000 	C:\Windows\SYSTEM32\OLEACC.dll
0x00007ff92a2b0000 - 0x00007ff92a35f000 	C:\Windows\System32\clbcatq.dll

dbghelp: loaded successfully - version: 4.0.5 - missing functions: none
symbol engine: initialized successfully - sym options: 0x614 - pdb path: .;C:\Users\jerom\.p2\pool\plugins\org.eclipse.justj.openjdk.hotspot.jre.full.win32.x86_64_17.0.2.v20220201-1208\jre\bin;C:\Windows\SYSTEM32;C:\Program Files\Avast Software\Avast;C:\Windows\WinSxS\amd64_microsoft.windows.common-controls_6595b64144ccf1df_6.0.22000.120_none_9d947278b86cc467;C:\Users\jerom\.p2\pool\plugins\org.eclipse.justj.openjdk.hotspot.jre.full.win32.x86_64_17.0.2.v20220201-1208\jre\bin\server

VM Arguments:
jvm_args: -XX:+ShowCodeDetailsInExceptionMessages -agentlib:jdwp=transport=dt_socket,suspend=y,address=localhost:61732 -javaagent:C:\Users\jerom\eclipse\java-2022-03\eclipse\configuration\org.eclipse.osgi\225\0\.cp\lib\javaagent-shaded.jar -Dfile.encoding=Cp1252 
java_command: simulateur.Simulateur -s -mess 01 -form NRZT -nbEch 6
java_class_path (initial): C:\Users\jerom\git\SIT213_Project\SIT213_Project\bin;C:\Users\jerom\.p2\pool\plugins\org.junit.jupiter.api_5.8.1.v20211018-1956.jar;C:\Users\jerom\.p2\pool\plugins\org.junit.jupiter.engine_5.8.1.v20211018-1956.jar;C:\Users\jerom\.p2\pool\plugins\org.junit.jupiter.migrationsupport_5.8.1.v20211018-1956.jar;C:\Users\jerom\.p2\pool\plugins\org.junit.jupiter.params_5.8.1.v20211018-1956.jar;C:\Users\jerom\.p2\pool\plugins\org.junit.platform.commons_1.8.1.v20211018-1956.jar;C:\Users\jerom\.p2\pool\plugins\org.junit.platform.engine_1.8.1.v20211018-1956.jar;C:\Users\jerom\.p2\pool\plugins\org.junit.platform.launcher_1.8.1.v20211018-1956.jar;C:\Users\jerom\.p2\pool\plugins\org.junit.platform.runner_1.8.1.v20211018-1956.jar;C:\Users\jerom\.p2\pool\plugins\org.junit.platform.suite.api_1.8.1.v20211018-1956.jar;C:\Users\jerom\.p2\pool\plugins\org.junit.platform.suite.engine_1.8.1.v20211028-1957.jar;C:\Users\jerom\.p2\pool\plugins\org.junit.platform.suite.commons_1.8.1.v20211018-1956.jar;C:\Users\jerom\.p2\pool\plugins\org.junit.vintage.engine_5.8.1.v20211018-1956.jar;C:\Users\jerom\.p2\pool\plugins\org.opentest4j_1.2.0.v20211018-1956.jar;C:\Users\jerom\.p2\pool\plugins\org.apiguardian_1.1.2.v20211018-1956.jar;C:\Users\jerom\.p2\pool\plugins\org.junit_4.13.2.v20211018-1956.jar;C:\Users\jerom\.p2\pool\plugins\org.hamcrest.core_1.3.0.v20180420-1519.jar
Launcher Type: SUN_STANDARD

[Global flags]
     intx CICompilerCount                          = 12                                        {product} {ergonomic}
     uint ConcGCThreads                            = 3                                         {product} {ergonomic}
     uint G1ConcRefinementThreads                  = 13                                        {product} {ergonomic}
   size_t G1HeapRegionSize                         = 2097152                                   {product} {ergonomic}
    uintx GCDrainStackTargetSize                   = 64                                        {product} {ergonomic}
   size_t InitialHeapSize                          = 264241152                                 {product} {ergonomic}
   size_t MarkStackSize                            = 4194304                                   {product} {ergonomic}
   size_t MaxHeapSize                              = 4227858432                                {product} {ergonomic}
   size_t MaxNewSize                               = 2535456768                                {product} {ergonomic}
   size_t MinHeapDeltaBytes                        = 2097152                                   {product} {ergonomic}
   size_t MinHeapSize                              = 8388608                                   {product} {ergonomic}
    uintx NonNMethodCodeHeapSize                   = 7602480                                {pd product} {ergonomic}
    uintx NonProfiledCodeHeapSize                  = 122027880                              {pd product} {ergonomic}
    uintx ProfiledCodeHeapSize                     = 122027880                              {pd product} {ergonomic}
    uintx ReservedCodeCacheSize                    = 251658240                              {pd product} {ergonomic}
     bool SegmentedCodeCache                       = true                                      {product} {ergonomic}
     bool ShowCodeDetailsInExceptionMessages       = true                                   {manageable} {command line}
   size_t SoftMaxHeapSize                          = 4227858432                             {manageable} {ergonomic}
     bool UseCompressedClassPointers               = true                           {product lp64_product} {ergonomic}
     bool UseCompressedOops                        = true                           {product lp64_product} {ergonomic}
     bool UseG1GC                                  = true                                      {product} {ergonomic}
     bool UseLargePagesIndividualAllocation        = false                                  {pd product} {ergonomic}

Logging:
Log output configuration:
 #0: stdout all=warning uptime,level,tags
 #1: stderr all=off uptime,level,tags

Environment Variables:
PATH=C:\Users\jerom\.p2\pool\plugins\org.eclipse.justj.openjdk.hotspot.jre.full.win32.x86_64_17.0.2.v20220201-1208\jre\bin;C:/Users/jerom/.p2/pool/plugins/org.eclipse.justj.openjdk.hotspot.jre.full.win32.x86_64_17.0.2.v20220201-1208/jre/bin/server;C:/Users/jerom/.p2/pool/plugins/org.eclipse.justj.openjdk.hotspot.jre.full.win32.x86_64_17.0.2.v20220201-1208/jre/bin;C:\Program Files\Common Files\Oracle\Java\javapath;C:\ProgramData\Oracle\Java\javapath;C:\Windows\system32;C:\Windows;C:\Windows\System32\Wbem;C:\Windows\System32\WindowsPowerShell\v1.0\;C:\Windows\System32\OpenSSH\;C:\Program Files (x86)\NVIDIA Corporation\PhysX\Common;C:\Program Files\NVIDIA Corporation\NVIDIA NvDLISR;C:\Program Files\dotnet\;C:\Users\jerom\AppData\Local\Programs\Python\Python310\Scripts\;C:\Users\jerom\AppData\Local\Programs\Python\Python310\;C:\Users\jerom\AppData\Local\Microsoft\WindowsApps;;C:\Program Files\JetBrains\PyCharm Community Edition 2022.2\bin;;C:\Users\jerom\Desktop;
USERNAME=jerom
OS=Windows_NT
PROCESSOR_IDENTIFIER=Intel64 Family 6 Model 141 Stepping 1, GenuineIntel



---------------  S Y S T E M  ---------------

OS:
 Windows 11 , 64 bit Build 22000 (10.0.22000.708)
OS uptime: 1 days 8:07 hours

CPU: total 16 (initial active 16) (8 cores per cpu, 2 threads per core) family 6 model 141 stepping 1 microcode 0x3e, cx8, cmov, fxsr, ht, mmx, 3dnowpref, sse, sse2, sse3, ssse3, sse4.1, sse4.2, popcnt, lzcnt, tsc, tscinvbit, avx, avx2, aes, erms, clmul, bmi1, bmi2, adx, avx512f, avx512dq, avx512cd, avx512bw, avx512vl, sha, fma, vzeroupper, avx512_vpopcntdq, avx512_vpclmulqdq, avx512_vaes, avx512_vnni, clflush, clflushopt, clwb, avx512_vbmi2, avx512_vbmi

Memory: 4k page, system-wide physical 16122M (6017M free)
TotalPageFile size 18554M (AvailPageFile size 2906M)
current process WorkingSet (physical memory assigned to process): 72M, peak: 76M
current process commit charge ("private bytes"): 362M, peak: 364M

vm_info: OpenJDK 64-Bit Server VM (17.0.2+8) for windows-amd64 JRE (17.0.2+8), built on Jan 20 2022 04:52:34 by "" with MS VC++ 16.7 (VS2019)

END.
