#
# A fatal error has been detected by the Java Runtime Environment:
#
#  EXCEPTION_ACCESS_VIOLATION (0xc0000005) at pc=0x00007ffd001ed65a, pid=25860, tid=15560
#
# JRE version: Java(TM) SE Runtime Environment (17.0.2+8) (build 17.0.2+8-LTS-86)
# Java VM: Java HotSpot(TM) 64-Bit Server VM (17.0.2+8-LTS-86, mixed mode, sharing, tiered, compressed oops, compressed class ptrs, g1 gc, windows-amd64)
# Problematic frame:
# V  [jvm.dll+0x73d65a]
#
# No core dump will be written. Minidumps are not enabled by default on client versions of Windows
#
# If you would like to submit a bug report, please visit:
#   https://bugreport.java.com/bugreport/crash.jsp
#

---------------  S U M M A R Y ------------

Command Line: -XX:+ShowCodeDetailsInExceptionMessages -agentlib:jdwp=transport=dt_socket,suspend=y,address=localhost:49154 -javaagent:C:\Users\aina2\eclipse\java-2021-12\eclipse\configuration\org.eclipse.osgi\224\0\.cp\lib\javaagent-shaded.jar -Dfile.encoding=Cp1252 simulateur.Simulateur -s -mess 0101011100111011

Host: Intel(R) Core(TM) i7-10510U CPU @ 1.80GHz, 8 cores, 7G,  Windows 11 , 64 bit Build 22000 (10.0.22000.708)
Time: Sun Oct  2 12:04:50 2022 Paris, Madrid (heure duild 22000 (10.0.22000.708) elapsed time: 89.293710 seconds (0d 0h 1m 29s)

---------------  T H R E A D  ---------------

Current thread (0x000001a2261b9120):  JavaThread "JDWP Transport Listener: dt_socket" daemon [_thread_in_vm, id=15560, stack(0x00000038e8900000,0x00000038e8a00000)]

Stack: [0x00000038e8900000,0x00000038e8a00000],  sp=0x00000038e89ff2e0,  free space=1020k
Native frames: (J=compiled Java code, j=interpreted, Vv=VM code, C=native code)
V  [jvm.dll+0x73d65a]
V  [jvm.dll+0x504e0c]
V  [jvm.dll+0x4d0634]
C  [jdwp.dll+0x22e9f]


siginfo: EXCEPTION_ACCESS_VIOLATION (0xc0000005), reading address 0x0000000000460049


Register to memory mapping:

RIP=0x00007ffd001ed65a jvm.dll
RAX=0x0000000000000047 is an unknown value
RBX=0x000001a225571aee points into unknown readable memory: 56 00
RCX=0x0000000000460045 is an unknown value
RDX=0x000001a226a4b710 points into unknown readable memory: 0x656d736e6172744c | 4c 74 72 61 6e 73 6d 65
RSP=0x00000038e89ff2e0 is pointing into the stack for thread: 0x000001a2261b9120
RBP=0x000001a2261a7210 points into unknown readable memory: 0x0000000000000002 | 02 00 00 00 00 00 00 00
RSI=0x0 is NULL
RDI=0xffffffffffffffff is an unknown value
R8 =0x00000000000001e1 is an unknown value
R9 =0x000000000000003d is an unknown value
R10=0x00000000000001c0 is an unknown value
R11=0x00000038e89ff300 is pointing into the stack for thread: 0x000001a2261b9120
R12=0x00000038e89ff438 is pointing into the stack for thread: 0x000001a2261b9120
R13=0x0 is NULL
R14=0x0000000800c03400 is a pointer to class: 
transmetteurs.TransmetteurAnalogiqueParfait {0x0000000800c03408}
 - instance size:     3
 - klass size:        82
 - access:            public synchronized 
 - state:             fully_initialized
 - name:              'transmetteurs/TransmetteurAnalogiqueParfait'
 - super:             'transmetteurs/Transmetteur'
 - sub:               
 - arrays:            NULL
 - methods:           Array<T>(0x000001a225c5ffe0)
 - method ordering:   Array<T>(0x000001a225f045f0)
 - default_methods:   Array<T>(0x0000000000000000)
 - local interfaces:  Array<T>(0x00000008005cf748)
 - trans. interfaces: Array<T>(0x000001a225c406c0)
 - constants:         constant pool [73] {0x000001a225f04b60} for 'transmetteurs/TransmetteurAnalogiqueParfait' cache=0x000001a225f04e30
 - class loader data:  loader data: 0x000001a2260af000 for instance a 'jdk/internal/loader/ClassLoaders$AppClassLoader'{0x000000008af68950}
 - source file:       'TransmetteurAnalogiqueParfait.java'
 - source debug extension:       SMAP
TransmetteurAnalogiqueParfait.java
Java
*S jdt
*F
1 TransmetteurAnalogiqueParfait.java
2 file:/C:/Users/aina2/git/SIT213_Project/SIT213_Project/bin/
*L
*E

 - class annotations:       Array<T>(0x0000000000000000)
 - class type annotations:  Array<T>(0x0000000000000000)
 - field annotations:       Array<T>(0x0000000000000000)
 - field type annotations:  Array<T>(0x0000000000000000)
 - previous version:  constant pool [61] {0x000001a225c48570} for 'transmetteurs/TransmetteurAnalogiqueParfait' (extra) cache=0x000001a225c4bda0
 - generic signature: '
[error occurred during error reporting (printing register info), id 0xc0000005, EXCEPTION_ACCESS_VIOLATION (0xc0000005) at pc=0x00007ffd001ee266]

Registers:
RAX=0x0000000000000047, RBX=0x000001a225571aee, RCX=0x0000000000460045, RDX=0x000001a226a4b710
RSP=0x00000038e89ff2e0, RBP=0x000001a2261a7210, RSI=0x0000000000000000, RDI=0xffffffffffffffff
R8 =0x00000000000001e1, R9 =0x000000000000003d, R10=0x00000000000001c0, R11=0x00000038e89ff300
R12=0x00000038e89ff438, R13=0x0000000000000000, R14=0x0000000800c03400, R15=0x00000038e89ff488
RIP=0x00007ffd001ed65a, EFLAGS=0x0000000000010202

Top of Stack: (sp=0x00000038e89ff2e0)
0x00000038e89ff2e0:   000000000000002b 0000000800c03400
0x00000038e89ff2f0:   000001a2261b9120 0000000000000000
0x00000038e89ff300:   ffffffffffffffff 00007ffcfffb4e0c
0x00000038e89ff310:   000001a225571aee 000001a225571ac0
0x00000038e89ff320:   000001a2261a7210 000001a226908a90
0x00000038e89ff330:   000001a225571a80 00000000000003d8
0x00000038e89ff340:   000001a225571a90 000001a225571e68
0x00000038e89ff350:   0000000000000002 00000038e89ff438
0x00000038e89ff360:   0000000000000000 0000000000000000
0x00000038e89ff370:   000000008a923080 00007ffcfff80634
0x00000038e89ff380:   000001a2261b9120 00000038e89ff488
0x00000038e89ff390:   000001a20751f430 00000038e89ff488
0x00000038e89ff3a0:   000001a2261b9120 0000000000000000
0x00000038e89ff3b0:   000001a200000000 0000000000000000
0x00000038e89ff3c0:   000000000000000d 00007ffd28012e9f
0x00000038e89ff3d0:   00000038e89ff480 00007ffd28021830 

Instructions: (pc=0x00007ffd001ed65a)
0x00007ffd001ed55a:   48 83 c4 20 5f e9 8c 75 96 ff cc cc cc cc cc cc
0x00007ffd001ed56a:   cc cc cc cc cc cc 48 89 5c 24 08 57 48 83 ec 20
0x00007ffd001ed57a:   83 fa 02 8d 42 06 b9 08 00 00 00 49 8b d8 0f 4e
0x00007ffd001ed58a:   c1 48 63 c8 48 83 c1 07 83 e1 f8 48 63 f9 49 8b
0x00007ffd001ed59a:   48 18 48 8b c7 48 f7 d0 48 3b c1 73 16 4c 8d 05
0x00007ffd001ed5aa:   9a 52 17 00 48 8b d7 48 8b cb e8 97 d8 96 ff 48
0x00007ffd001ed5ba:   8b 4b 18 48 8d 04 39 48 3b 43 20 76 18 45 33 c0
0x00007ffd001ed5ca:   48 8b d7 48 8b cb 48 8b 5c 24 30 48 83 c4 20 5f
0x00007ffd001ed5da:   e9 f1 d4 96 ff 48 89 43 18 48 8b c1 48 8b 5c 24
0x00007ffd001ed5ea:   30 48 83 c4 20 5f c3 cc cc cc cc cc cc cc cc cc
0x00007ffd001ed5fa:   cc cc cc cc cc cc 4c 8b d2 4c 8b d9 45 85 c0 7e
0x00007ffd001ed60a:   3c 44 0f b7 49 04 41 8d 40 ff 41 3b c1 44 0f 4c
0x00007ffd001ed61a:   c8 4d 63 c1 45 85 c9 7e 1f 48 8b c2 4c 2b da 49
0x00007ffd001ed62a:   8b d0 0f 1f 40 00 41 0f b6 4c 03 06 88 08 48 8d
0x00007ffd001ed63a:   40 01 48 83 ea 01 75 ee 43 c6 04 10 00 49 8b c2
0x00007ffd001ed64a:   c3 cc cc cc cc cc 48 89 5c 24 08 57 48 83 ec 20
0x00007ffd001ed65a:   0f b7 59 04 48 8b f9 33 d2 48 8d 4b 01 e8 44 96
0x00007ffd001ed66a:   f8 ff 0f b7 57 04 4c 8b c0 3b da 0f 42 d3 44 8b
0x00007ffd001ed67a:   ca 85 d2 74 39 48 2b f8 0f 1f 40 00 66 66 0f 1f
0x00007ffd001ed68a:   84 00 00 00 00 00 0f b6 4c 07 06 88 08 48 ff c0
0x00007ffd001ed69a:   48 8b c8 49 2b c8 49 3b c9 7c eb 42 c6 04 02 00
0x00007ffd001ed6aa:   49 8b c0 48 8b 5c 24 30 48 83 c4 20 5f c3 48 8b
0x00007ffd001ed6ba:   5c 24 30 c6 04 02 00 48 83 c4 20 5f c3 cc cc cc
0x00007ffd001ed6ca:   cc cc cc cc cc cc 4c 8b d1 45 85 c0 7e 6c 44 0f
0x00007ffd001ed6da:   b7 49 04 41 8d 40 ff 41 3b c1 44 0f 4c c8 4d 63
0x00007ffd001ed6ea:   d9 45 85 c9 7e 22 48 8b ca 4c 2b d2 4d 8b c3 0f
0x00007ffd001ed6fa:   1f 80 00 00 00 00 41 0f b6 44 0a 06 88 01 48 8d
0x00007ffd001ed70a:   49 01 49 83 e8 01 75 ee 41 c6 04 13 00 48 c7 c0
0x00007ffd001ed71a:   ff ff ff ff 66 90 48 ff c0 80 3c 02 00 75 f7 48
0x00007ffd001ed72a:   63 c8 85 c0 48 8b c2 7e 14 80 38 2f 75 03 c6 00
0x00007ffd001ed73a:   2e 48 ff c0 48 83 e9 01 75 ef 48 8b c2 c3 cc cc
0x00007ffd001ed74a:   cc cc cc cc cc cc 48 83 ec 28 e8 f7 fe ff ff 4c 


Stack slot to memory mapping:
stack at sp + 0 slots: 0x000000000000002b is an unknown value
stack at sp + 1 slots: 0x0000000800c03400 is a pointer to class: 
transmetteurs.TransmetteurAnalogiqueParfait {0x0000000800c03408}
 - instance size:     3
 - klass size:        82
 - access:            public synchronized 
 - state:             fully_initialized
 - name:              'transmetteurs/TransmetteurAnalogiqueParfait'
 - super:             'transmetteurs/Transmetteur'
 - sub:               
 - arrays:            NULL
 - methods:           Array<T>(0x000001a225c5ffe0)
 - method ordering:   Array<T>(0x000001a225f045f0)
 - default_methods:   Array<T>(0x0000000000000000)
 - local interfaces:  Array<T>(0x00000008005cf748)
 - trans. interfaces: Array<T>(0x000001a225c406c0)
 - constants:         constant pool [73] {0x000001a225f04b60} for 'transmetteurs/TransmetteurAnalogiqueParfait' cache=0x000001a225f04e30
 - class loader data:  loader data: 0x000001a2260af000 for instance a 'jdk/internal/loader/ClassLoaders$AppClassLoader'{0x000000008af68950}
 - source file:       'TransmetteurAnalogiqueParfait.java'
 - source debug extension:       SMAP
TransmetteurAnalogiqueParfait.java
Java
*S jdt
*F
1 TransmetteurAnalogiqueParfait.java
2 file:/C:/Users/aina2/git/SIT213_Project/SIT213_Project/bin/
*L
*E

 - class annotations:       Array<T>(0x0000000000000000)
 - class type annotations:  Array<T>(0x0000000000000000)
 - field annotations:       Array<T>(0x0000000000000000)
 - field type annotations:  Array<T>(0x0000000000000000)
 - previous version:  constant pool [61] {0x000001a225c48570} for 'transmetteurs/TransmetteurAnalogiqueParfait' (extra) cache=0x000001a225c4bda0
 - generic signature: '
[error occurred during error reporting (inspecting top of stack), id 0xc0000005, EXCEPTION_ACCESS_VIOLATION (0xc0000005) at pc=0x00007ffd001ee266]


---------------  P R O C E S S  ---------------

Threads class SMR info:
_java_thread_list=0x000001a226a6d770, length=19, elements={
0x000001a2075326e0, 0x000001a2254dc930, 0x000001a2254df2f0, 0x000001a2254f60d0,
0x000001a2254f7a90, 0x000001a2254f8440, 0x000001a225500e00, 0x000001a225505090,
0x000001a225506340, 0x000001a225508d40, 0x000001a2254c66b0, 0x000001a2261b9120,
0x000001a2261bb5d0, 0x000001a2261bbec0, 0x000001a2263fe950, 0x000001a2269afc30,
0x000001a2269b06d0, 0x000001a2269e2d80, 0x000001a226a6e630
}

Java Threads: ( => current thread )
  0x000001a2075326e0 JavaThread "main" [_thread_blocked, id=13200, stack(0x00000038e7800000,0x00000038e7900000)]
  0x000001a2254dc930 JavaThread "Reference Handler" daemon [_thread_blocked, id=26464, stack(0x00000038e7f00000,0x00000038e8000000)]
  0x000001a2254df2f0 JavaThread "Finalizer" daemon [_thread_blocked, id=9176, stack(0x00000038e8000000,0x00000038e8100000)]
  0x000001a2254f60d0 JavaThread "Signal Dispatcher" daemon [_thread_blocked, id=9576, stack(0x00000038e8100000,0x00000038e8200000)]
  0x000001a2254f7a90 JavaThread "Attach Listener" daemon [_thread_blocked, id=27300, stack(0x00000038e8200000,0x00000038e8300000)]
  0x000001a2254f8440 JavaThread "Service Thread" daemon [_thread_blocked, id=9204, stack(0x00000038e8300000,0x00000038e8400000)]
  0x000001a225500e00 JavaThread "Monitor Deflation Thread" daemon [_thread_blocked, id=28932, stack(0x00000038e8400000,0x00000038e8500000)]
  0x000001a225505090 JavaThread "C2 CompilerThread0" daemon [_thread_blocked, id=16040, stack(0x00000038e8500000,0x00000038e8600000)]
  0x000001a225506340 JavaThread "C1 CompilerThread0" daemon [_thread_blocked, id=28960, stack(0x00000038e8600000,0x00000038e8700000)]
  0x000001a225508d40 JavaThread "Sweeper thread" daemon [_thread_blocked, id=20912, stack(0x00000038e8700000,0x00000038e8800000)]
  0x000001a2254c66b0 JavaThread "Common-Cleaner" daemon [_thread_blocked, id=20584, stack(0x00000038e8800000,0x00000038e8900000)]
=>0x000001a2261b9120 JavaThread "JDWP Transport Listener: dt_socket" daemon [_thread_in_vm, id=15560, stack(0x00000038e8900000,0x00000038e8a00000)]
  0x000001a2261bb5d0 JavaThread "JDWP Event Helper Thread" daemon [_thread_blocked, id=28828, stack(0x00000038e8a00000,0x00000038e8b00000)]
  0x000001a2261bbec0 JavaThread "JDWP Command Reader" daemon [_thread_in_native, id=7980, stack(0x00000038e8b00000,0x00000038e8c00000)]
  0x000001a2263fe950 JavaThread "Notification Thread" daemon [_thread_blocked, id=28572, stack(0x00000038e8c00000,0x00000038e8d00000)]
  0x000001a2269afc30 JavaThread "Java2D Disposer" daemon [_thread_blocked, id=16344, stack(0x00000038e8f00000,0x00000038e9000000)]
  0x000001a2269b06d0 JavaThread "AWT-Shutdown" [_thread_blocked, id=25116, stack(0x00000038e9000000,0x00000038e9100000)]
  0x000001a2269e2d80 JavaThread "AWT-Windows" daemon [_thread_in_native, id=18316, stack(0x00000038e9100000,0x00000038e9200000)]
  0x000001a226a6e630 JavaThread "AWT-EventQueue-0" [_thread_blocked, id=476, stack(0x00000038e8e00000,0x00000038e8f00000)]

Other Threads:
  0x000001a2254d91b0 VMThread "VM Thread" [stack: 0x00000038e7e00000,0x00000038e7f00000] [id=15948]
  0x000001a22638b660 WatcherThread [stack: 0x00000038e8d00000,0x00000038e8e00000] [id=23232]
  0x000001a207571f80 GCTaskThread "GC Thread#0" [stack: 0x00000038e7900000,0x00000038e7a00000] [id=13448]
  0x000001a207582880 ConcurrentGCThread "G1 Main Marker" [stack: 0x00000038e7a00000,0x00000038e7b00000] [id=6744]
  0x000001a207584a40 ConcurrentGCThread "G1 Conc#0" [stack: 0x00000038e7b00000,0x00000038e7c00000] [id=3092]
  0x000001a2253a0090 ConcurrentGCThread "G1 Refine#0" [stack: 0x00000038e7c00000,0x00000038e7d00000] [id=20488]
  0x000001a2253a0850 ConcurrentGCThread "G1 Service" [stack: 0x00000038e7d00000,0x00000038e7e00000] [id=4176]

Threads with active compile tasks:

VM state: not at safepoint (normal execution)

VM Mutex/Monitor currently owned by a thread: None

Heap address: 0x0000000083200000, size: 1998 MB, Compressed Oops mode: 32-bit

CDS archive(s) mapped at: [0x0000000800000000-0x0000000800bc0000-0x0000000800bc0000), size 12320768, SharedBaseAddress: 0x0000000800000000, ArchiveRelocationMode: 0.
Compressed class space mapped at: 0x0000000800c00000-0x0000000840c00000, reserved size: 1073741824
Narrow klass base: 0x0000000800000000, Narrow klass shift: 0, Narrow klass range: 0x100000000

GC Precious Log:
 CPUs: 8 total, 8 available
 Memory: 7991M
 Large Page Support: Disabled
 NUMA Support: Disabled
 Compressed Oops: Enabled (32-bit)
 Heap Region Size: 1M
 Heap Min Capacity: 8M
 Heap Initial Capacity: 126M
 Heap Max Capacity: 1998M
 Pre-touch: Disabled
 Parallel Workers: 8
 Concurrent Workers: 2
 Concurrent Refinement Workers: 8
 Periodic GC: Disabled

Heap:
 garbage-first heap   total 129024K, used 14336K [0x0000000083200000, 0x0000000100000000)
  region size 1024K, 15 young (15360K), 0 survivors (0K)
 Metaspace       used 8235K, committed 8448K, reserved 1056768K
  class space    used 852K, committed 960K, reserved 1048576K

Heap Regions: E=young(eden), S=young(survivor), O=old, HS=humongous(starts), HC=humongous(continues), CS=collection set, F=free, OA=open archive, CA=closed archive, TAMS=top-at-mark-start (previous, next)
|   0|0x0000000083200000, 0x0000000083200000, 0x0000000083300000|  0%| F|  |TAMS 0x0000000083200000, 0x0000000083200000| Untracked 
|   1|0x0000000083300000, 0x0000000083300000, 0x0000000083400000|  0%| F|  |TAMS 0x0000000083300000, 0x0000000083300000| Untracked 
|   2|0x0000000083400000, 0x0000000083400000, 0x0000000083500000|  0%| F|  |TAMS 0x0000000083400000, 0x0000000083400000| Untracked 
|   3|0x0000000083500000, 0x0000000083500000, 0x0000000083600000|  0%| F|  |TAMS 0x0000000083500000, 0x0000000083500000| Untracked 
|   4|0x0000000083600000, 0x0000000083600000, 0x0000000083700000|  0%| F|  |TAMS 0x0000000083600000, 0x0000000083600000| Untracked 
|   5|0x0000000083700000, 0x0000000083700000, 0x0000000083800000|  0%| F|  |TAMS 0x0000000083700000, 0x0000000083700000| Untracked 
|   6|0x0000000083800000, 0x0000000083800000, 0x0000000083900000|  0%| F|  |TAMS 0x0000000083800000, 0x0000000083800000| Untracked 
|   7|0x0000000083900000, 0x0000000083900000, 0x0000000083a00000|  0%| F|  |TAMS 0x0000000083900000, 0x0000000083900000| Untracked 
|   8|0x0000000083a00000, 0x0000000083a00000, 0x0000000083b00000|  0%| F|  |TAMS 0x0000000083a00000, 0x0000000083a00000| Untracked 
|   9|0x0000000083b00000, 0x0000000083b00000, 0x0000000083c00000|  0%| F|  |TAMS 0x0000000083b00000, 0x0000000083b00000| Untracked 
|  10|0x0000000083c00000, 0x0000000083c00000, 0x0000000083d00000|  0%| F|  |TAMS 0x0000000083c00000, 0x0000000083c00000| Untracked 
|  11|0x0000000083d00000, 0x0000000083d00000, 0x0000000083e00000|  0%| F|  |TAMS 0x0000000083d00000, 0x0000000083d00000| Untracked 
|  12|0x0000000083e00000, 0x0000000083e00000, 0x0000000083f00000|  0%| F|  |TAMS 0x0000000083e00000, 0x0000000083e00000| Untracked 
|  13|0x0000000083f00000, 0x0000000083f00000, 0x0000000084000000|  0%| F|  |TAMS 0x0000000083f00000, 0x0000000083f00000| Untracked 
|  14|0x0000000084000000, 0x0000000084000000, 0x0000000084100000|  0%| F|  |TAMS 0x0000000084000000, 0x0000000084000000| Untracked 
|  15|0x0000000084100000, 0x0000000084100000, 0x0000000084200000|  0%| F|  |TAMS 0x0000000084100000, 0x0000000084100000| Untracked 
|  16|0x0000000084200000, 0x0000000084200000, 0x0000000084300000|  0%| F|  |TAMS 0x0000000084200000, 0x0000000084200000| Untracked 
|  17|0x0000000084300000, 0x0000000084300000, 0x0000000084400000|  0%| F|  |TAMS 0x0000000084300000, 0x0000000084300000| Untracked 
|  18|0x0000000084400000, 0x0000000084400000, 0x0000000084500000|  0%| F|  |TAMS 0x0000000084400000, 0x0000000084400000| Untracked 
|  19|0x0000000084500000, 0x0000000084500000, 0x0000000084600000|  0%| F|  |TAMS 0x0000000084500000, 0x0000000084500000| Untracked 
|  20|0x0000000084600000, 0x0000000084600000, 0x0000000084700000|  0%| F|  |TAMS 0x0000000084600000, 0x0000000084600000| Untracked 
|  21|0x0000000084700000, 0x0000000084700000, 0x0000000084800000|  0%| F|  |TAMS 0x0000000084700000, 0x0000000084700000| Untracked 
|  22|0x0000000084800000, 0x0000000084800000, 0x0000000084900000|  0%| F|  |TAMS 0x0000000084800000, 0x0000000084800000| Untracked 
|  23|0x0000000084900000, 0x0000000084900000, 0x0000000084a00000|  0%| F|  |TAMS 0x0000000084900000, 0x0000000084900000| Untracked 
|  24|0x0000000084a00000, 0x0000000084a00000, 0x0000000084b00000|  0%| F|  |TAMS 0x0000000084a00000, 0x0000000084a00000| Untracked 
|  25|0x0000000084b00000, 0x0000000084b00000, 0x0000000084c00000|  0%| F|  |TAMS 0x0000000084b00000, 0x0000000084b00000| Untracked 
|  26|0x0000000084c00000, 0x0000000084c00000, 0x0000000084d00000|  0%| F|  |TAMS 0x0000000084c00000, 0x0000000084c00000| Untracked 
|  27|0x0000000084d00000, 0x0000000084d00000, 0x0000000084e00000|  0%| F|  |TAMS 0x0000000084d00000, 0x0000000084d00000| Untracked 
|  28|0x0000000084e00000, 0x0000000084e00000, 0x0000000084f00000|  0%| F|  |TAMS 0x0000000084e00000, 0x0000000084e00000| Untracked 
|  29|0x0000000084f00000, 0x0000000084f00000, 0x0000000085000000|  0%| F|  |TAMS 0x0000000084f00000, 0x0000000084f00000| Untracked 
|  30|0x0000000085000000, 0x0000000085000000, 0x0000000085100000|  0%| F|  |TAMS 0x0000000085000000, 0x0000000085000000| Untracked 
|  31|0x0000000085100000, 0x0000000085100000, 0x0000000085200000|  0%| F|  |TAMS 0x0000000085100000, 0x0000000085100000| Untracked 
|  32|0x0000000085200000, 0x0000000085200000, 0x0000000085300000|  0%| F|  |TAMS 0x0000000085200000, 0x0000000085200000| Untracked 
|  33|0x0000000085300000, 0x0000000085300000, 0x0000000085400000|  0%| F|  |TAMS 0x0000000085300000, 0x0000000085300000| Untracked 
|  34|0x0000000085400000, 0x0000000085400000, 0x0000000085500000|  0%| F|  |TAMS 0x0000000085400000, 0x0000000085400000| Untracked 
|  35|0x0000000085500000, 0x0000000085500000, 0x0000000085600000|  0%| F|  |TAMS 0x0000000085500000, 0x0000000085500000| Untracked 
|  36|0x0000000085600000, 0x0000000085600000, 0x0000000085700000|  0%| F|  |TAMS 0x0000000085600000, 0x0000000085600000| Untracked 
|  37|0x0000000085700000, 0x0000000085700000, 0x0000000085800000|  0%| F|  |TAMS 0x0000000085700000, 0x0000000085700000| Untracked 
|  38|0x0000000085800000, 0x0000000085800000, 0x0000000085900000|  0%| F|  |TAMS 0x0000000085800000, 0x0000000085800000| Untracked 
|  39|0x0000000085900000, 0x0000000085900000, 0x0000000085a00000|  0%| F|  |TAMS 0x0000000085900000, 0x0000000085900000| Untracked 
|  40|0x0000000085a00000, 0x0000000085a00000, 0x0000000085b00000|  0%| F|  |TAMS 0x0000000085a00000, 0x0000000085a00000| Untracked 
|  41|0x0000000085b00000, 0x0000000085b00000, 0x0000000085c00000|  0%| F|  |TAMS 0x0000000085b00000, 0x0000000085b00000| Untracked 
|  42|0x0000000085c00000, 0x0000000085c00000, 0x0000000085d00000|  0%| F|  |TAMS 0x0000000085c00000, 0x0000000085c00000| Untracked 
|  43|0x0000000085d00000, 0x0000000085d00000, 0x0000000085e00000|  0%| F|  |TAMS 0x0000000085d00000, 0x0000000085d00000| Untracked 
|  44|0x0000000085e00000, 0x0000000085e00000, 0x0000000085f00000|  0%| F|  |TAMS 0x0000000085e00000, 0x0000000085e00000| Untracked 
|  45|0x0000000085f00000, 0x0000000085f00000, 0x0000000086000000|  0%| F|  |TAMS 0x0000000085f00000, 0x0000000085f00000| Untracked 
|  46|0x0000000086000000, 0x0000000086000000, 0x0000000086100000|  0%| F|  |TAMS 0x0000000086000000, 0x0000000086000000| Untracked 
|  47|0x0000000086100000, 0x0000000086100000, 0x0000000086200000|  0%| F|  |TAMS 0x0000000086100000, 0x0000000086100000| Untracked 
|  48|0x0000000086200000, 0x0000000086200000, 0x0000000086300000|  0%| F|  |TAMS 0x0000000086200000, 0x0000000086200000| Untracked 
|  49|0x0000000086300000, 0x0000000086300000, 0x0000000086400000|  0%| F|  |TAMS 0x0000000086300000, 0x0000000086300000| Untracked 
|  50|0x0000000086400000, 0x0000000086400000, 0x0000000086500000|  0%| F|  |TAMS 0x0000000086400000, 0x0000000086400000| Untracked 
|  51|0x0000000086500000, 0x0000000086500000, 0x0000000086600000|  0%| F|  |TAMS 0x0000000086500000, 0x0000000086500000| Untracked 
|  52|0x0000000086600000, 0x0000000086600000, 0x0000000086700000|  0%| F|  |TAMS 0x0000000086600000, 0x0000000086600000| Untracked 
|  53|0x0000000086700000, 0x0000000086700000, 0x0000000086800000|  0%| F|  |TAMS 0x0000000086700000, 0x0000000086700000| Untracked 
|  54|0x0000000086800000, 0x0000000086800000, 0x0000000086900000|  0%| F|  |TAMS 0x0000000086800000, 0x0000000086800000| Untracked 
|  55|0x0000000086900000, 0x0000000086900000, 0x0000000086a00000|  0%| F|  |TAMS 0x0000000086900000, 0x0000000086900000| Untracked 
|  56|0x0000000086a00000, 0x0000000086a00000, 0x0000000086b00000|  0%| F|  |TAMS 0x0000000086a00000, 0x0000000086a00000| Untracked 
|  57|0x0000000086b00000, 0x0000000086b00000, 0x0000000086c00000|  0%| F|  |TAMS 0x0000000086b00000, 0x0000000086b00000| Untracked 
|  58|0x0000000086c00000, 0x0000000086c00000, 0x0000000086d00000|  0%| F|  |TAMS 0x0000000086c00000, 0x0000000086c00000| Untracked 
|  59|0x0000000086d00000, 0x0000000086d00000, 0x0000000086e00000|  0%| F|  |TAMS 0x0000000086d00000, 0x0000000086d00000| Untracked 
|  60|0x0000000086e00000, 0x0000000086e00000, 0x0000000086f00000|  0%| F|  |TAMS 0x0000000086e00000, 0x0000000086e00000| Untracked 
|  61|0x0000000086f00000, 0x0000000086f00000, 0x0000000087000000|  0%| F|  |TAMS 0x0000000086f00000, 0x0000000086f00000| Untracked 
|  62|0x0000000087000000, 0x0000000087000000, 0x0000000087100000|  0%| F|  |TAMS 0x0000000087000000, 0x0000000087000000| Untracked 
|  63|0x0000000087100000, 0x0000000087100000, 0x0000000087200000|  0%| F|  |TAMS 0x0000000087100000, 0x0000000087100000| Untracked 
|  64|0x0000000087200000, 0x0000000087200000, 0x0000000087300000|  0%| F|  |TAMS 0x0000000087200000, 0x0000000087200000| Untracked 
|  65|0x0000000087300000, 0x0000000087300000, 0x0000000087400000|  0%| F|  |TAMS 0x0000000087300000, 0x0000000087300000| Untracked 
|  66|0x0000000087400000, 0x0000000087400000, 0x0000000087500000|  0%| F|  |TAMS 0x0000000087400000, 0x0000000087400000| Untracked 
|  67|0x0000000087500000, 0x0000000087500000, 0x0000000087600000|  0%| F|  |TAMS 0x0000000087500000, 0x0000000087500000| Untracked 
|  68|0x0000000087600000, 0x0000000087600000, 0x0000000087700000|  0%| F|  |TAMS 0x0000000087600000, 0x0000000087600000| Untracked 
|  69|0x0000000087700000, 0x0000000087700000, 0x0000000087800000|  0%| F|  |TAMS 0x0000000087700000, 0x0000000087700000| Untracked 
|  70|0x0000000087800000, 0x0000000087800000, 0x0000000087900000|  0%| F|  |TAMS 0x0000000087800000, 0x0000000087800000| Untracked 
|  71|0x0000000087900000, 0x0000000087900000, 0x0000000087a00000|  0%| F|  |TAMS 0x0000000087900000, 0x0000000087900000| Untracked 
|  72|0x0000000087a00000, 0x0000000087a00000, 0x0000000087b00000|  0%| F|  |TAMS 0x0000000087a00000, 0x0000000087a00000| Untracked 
|  73|0x0000000087b00000, 0x0000000087b00000, 0x0000000087c00000|  0%| F|  |TAMS 0x0000000087b00000, 0x0000000087b00000| Untracked 
|  74|0x0000000087c00000, 0x0000000087c00000, 0x0000000087d00000|  0%| F|  |TAMS 0x0000000087c00000, 0x0000000087c00000| Untracked 
|  75|0x0000000087d00000, 0x0000000087d00000, 0x0000000087e00000|  0%| F|  |TAMS 0x0000000087d00000, 0x0000000087d00000| Untracked 
|  76|0x0000000087e00000, 0x0000000087e00000, 0x0000000087f00000|  0%| F|  |TAMS 0x0000000087e00000, 0x0000000087e00000| Untracked 
|  77|0x0000000087f00000, 0x0000000087f00000, 0x0000000088000000|  0%| F|  |TAMS 0x0000000087f00000, 0x0000000087f00000| Untracked 
|  78|0x0000000088000000, 0x0000000088000000, 0x0000000088100000|  0%| F|  |TAMS 0x0000000088000000, 0x0000000088000000| Untracked 
|  79|0x0000000088100000, 0x0000000088100000, 0x0000000088200000|  0%| F|  |TAMS 0x0000000088100000, 0x0000000088100000| Untracked 
|  80|0x0000000088200000, 0x0000000088200000, 0x0000000088300000|  0%| F|  |TAMS 0x0000000088200000, 0x0000000088200000| Untracked 
|  81|0x0000000088300000, 0x0000000088300000, 0x0000000088400000|  0%| F|  |TAMS 0x0000000088300000, 0x0000000088300000| Untracked 
|  82|0x0000000088400000, 0x0000000088400000, 0x0000000088500000|  0%| F|  |TAMS 0x0000000088400000, 0x0000000088400000| Untracked 
|  83|0x0000000088500000, 0x0000000088500000, 0x0000000088600000|  0%| F|  |TAMS 0x0000000088500000, 0x0000000088500000| Untracked 
|  84|0x0000000088600000, 0x0000000088600000, 0x0000000088700000|  0%| F|  |TAMS 0x0000000088600000, 0x0000000088600000| Untracked 
|  85|0x0000000088700000, 0x0000000088700000, 0x0000000088800000|  0%| F|  |TAMS 0x0000000088700000, 0x0000000088700000| Untracked 
|  86|0x0000000088800000, 0x0000000088800000, 0x0000000088900000|  0%| F|  |TAMS 0x0000000088800000, 0x0000000088800000| Untracked 
|  87|0x0000000088900000, 0x0000000088900000, 0x0000000088a00000|  0%| F|  |TAMS 0x0000000088900000, 0x0000000088900000| Untracked 
|  88|0x0000000088a00000, 0x0000000088a00000, 0x0000000088b00000|  0%| F|  |TAMS 0x0000000088a00000, 0x0000000088a00000| Untracked 
|  89|0x0000000088b00000, 0x0000000088b00000, 0x0000000088c00000|  0%| F|  |TAMS 0x0000000088b00000, 0x0000000088b00000| Untracked 
|  90|0x0000000088c00000, 0x0000000088c00000, 0x0000000088d00000|  0%| F|  |TAMS 0x0000000088c00000, 0x0000000088c00000| Untracked 
|  91|0x0000000088d00000, 0x0000000088d00000, 0x0000000088e00000|  0%| F|  |TAMS 0x0000000088d00000, 0x0000000088d00000| Untracked 
|  92|0x0000000088e00000, 0x0000000088e00000, 0x0000000088f00000|  0%| F|  |TAMS 0x0000000088e00000, 0x0000000088e00000| Untracked 
|  93|0x0000000088f00000, 0x0000000088f00000, 0x0000000089000000|  0%| F|  |TAMS 0x0000000088f00000, 0x0000000088f00000| Untracked 
|  94|0x0000000089000000, 0x0000000089000000, 0x0000000089100000|  0%| F|  |TAMS 0x0000000089000000, 0x0000000089000000| Untracked 
|  95|0x0000000089100000, 0x0000000089100000, 0x0000000089200000|  0%| F|  |TAMS 0x0000000089100000, 0x0000000089100000| Untracked 
|  96|0x0000000089200000, 0x0000000089200000, 0x0000000089300000|  0%| F|  |TAMS 0x0000000089200000, 0x0000000089200000| Untracked 
|  97|0x0000000089300000, 0x0000000089300000, 0x0000000089400000|  0%| F|  |TAMS 0x0000000089300000, 0x0000000089300000| Untracked 
|  98|0x0000000089400000, 0x0000000089400000, 0x0000000089500000|  0%| F|  |TAMS 0x0000000089400000, 0x0000000089400000| Untracked 
|  99|0x0000000089500000, 0x0000000089500000, 0x0000000089600000|  0%| F|  |TAMS 0x0000000089500000, 0x0000000089500000| Untracked 
| 100|0x0000000089600000, 0x0000000089600000, 0x0000000089700000|  0%| F|  |TAMS 0x0000000089600000, 0x0000000089600000| Untracked 
| 101|0x0000000089700000, 0x0000000089700000, 0x0000000089800000|  0%| F|  |TAMS 0x0000000089700000, 0x0000000089700000| Untracked 
| 102|0x0000000089800000, 0x0000000089800000, 0x0000000089900000|  0%| F|  |TAMS 0x0000000089800000, 0x0000000089800000| Untracked 
| 103|0x0000000089900000, 0x0000000089900000, 0x0000000089a00000|  0%| F|  |TAMS 0x0000000089900000, 0x0000000089900000| Untracked 
| 104|0x0000000089a00000, 0x0000000089a00000, 0x0000000089b00000|  0%| F|  |TAMS 0x0000000089a00000, 0x0000000089a00000| Untracked 
| 105|0x0000000089b00000, 0x0000000089b00000, 0x0000000089c00000|  0%| F|  |TAMS 0x0000000089b00000, 0x0000000089b00000| Untracked 
| 106|0x0000000089c00000, 0x0000000089c00000, 0x0000000089d00000|  0%| F|  |TAMS 0x0000000089c00000, 0x0000000089c00000| Untracked 
| 107|0x0000000089d00000, 0x0000000089d00000, 0x0000000089e00000|  0%| F|  |TAMS 0x0000000089d00000, 0x0000000089d00000| Untracked 
| 108|0x0000000089e00000, 0x0000000089e00000, 0x0000000089f00000|  0%| F|  |TAMS 0x0000000089e00000, 0x0000000089e00000| Untracked 
| 109|0x0000000089f00000, 0x0000000089f00000, 0x000000008a000000|  0%| F|  |TAMS 0x0000000089f00000, 0x0000000089f00000| Untracked 
| 110|0x000000008a000000, 0x000000008a000000, 0x000000008a100000|  0%| F|  |TAMS 0x000000008a000000, 0x000000008a000000| Untracked 
| 111|0x000000008a100000, 0x000000008a176598, 0x000000008a200000| 46%| E|  |TAMS 0x000000008a100000, 0x000000008a100000| Complete 
| 112|0x000000008a200000, 0x000000008a300000, 0x000000008a300000|100%| E|CS|TAMS 0x000000008a200000, 0x000000008a200000| Complete 
| 113|0x000000008a300000, 0x000000008a400000, 0x000000008a400000|100%| E|CS|TAMS 0x000000008a300000, 0x000000008a300000| Complete 
| 114|0x000000008a400000, 0x000000008a500000, 0x000000008a500000|100%| E|CS|TAMS 0x000000008a400000, 0x000000008a400000| Complete 
| 115|0x000000008a500000, 0x000000008a600000, 0x000000008a600000|100%| E|CS|TAMS 0x000000008a500000, 0x000000008a500000| Complete 
| 116|0x000000008a600000, 0x000000008a700000, 0x000000008a700000|100%| E|CS|TAMS 0x000000008a600000, 0x000000008a600000| Complete 
| 117|0x000000008a700000, 0x000000008a800000, 0x000000008a800000|100%| E|CS|TAMS 0x000000008a700000, 0x000000008a700000| Complete 
| 118|0x000000008a800000, 0x000000008a900000, 0x000000008a900000|100%| E|CS|TAMS 0x000000008a800000, 0x000000008a800000| Complete 
| 119|0x000000008a900000, 0x000000008aa00000, 0x000000008aa00000|100%| E|CS|TAMS 0x000000008a900000, 0x000000008a900000| Complete 
| 120|0x000000008aa00000, 0x000000008ab00000, 0x000000008ab00000|100%| E|CS|TAMS 0x000000008aa00000, 0x000000008aa00000| Complete 
| 121|0x000000008ab00000, 0x000000008ac00000, 0x000000008ac00000|100%| E|CS|TAMS 0x000000008ab00000, 0x000000008ab00000| Complete 
| 122|0x000000008ac00000, 0x000000008ad00000, 0x000000008ad00000|100%| E|CS|TAMS 0x000000008ac00000, 0x000000008ac00000| Complete 
| 123|0x000000008ad00000, 0x000000008ae00000, 0x000000008ae00000|100%| E|CS|TAMS 0x000000008ad00000, 0x000000008ad00000| Complete 
| 124|0x000000008ae00000, 0x000000008af00000, 0x000000008af00000|100%| E|CS|TAMS 0x000000008ae00000, 0x000000008ae00000| Complete 
| 125|0x000000008af00000, 0x000000008b000000, 0x000000008b000000|100%| E|CS|TAMS 0x000000008af00000, 0x000000008af00000| Complete 

Card table byte_map: [0x000001a21e4b0000,0x000001a21e8a0000] _byte_map_base: 0x000001a21e097000

Marking Bits (Prev, Next): (CMBitMap*) 0x000001a207572590, (CMBitMap*) 0x000001a2075725d0
 Prev Bits: [0x000001a21ec90000, 0x000001a220bc8000)
 Next Bits: [0x000001a220bd0000, 0x000001a222b08000)

Polling page: 0x000001a2054e0000

Metaspace:

Usage:
  Non-class:      7.21 MB used.
      Class:    852.51 KB used.
       Both:      8.04 MB used.

Virtual space:
  Non-class space:        8.00 MB reserved,       7.31 MB ( 91%) committed,  1 nodes.
      Class space:        1.00 GB reserved,     960.00 KB ( <1%) committed,  1 nodes.
             Both:        1.01 GB reserved,       8.25 MB ( <1%) committed. 

Chunk freelists:
   Non-Class:  481.00 KB
       Class:  3.11 MB
        Both:  3.58 MB

MaxMetaspaceSize: unlimited
CompressedClassSpaceSize: 1.00 GB
Initial GC threshold: 21.00 MB
Current GC threshold: 21.00 MB
CDS: on
MetaspaceReclaimPolicy: balanced
 - commit_granule_bytes: 65536.
 - commit_granule_words: 8192.
 - virtual_space_node_default_size: 1048576.
 - enlarge_chunks_in_place: 1.
 - new_chunks_are_fully_committed: 0.
 - uncommit_free_chunks: 1.
 - use_allocation_guard: 0.
 - handle_deallocations: 1.


Internal statistics:

num_allocs_failed_limit: 0.
num_arena_births: 108.
num_arena_deaths: 0.
num_vsnodes_births: 2.
num_vsnodes_deaths: 0.
num_space_committed: 132.
num_space_uncommitted: 0.
num_chunks_returned_to_freelist: 0.
num_chunks_taken_from_freelist: 155.
num_chunk_merges: 0.
num_chunk_splits: 97.
num_chunks_enlarged: 54.
num_purges: 0.
num_inconsistent_stats: 0.

CodeHeap 'non-profiled nmethods': size=120000Kb used=309Kb max_used=309Kb free=119690Kb
 bounds [0x000001a216860000, 0x000001a216ad0000, 0x000001a21dd90000]
CodeHeap 'profiled nmethods': size=120000Kb used=1530Kb max_used=1530Kb free=118469Kb
 bounds [0x000001a20f330000, 0x000001a20f5a0000, 0x000001a216860000]
CodeHeap 'non-nmethods': size=5760Kb used=1322Kb max_used=1322Kb free=4437Kb
 bounds [0x000001a20ed90000, 0x000001a20f000000, 0x000001a20f330000]
 total_blobs=1584 nmethods=1012 adapters=485
 compilation: enabled
              stopped_count=0, restarted_count=0
 full_count=0

Compilation events (20 events):
Event: 2.094 Thread 0x000001a225506340 1003   !   3       sun.awt.windows.WWindowPeer::getTranslucentGraphics (34 bytes)
Event: 2.095 Thread 0x000001a225506340 nmethod 1003 0x000001a20f4abb90 code [0x000001a20f4abd40, 0x000001a20f4abfe8]
Event: 2.095 Thread 0x000001a225506340 1004       3       sun.java2d.d3d.D3DScreenUpdateManager::createGraphics (76 bytes)
Event: 2.095 Thread 0x000001a225506340 nmethod 1004 0x000001a20f4ac110 code [0x000001a20f4ac320, 0x000001a20f4aca18]
Event: 2.095 Thread 0x000001a225506340 1005  s    3       sun.java2d.ScreenUpdateManager::createGraphics (14 bytes)
Event: 2.095 Thread 0x000001a225506340 nmethod 1005 0x000001a20f4acc10 code [0x000001a20f4acdc0, 0x000001a20f4ad068]
Event: 2.095 Thread 0x000001a225506340 1006       3       sun.java2d.SunGraphics2D::<init> (154 bytes)
Event: 2.096 Thread 0x000001a225506340 nmethod 1006 0x000001a20f4ad190 code [0x000001a20f4ad440, 0x000001a20f4ae228]
Event: 2.100 Thread 0x000001a225506340 1007       3       sun.util.locale.LocaleUtils::isUpper (18 bytes)
Event: 2.100 Thread 0x000001a225506340 nmethod 1007 0x000001a20f4ae590 code [0x000001a20f4ae720, 0x000001a20f4ae898]
Event: 2.102 Thread 0x000001a225506340 1008       1       java.beans.PropertyChangeEvent::getNewValue (5 bytes)
Event: 2.102 Thread 0x000001a225506340 nmethod 1008 0x000001a2168ac790 code [0x000001a2168ac920, 0x000001a2168ac9f8]
Event: 2.102 Thread 0x000001a225506340 1009       1       java.util.concurrent.locks.AbstractOwnableSynchronizer::getExclusiveOwnerThread (5 bytes)
Event: 2.102 Thread 0x000001a225506340 nmethod 1009 0x000001a2168aca90 code [0x000001a2168acc20, 0x000001a2168accf8]
Event: 2.104 Thread 0x000001a225506340 1010       1       java.beans.PropertyChangeEvent::getOldValue (5 bytes)
Event: 2.104 Thread 0x000001a225506340 nmethod 1010 0x000001a2168acd90 code [0x000001a2168acf20, 0x000001a2168acff8]
Event: 2.104 Thread 0x000001a225506340 1011       1       java.util.concurrent.locks.AbstractQueuedSynchronizer::getState (5 bytes)
Event: 2.104 Thread 0x000001a225506340 nmethod 1011 0x000001a2168ad090 code [0x000001a2168ad220, 0x000001a2168ad2f8]
Event: 2.104 Thread 0x000001a225506340 1012       1       java.util.concurrent.locks.AbstractQueuedSynchronizer::setState (6 bytes)
Event: 2.104 Thread 0x000001a225506340 nmethod 1012 0x000001a2168ad390 code [0x000001a2168ad520, 0x000001a2168ad5f8]

GC Heap History (0 events):
No events

Deoptimization events (20 events):
Event: 0.959 Thread 0x000001a2075326e0 DEOPT PACKING pc=0x000001a20f3aa334 sp=0x00000038e78f8050
Event: 0.959 Thread 0x000001a2075326e0 DEOPT UNPACKING pc=0x000001a20ede2b43 sp=0x00000038e78f74b8 mode 0
Event: 0.959 Thread 0x000001a2075326e0 DEOPT PACKING pc=0x000001a20f3aa334 sp=0x00000038e78f8050
Event: 0.959 Thread 0x000001a2075326e0 DEOPT UNPACKING pc=0x000001a20ede2b43 sp=0x00000038e78f74b8 mode 0
Event: 0.959 Thread 0x000001a2075326e0 DEOPT PACKING pc=0x000001a20f3aa334 sp=0x00000038e78f8050
Event: 0.959 Thread 0x000001a2075326e0 DEOPT UNPACKING pc=0x000001a20ede2b43 sp=0x00000038e78f74b8 mode 0
Event: 0.964 Thread 0x000001a2075326e0 DEOPT PACKING pc=0x000001a20f3aa334 sp=0x00000038e78fbaa0
Event: 0.964 Thread 0x000001a2075326e0 DEOPT UNPACKING pc=0x000001a20ede2b43 sp=0x00000038e78faf08 mode 0
Event: 0.964 Thread 0x000001a2075326e0 DEOPT PACKING pc=0x000001a20f3aa334 sp=0x00000038e78fbaa0
Event: 0.964 Thread 0x000001a2075326e0 DEOPT UNPACKING pc=0x000001a20ede2b43 sp=0x00000038e78faf08 mode 0
Event: 0.964 Thread 0x000001a2075326e0 DEOPT PACKING pc=0x000001a20f3aa334 sp=0x00000038e78fbaa0
Event: 0.964 Thread 0x000001a2075326e0 DEOPT UNPACKING pc=0x000001a20ede2b43 sp=0x00000038e78faf08 mode 0
Event: 0.965 Thread 0x000001a2075326e0 DEOPT PACKING pc=0x000001a20f3aa334 sp=0x00000038e78fbaa0
Event: 0.965 Thread 0x000001a2075326e0 DEOPT UNPACKING pc=0x000001a20ede2b43 sp=0x00000038e78faf08 mode 0
Event: 0.997 Thread 0x000001a2075326e0 DEOPT PACKING pc=0x000001a20f35c7ea sp=0x00000038e78f91b0
Event: 0.997 Thread 0x000001a2075326e0 DEOPT UNPACKING pc=0x000001a20ede2b43 sp=0x00000038e78f85d0 mode 0
Event: 1.664 Thread 0x000001a2075326e0 Uncommon trap: trap_request=0xffffff45 fr.pc=0x000001a21687d054 relative=0x0000000000000194
Event: 1.664 Thread 0x000001a2075326e0 Uncommon trap: reason=unstable_if action=reinterpret pc=0x000001a21687d054 method=java.lang.invoke.VarHandle.checkExactAccessMode(Ljava/lang/invoke/VarHandle$AccessDescriptor;)V @ 4 c2
Event: 1.664 Thread 0x000001a2075326e0 DEOPT PACKING pc=0x000001a21687d054 sp=0x00000038e78feee0
Event: 1.664 Thread 0x000001a2075326e0 DEOPT UNPACKING pc=0x000001a20ede23a3 sp=0x00000038e78fee20 mode 2

Classes unloaded (0 events):
No events

Classes redefined (1 events):
Event: 89.225 Thread 0x000001a2254d91b0 redefined class name=transmetteurs.TransmetteurAnalogiqueParfait, count=1

Internal exceptions (12 events):
Event: 1.060 Thread 0x000001a2075326e0 Exception <a 'java/lang/ClassNotFoundException'{0x000000008a9e2708}: sun/awt/resources/spi/awtProvider> (0x000000008a9e2708) 
thrown [t:\workspace\open\src\hotspot\share\classfile\systemDictionary.cpp, line 256]
Event: 1.091 Thread 0x000001a2075326e0 Exception <a 'java/io/FileNotFoundException'{0x000000008a83d4b8}> (0x000000008a83d4b8) 
thrown [t:\workspace\open\src\hotspot\share\prims\jni.cpp, line 516]
Event: 1.106 Thread 0x000001a2075326e0 Exception <a 'java/io/FileNotFoundException'{0x000000008a86c4d8}> (0x000000008a86c4d8) 
thrown [t:\workspace\open\src\hotspot\share\prims\jni.cpp, line 516]
Event: 1.226 Thread 0x000001a2075326e0 Exception <a 'java/lang/NoSuchMethodError'{0x000000008a7941e8}: 'java.lang.Object java.lang.invoke.DirectMethodHandle$Holder.invokeStaticInit(java.lang.Object)'> (0x000000008a7941e8) 
thrown [t:\workspace\open\src\hotspot\share\interpreter\linkResolver.cpp, line 766]
Event: 1.332 Thread 0x000001a2075326e0 Exception <a 'java/lang/NoSuchMethodError'{0x000000008a66cc48}: 'void java.lang.invoke.DirectMethodHandle$Holder.invokeSpecial(java.lang.Object, java.lang.Object, java.lang.Object)'> (0x000000008a66cc48) 
thrown [t:\workspace\open\src\hotspot\share\interpreter\linkResolver.cpp, line 766]
Event: 1.359 Thread 0x000001a2075326e0 Exception <a 'java/lang/NoSuchMethodError'{0x000000008a6be1c0}: 'java.lang.Object java.lang.invoke.DirectMethodHandle$Holder.newInvokeSpecial(java.lang.Object, java.lang.Object, java.lang.Object, java.lang.Object, java.lang.Object)'> (0x000000008a6be1c0) 
thrown [t:\workspace\open\src\hotspot\share\interpreter\linkResolver.cpp, line 766]
Event: 1.365 Thread 0x000001a2075326e0 Exception <a 'java/lang/NoSuchMethodError'{0x000000008a6c9b88}: 'java.lang.Object java.lang.invoke.DirectMethodHandle$Holder.invokeStatic(java.lang.Object, int, java.lang.Object, java.lang.Object, java.lang.Object, java.lang.Object)'> (0x000000008a6c9b88) 
thrown [t:\workspace\open\src\hotspot\share\interpreter\linkResolver.cpp, line 766]
Event: 1.383 Thread 0x000001a2075326e0 Exception <a 'java/lang/NoSuchMethodError'{0x000000008a6ef978}: 'java.lang.Object java.lang.invoke.DirectMethodHandle$Holder.invokeStatic(java.lang.Object, int, java.lang.Object)'> (0x000000008a6ef978) 
thrown [t:\workspace\open\src\hotspot\share\interpreter\linkResolver.cpp, line 766]
Event: 1.477 Thread 0x000001a2075326e0 Exception <a 'java/lang/ClassNotFoundException'{0x000000008a5b6938}: com/sun/swing/internal/plaf/metal/resources/spi/metalProvider> (0x000000008a5b6938) 
thrown [t:\workspace\open\src\hotspot\share\classfile\systemDictionary.cpp, line 256]
Event: 1.480 Thread 0x000001a2075326e0 Exception <a 'java/lang/ClassNotFoundException'{0x000000008a5bd250}: com/sun/swing/internal/plaf/basic/resources/spi/basicProvider> (0x000000008a5bd250) 
thrown [t:\workspace\open\src\hotspot\share\classfile\systemDictionary.cpp, line 256]
Event: 1.525 Thread 0x000001a2269e2d80 Exception <a 'java/lang/NoSuchMethodError'{0x000000008a482068}: 'void java.lang.invoke.DirectMethodHandle$Holder.invokeVirtual(java.lang.Object, java.lang.Object)'> (0x000000008a482068) 
thrown [t:\workspace\open\src\hotspot\share\interpreter\linkResolver.cpp, line 766]
Event: 1.570 Thread 0x000001a2075326e0 Exception <a 'java/lang/NoSuchMethodError'{0x000000008a4660d0}: 'void java.lang.invoke.DirectMethodHandle$Holder.invokeStaticInit(java.lang.Object)'> (0x000000008a4660d0) 
thrown [t:\workspace\open\src\hotspot\share\interpreter\linkResolver.cpp, line 766]

VM Operations (20 events):
Event: 25.458 Executing VM operation: get/set locals
Event: 25.458 Executing VM operation: get/set locals done
Event: 28.440 Executing VM operation: get/set locals
Event: 28.441 Executing VM operation: get/set locals done
Event: 30.291 Executing VM operation: get/set locals
Event: 30.291 Executing VM operation: get/set locals done
Event: 43.225 Executing VM operation: get/set locals
Event: 43.226 Executing VM operation: get/set locals done
Event: 44.578 Executing VM operation: get/set locals
Event: 44.578 Executing VM operation: get/set locals done
Event: 45.514 Executing VM operation: get/set locals
Event: 45.514 Executing VM operation: get/set locals done
Event: 46.835 Executing VM operation: get/set locals
Event: 46.835 Executing VM operation: get/set locals done
Event: 89.224 Executing VM operation: RedefineClasses
Event: 89.229 Executing VM operation: RedefineClasses done
Event: 89.237 Executing VM operation: ChangeBreakpoints
Event: 89.237 Executing VM operation: ChangeBreakpoints done
Event: 89.238 Executing VM operation: ChangeBreakpoints
Event: 89.238 Executing VM operation: ChangeBreakpoints done

Events (20 events):
Event: 2.098 loading class sun/awt/windows/WInputMethod
Event: 2.098 loading class sun/awt/im/InputMethodAdapter
Event: 2.098 loading class java/awt/im/spi/InputMethod
Event: 2.098 loading class java/awt/im/spi/InputMethod done
Event: 2.098 loading class sun/awt/im/InputMethodAdapter done
Event: 2.098 loading class sun/awt/windows/WInputMethod done
Event: 2.100 loading class java/awt/event/MouseWheelEvent
Event: 2.100 loading class java/awt/event/MouseWheelEvent done
Event: 2.100 loading class java/awt/TextComponent
Event: 2.101 loading class java/awt/TextComponent done
Event: 2.101 loading class javax/swing/text/JTextComponent
Event: 2.101 loading class javax/swing/Scrollable
Event: 2.101 loading class javax/swing/Scrollable done
Event: 2.101 loading class javax/swing/text/JTextComponent done
Event: 2.104 loading class java/util/concurrent/locks/AbstractQueuedSynchronizer$ConditionNode
Event: 2.105 loading class java/util/concurrent/ForkJoinPool$ManagedBlocker
Event: 2.105 loading class java/util/concurrent/ForkJoinPool$ManagedBlocker done
Event: 2.105 loading class java/util/concurrent/locks/AbstractQueuedSynchronizer$Node
Event: 2.105 loading class java/util/concurrent/locks/AbstractQueuedSynchronizer$Node done
Event: 2.105 loading class java/util/concurrent/locks/AbstractQueuedSynchronizer$ConditionNode done


Dynamic libraries:
0x00007ff67b1f0000 - 0x00007ff67b200000 	C:\Program Files\Java\jdk-17.0.2\bin\javaw.exe
0x00007ffd57c60000 - 0x00007ffd57e69000 	C:\WINDOWS\SYSTEM32\ntdll.dll
0x00007ffd56110000 - 0x00007ffd561cd000 	C:\WINDOWS\System32\KERNEL32.DLL
0x00007ffd553d0000 - 0x00007ffd5574c000 	C:\WINDOWS\System32\KERNELBASE.dll
0x00007ffd55140000 - 0x00007ffd55251000 	C:\WINDOWS\System32\ucrtbase.dll
0x00007ffd4b780000 - 0x00007ffd4b798000 	C:\Program Files\Java\jdk-17.0.2\bin\jli.dll
0x00007ffd3a780000 - 0x00007ffd3a79a000 	C:\Program Files\Java\jdk-17.0.2\bin\VCRUNTIME140.dll
0x00007ffd56b40000 - 0x00007ffd56bee000 	C:\WINDOWS\System32\ADVAPI32.dll
0x00007ffd57720000 - 0x00007ffd577c3000 	C:\WINDOWS\System32\msvcrt.dll
0x00007ffd57b80000 - 0x00007ffd57c1e000 	C:\WINDOWS\System32\sechost.dll
0x00007ffd57860000 - 0x00007ffd57980000 	C:\WINDOWS\System32\RPCRT4.dll
0x00007ffd55f60000 - 0x00007ffd5610d000 	C:\WINDOWS\System32\USER32.dll
0x00007ffd3bda0000 - 0x00007ffd3c045000 	C:\WINDOWS\WinSxS\amd64_microsoft.windows.common-controls_6595b64144ccf1df_6.0.22000.120_none_9d947278b86cc467\COMCTL32.dll
0x00007ffd55a00000 - 0x00007ffd55a26000 	C:\WINDOWS\System32\win32u.dll
0x00007ffd56c70000 - 0x00007ffd56c99000 	C:\WINDOWS\System32\GDI32.dll
0x00007ffd55750000 - 0x00007ffd55869000 	C:\WINDOWS\System32\gdi32full.dll
0x00007ffd55870000 - 0x00007ffd5590d000 	C:\WINDOWS\System32\msvcp_win.dll
0x00007ffd49950000 - 0x00007ffd4995a000 	C:\WINDOWS\SYSTEM32\VERSION.dll
0x00007ffd57ad0000 - 0x00007ffd57b01000 	C:\WINDOWS\System32\IMM32.DLL
0x00007ffd4baa0000 - 0x00007ffd4baac000 	C:\Program Files\Java\jdk-17.0.2\bin\vcruntime140_1.dll
0x00007ffd2eba0000 - 0x00007ffd2ec2d000 	C:\Program Files\Java\jdk-17.0.2\bin\msvcp140.dll
0x00007ffcffab0000 - 0x00007ffd00671000 	C:\Program Files\Java\jdk-17.0.2\bin\server\jvm.dll
0x00007ffd571b0000 - 0x00007ffd571b8000 	C:\WINDOWS\System32\PSAPI.DLL
0x00007ffd4ba50000 - 0x00007ffd4ba59000 	C:\WINDOWS\SYSTEM32\WSOCK32.dll
0x00007ffd4a440000 - 0x00007ffd4a473000 	C:\WINDOWS\SYSTEM32\WINMM.dll
0x00007ffd57b10000 - 0x00007ffd57b7f000 	C:\WINDOWS\System32\WS2_32.dll
0x00007ffd542e0000 - 0x00007ffd542f8000 	C:\WINDOWS\SYSTEM32\kernel.appcore.dll
0x00007ffd4b4d0000 - 0x00007ffd4b4da000 	C:\Program Files\Java\jdk-17.0.2\bin\jimage.dll
0x00007ffd52b70000 - 0x00007ffd52d91000 	C:\WINDOWS\SYSTEM32\DBGHELP.DLL
0x00007ffd3a140000 - 0x00007ffd3a171000 	C:\WINDOWS\SYSTEM32\dbgcore.DLL
0x00007ffd55910000 - 0x00007ffd5598f000 	C:\WINDOWS\System32\bcryptPrimitives.dll
0x00007ffd27ff0000 - 0x00007ffd2802b000 	C:\Program Files\Java\jdk-17.0.2\bin\jdwp.dll
0x00007ffd4bac0000 - 0x00007ffd4bace000 	C:\Program Files\Java\jdk-17.0.2\bin\instrument.dll
0x00007ffd3a080000 - 0x00007ffd3a0a5000 	C:\Program Files\Java\jdk-17.0.2\bin\java.dll
0x00007ffd27e70000 - 0x00007ffd27f46000 	C:\Program Files\Java\jdk-17.0.2\bin\jsvml.dll
0x00007ffd561d0000 - 0x00007ffd56988000 	C:\WINDOWS\System32\SHELL32.dll
0x00007ffd53270000 - 0x00007ffd53ad8000 	C:\WINDOWS\SYSTEM32\windows.storage.dll
0x00007ffd57390000 - 0x00007ffd57709000 	C:\WINDOWS\System32\combase.dll
0x00007ffd53100000 - 0x00007ffd53266000 	C:\WINDOWS\SYSTEM32\wintypes.dll
0x00007ffd56d50000 - 0x00007ffd56e3a000 	C:\WINDOWS\System32\SHCORE.dll
0x00007ffd57980000 - 0x00007ffd579dd000 	C:\WINDOWS\System32\shlwapi.dll
0x00007ffd55070000 - 0x00007ffd55091000 	C:\WINDOWS\SYSTEM32\profapi.dll
0x00007ffd4af30000 - 0x00007ffd4af3c000 	C:\Program Files\Java\jdk-17.0.2\bin\dt_socket.dll
0x00007ffd53ea0000 - 0x00007ffd53ecd000 	C:\WINDOWS\SYSTEM32\IPHLPAPI.DLL
0x00007ffd54710000 - 0x00007ffd54777000 	C:\WINDOWS\system32\mswsock.dll
0x00007ffd53ed0000 - 0x00007ffd53fb8000 	C:\WINDOWS\SYSTEM32\DNSAPI.dll
0x00007ffd56ec0000 - 0x00007ffd56ec9000 	C:\WINDOWS\System32\NSI.dll
0x00007ffd40e30000 - 0x00007ffd40e3a000 	C:\Windows\System32\rasadhlp.dll
0x00007ffd47460000 - 0x00007ffd474e1000 	C:\WINDOWS\System32\fwpuclnt.dll
0x00007ffd37e60000 - 0x00007ffd37e78000 	C:\Program Files\Java\jdk-17.0.2\bin\zip.dll
0x00007ffd37ff0000 - 0x00007ffd38009000 	C:\Program Files\Java\jdk-17.0.2\bin\net.dll
0x00007ffd522d0000 - 0x00007ffd523dc000 	C:\WINDOWS\SYSTEM32\WINHTTP.dll
0x00007ffd37e80000 - 0x00007ffd37e96000 	C:\Program Files\Java\jdk-17.0.2\bin\nio.dll
0x00007ffd4b160000 - 0x00007ffd4b170000 	C:\Program Files\Java\jdk-17.0.2\bin\verify.dll
0x00007ffd090b0000 - 0x00007ffd0923f000 	C:\Program Files\Java\jdk-17.0.2\bin\awt.dll
0x00007ffd572b0000 - 0x00007ffd57386000 	C:\WINDOWS\System32\OLEAUT32.dll
0x00007ffd4d020000 - 0x00007ffd4d0b1000 	C:\WINDOWS\SYSTEM32\apphelp.dll
0x00007ffd52080000 - 0x00007ffd520af000 	C:\WINDOWS\system32\DWMAPI.DLL
0x00007ffd4d590000 - 0x00007ffd4d63c000 	C:\WINDOWS\system32\uxtheme.dll
0x00007ffd2ffa0000 - 0x00007ffd300a1000 	C:\WINDOWS\system32\opengl32.dll
0x00007ffd404e0000 - 0x00007ffd4050d000 	C:\WINDOWS\SYSTEM32\GLU32.dll
0x00007ffd52000000 - 0x00007ffd52038000 	C:\WINDOWS\SYSTEM32\dxcore.dll
0x00007ffd56ed0000 - 0x00007ffd56fee000 	C:\WINDOWS\System32\MSCTF.dll
0x00007ffd569a0000 - 0x00007ffd56b3a000 	C:\WINDOWS\System32\ole32.dll
0x00007ffd30150000 - 0x00007ffd301d9000 	C:\Program Files\Java\jdk-17.0.2\bin\freetype.dll
0x00007ffd278a0000 - 0x00007ffd27948000 	C:\Program Files\Java\jdk-17.0.2\bin\fontmanager.dll
0x00007ffd27a70000 - 0x00007ffd27b9d000 	C:\WINDOWS\SYSTEM32\textinputframework.dll
0x00007ffd24270000 - 0x00007ffd242d9000 	C:\WINDOWS\system32\Oleacc.dll

dbghelp: loaded successfully - version: 4.0.5 - missing functions: none
symbol engine: initialized successfully - sym options: 0x614 - pdb path: .;C:\Program Files\Java\jdk-17.0.2\bin;C:\WINDOWS\SYSTEM32;C:\WINDOWS\WinSxS\amd64_microsoft.windows.common-controls_6595b64144ccf1df_6.0.22000.120_none_9d947278b86cc467;C:\Program Files\Java\jdk-17.0.2\bin\server

VM Arguments:
jvm_args: -XX:+ShowCodeDetailsInExceptionMessages -agentlib:jdwp=transport=dt_socket,suspend=y,address=localhost:49154 -javaagent:C:\Users\aina2\eclipse\java-2021-12\eclipse\configuration\org.eclipse.osgi\224\0\.cp\lib\javaagent-shaded.jar -Dfile.encoding=Cp1252 
java_command: simulateur.Simulateur -s -mess 0101011100111011
java_class_path (initial): C:\Users\aina2\git\SIT213_Project\SIT213_Project\bin;C:\Users\aina2\.p2\pool\plugins\org.junit.jupiter.api_5.8.1.v20211018-1956.jar;C:\Users\aina2\.p2\pool\plugins\org.junit.jupiter.engine_5.8.1.v20211018-1956.jar;C:\Users\aina2\.p2\pool\plugins\org.junit.jupiter.migrationsupport_5.8.1.v20211018-1956.jar;C:\Users\aina2\.p2\pool\plugins\org.junit.jupiter.params_5.8.1.v20211018-1956.jar;C:\Users\aina2\.p2\pool\plugins\org.junit.platform.commons_1.8.1.v20211018-1956.jar;C:\Users\aina2\.p2\pool\plugins\org.junit.platform.engine_1.8.1.v20211018-1956.jar;C:\Users\aina2\.p2\pool\plugins\org.junit.platform.launcher_1.8.1.v20211018-1956.jar;C:\Users\aina2\.p2\pool\plugins\org.junit.platform.runner_1.8.1.v20211018-1956.jar;C:\Users\aina2\.p2\pool\plugins\org.junit.platform.suite.api_1.8.1.v20211018-1956.jar;C:\Users\aina2\.p2\pool\plugins\org.junit.platform.suite.engine_1.8.1.v20211028-1957.jar;C:\Users\aina2\.p2\pool\plugins\org.junit.platform.suite.commons_1.8.1.v20211018-1956.jar;C:\Users\aina2\.p2\pool\plugins\org.junit.vintage.engine_5.8.1.v20211018-1956.jar;C:\Users\aina2\.p2\pool\plugins\org.opentest4j_1.2.0.v20211018-1956.jar;C:\Users\aina2\.p2\pool\plugins\org.apiguardian_1.1.2.v20211018-1956.jar;C:\Users\aina2\.p2\pool\plugins\org.junit_4.13.2.v20211018-1956.jar;C:\Users\aina2\.p2\pool\plugins\org.hamcrest.core_1.3.0.v20180420-1519.jar
Launcher Type: SUN_STANDARD

[Global flags]
     intx CICompilerCount                          = 4                                         {product} {ergonomic}
     uint ConcGCThreads                            = 2                                         {product} {ergonomic}
     uint G1ConcRefinementThreads                  = 8                                         {product} {ergonomic}
   size_t G1HeapRegionSize                         = 1048576                                   {product} {ergonomic}
    uintx GCDrainStackTargetSize                   = 64                                        {product} {ergonomic}
   size_t InitialHeapSize                          = 132120576                                 {product} {ergonomic}
   size_t MarkStackSize                            = 4194304                                   {product} {ergonomic}
   size_t MaxHeapSize                              = 2095054848                                {product} {ergonomic}
   size_t MaxNewSize                               = 1256194048                                {product} {ergonomic}
   size_t MinHeapDeltaBytes                        = 1048576                                   {product} {ergonomic}
   size_t MinHeapSize                              = 8388608                                   {product} {ergonomic}
    uintx NonNMethodCodeHeapSize                   = 5839372                                {pd product} {ergonomic}
    uintx NonProfiledCodeHeapSize                  = 122909434                              {pd product} {ergonomic}
    uintx ProfiledCodeHeapSize                     = 122909434                              {pd product} {ergonomic}
    uintx ReservedCodeCacheSize                    = 251658240                              {pd product} {ergonomic}
     bool SegmentedCodeCache                       = true                                      {product} {ergonomic}
     bool ShowCodeDetailsInExceptionMessages       = true                                   {manageable} {command line}
   size_t SoftMaxHeapSize                          = 2095054848                             {manageable} {ergonomic}
     bool UseCompressedClassPointers               = true                           {product lp64_product} {ergonomic}
     bool UseCompressedOops                        = true                           {product lp64_product} {ergonomic}
     bool UseG1GC                                  = true                                      {product} {ergonomic}
     bool UseLargePagesIndividualAllocation        = false                                  {pd product} {ergonomic}

Logging:
Log output configuration:
 #0: stdout all=warning uptime,level,tags
 #1: stderr all=off uptime,level,tags

Environment Variables:
PATH=C:\Program Files\Common Files\Oracle\Java\javapath;C:\Program Files (x86)\Common Files\Intel\Shared Libraries\redist\intel64\compiler;C:\Program Files\Java\jdk-14.0.2\bin;C:\WINDOWS\system32;C:\Program Files (x86)\Common Files\Oracle\Java\javapath;C:\WINDOWS;C:\WINDOWS\System32\Wbem;C:\WINDOWS\System32\WindowsPowerShell\v1.0\;C:\WINDOWS\System32\OpenSSH\;C:\Users\aina2\AppData\Local\Microsoft\WindowsApps;C:\Users\aina2\AppData\Local\atom\bin;%USERPROFILE%\AppData\Local\Microsoft\WindowsApps;
USERNAME=aina2
OS=Windows_NT
PROCESSOR_IDENTIFIER=Intel64 Family 6 Model 142 Stepping 12, GenuineIntel



---------------  S Y S T E M  ---------------

OS:
 Windows 11 , 64 bit Build 22000 (10.0.22000.708)
OS uptime: 16 days 1:57 hours
Hyper-V role detected

CPU: total 8 (initial active 8) (4 cores per cpu, 2 threads per core) family 6 model 142 stepping 12 microcode 0xea, cx8, cmov, fxsr, ht, mmx, 3dnowpref, sse, sse2, sse3, ssse3, sse4.1, sse4.2, popcnt, lzcnt, tsc, tscinvbit, avx, avx2, aes, erms, clmul, bmi1, bmi2, adx, fma, vzeroupper, clflush, clflushopt, hv

Memory: 4k page, system-wide physical 7991M (1589M free)
TotalPageFile size 14340M (AvailPageFile size 5142M)
current process WorkingSet (physical memory assigned to process): 64M, peak: 67M
current process commit charge ("private bytes"): 221M, peak: 223M

vm_info: Java HotSpot(TM) 64-Bit Server VM (17.0.2+8-LTS-86) for windows-amd64 JRE (17.0.2+8-LTS-86), built on Dec  7 2021 21:51:03 by "mach5one" with MS VC++ 16.8 / 16.9 (VS2019)

END.
